starting worker for localhost:11790 
Type: EXEC 
Type: EXEC 
Type: EXEC 

Init search space:Order=0; remaining edges:56
x= 1  y= 2  S=  : pval = 0.003695438x=x= 1  y= 3  S=  : pval = 0.3026963 x= 1  y= 4  S=  : pval = 0.3902167 
x= 1  y= 5  S=  : pval = 0.05432468 
x= 1  y= 6  S=  : pval = 0.461609 
x= 1  y= 7  S=  : pval = 0.7843885 
x= 1  y= 8  S=  : pval = 0.2861673 
x= 2  y= 3  S=  : pval = 0.4070178 
x= 2  y= 4  S=  : pval = 0.2226718 
x= 2  y= 5  S=  : pval = 0.2244329 
x= 2  y= 6  S=  : pval = 2.310662e-14 
x= 2  y= 7  S=  : pval = 1.136302e-11 
x= 2  y= 8  S=  : pval = 0.2143695 
x= 3  y= 4  S=  : pval = 7.711174e-15 
x= 3  y= 5  S=  : pval = 1.687647e-27 
x= 3  y= 6  S=  : pval = 1.343739e-13 
x= 3  y= 7  S=  : pval = 1.371733e-07 
x= 3  y= 8  S=  : pval = 4.410534e-17 
x= 4  y= 3  S=  : pval = 7.711174e-15 
x= 4  y= 5  S=  : pval = 0.03032039 
x= 4  y= 6  S=  : pval = 6.103802e-93 
x= 4  y= 7  S=  : pval = 7.9491e-62 
x= 4  y= 8  S=  : pval = 9.882225e-15 
x= 5  y= 3  S=  : pval = 1.687647e-27 
x= 5  y= 4  S=  : pval = 0.03032039 
x= 5  y= 6  S=  : pval = 0.01267988 
x= 5  y= 7  S=  : pval = 0.1410199 
x= 5  y= 8  S=  : pval = 4.495028e-118 
x= 6  y= 2  S=  : pval = 2.310662e-14 
x= 6  y= 3  S=  : pval = 1.343739e-13 
x= 6  y= 4  S=  : pval = 6.103802e-93 
x= 6  y= 5  S=  : pval = 0.01267988 
x= 6  y= 7  S=  : pval = 7.207582e-75 
x= 6  y= 8  S=  : pval = 2.608081e-14 
x= 7  y= 2  S=  : pval = 1.136302e-11 
x= 7  y= 3  S=  : pval = 1.371733e-07 
x= 7  y= 4  S=  : pval = 7.9491e-62 
x= 7  y= 6  S=  : pval = 7.207582e-75 
x= 7  y= 8  S=  : pval = 7.546502e-09 
x= 8  y= 3  S=  : pval = 4.410534e-17 
x= 8  y= 4  S=  : pval = 9.882225e-15 
x= 8  y= 5  S=  : pval = 4.495028e-118 
x= 8  y= 6  S=  : pval = 2.608081e-14 
x= 8  y= 7  S=  : pval = 7.546502e-09 
Order=1; remaining edges:32
x= 2  y= 6  S= 7 : pval = 0.001657915 
x= 2  y= 7  S= 6 : pval = 0.7281617 
x= 3  y= 4  S= 5 : pval = 2.108773e-13 
x= 3  y= 4  S= 6 : pval = 0.0355545 
x= 3  y= 4  S= 7 : pval = 5.749489e-08 
x= 3  y= 4  S= 8 : pval = 1.544004e-09 
x= 3  y= 5  S= 4 : pval = 6.402869e-26 
x= 3  y= 5  S= 6 : pval = 2.575549e-25
Expand search space using BiDAG::iterativeMCMC:maximum parent set size is 1 
core space defined, score table are being computed 
score tables completed, iterative MCMC is running 
search space expansion 2 
search space expansion 3 
search space expansion 4 

Sample DAGs using BiDAG::sampleBN:
maximum parent set size is 4 
core space defined, score table are being computed 
score tables comput
Save results to:  ./inst/
Save results to:  ./inst/simulations/ldags/MCMCchains/asia_pcskel_ldag_order_ess1_epf2_reg1_N100_r01.rds
Runtime
Time difference of 10.05612 secs
Type: EXEC 

Init search space:Order=0; remaining edges:56
x= 1  y= 2  S=  : pval = 0.8402909 
x= 1  y= 3  S=  : pval = 0.8180251 
x= 1  y= 4  S=  : pval = 0.6170114 
x= 1  y= 5  S=  : pval = 0.795398 
x= 1  y= 6  S=  : pval = 0.5880907 
x= 1  y= 7  S=  : pval = 0.5139829 
x= 1  y= 8  S=  : pval = 0.0535522 
x= 2  y= 3  S=  : pval = 0.1860065 
x= 2  y= 4  S=  : pval = 0.7243174 
x= 2  y= 5  S=  : pval = 0.3026963 
x= 2  y= 6  S=  : pval = 0.01947137 
x= 2  y= 7  S=  : pval = 0.03018636 
x= 2  y= 8  S=  : pval = 0.1740443 
x= 3  y= 4  S=  : pval = 0.0009392071 
x= 3  y= 5  S=  : pval = 0.01714737 
x= 3  y= 6  S=  : pval = 0.0003319973 
x= 3  y= 7  S=  : pval = 0.009552406 
x= 3  y= 8  S=  : pval = 0.03149834 
x= 4  y= 3  S=  : pval = 0.0009392071 
x= 4  y= 5  S=  : pval = 0.6464058 
x= 4  y= 6  S=  : pval = 3.03513e-10 
x= 4  y= 7  S=  : pval = 5.833422e-06 
x= 4  y= 8  S=  : pval = 0.1738419 
x= 5  y= 3  S=  : pval = 0.01714737 
x= 5  y= 6  S=  : pval = 0.9176566 
x= 5  y= 7  S=  : pval = 0.9459045 
x= 5  y= 8  S=  : pval = 2.399175e-11 
x= 6  y= 2  S=  : pval = 0.01947137 
x= 6  y= 3  S=  : pval = 0.0003319973 
x= 6  y= 4  S=  : pval = 3.03513e-10 
x= 6  y= 7  S=  : pval = 2.954706e-07 
x= 6  y= 8  S=  : pval = 0.08079647 
x= 7  y= 2  S=  : pval = 0.03018636 
x= 7  y= 3  S=  : pval = 0.009552406 
x= 7  y= 4  S=  : pval = 5.833422e-06 
x= 7  y= 6  S=  : pval = 2.954706e-07 
x= 7  y= 8  S=  : pval = 0.1787166 
x= 8  y= 3  S=  : pval = 0.03149834 
x= 8  y= 5  S=  : pval = 2.399175e-11 
Order=1; remaining edges:22
x= 2  y= 6  S= 7 : pval = 0.5784157 
x= 2  y= 7  S= 6 : pval = 0.8458215 
x= 3  y= 4  S= 5 : pval = 0.004523123 
x= 3  y= 4  S= 6 : pval = 1 
x= 3  y= 5  S= 4 : pval = 0.06283147 
x= 3  y= 6  S= 4 : pval = 0.3796684 
x= 3  y= 7  S= 4 : pval = 0.6016484 
x= 3  y= 8  S= 4 : pval = 0.1863349 
x= 4  y= 6  S= 3 : pval = 5.835877e-07 
x= 4  y= 6  S= 7 : pval = 5.992972e-05 
x= 4  y= 7  S= 3 : pval = 0.0005986274 
x= 4  y= 7  S= 6 : pval = 0.8458215 
x= 5  y= 8  S= 3 : pval = 1.42589e-09 
x= 6  y= 4  S= 2 : pval = 1.478895e-10 
x= 6  y= 4  S= 3 : pval = 5.835877e-07 
x= 6  y= 4  S= 7 : pval = 5.992972e-05 
x= 6  y= 7  S= 2 : pval = 1.74239e-05 
x= 6  y= 7  S= 3 : pval = 4.950775e-05 
x= 6  y= 7  S= 4 : pval = 0
Save results to:  ./inst/simulations/ldags/MCMCchains/asia_pcskel_ldag_order_ess1_epf2_reg1_N1000_r01.rds
Runtime
Time difference of 10.19915 secs
Type: EXEC 

Init search space:Order=0; remaining edges:56
x= 1  y= 2  S=  : pval = 0.8402909 
x= 1  y= 3  S=  : pval = 0.8180251 
x= 1  y= 4  S=  : pval = 0.6170114 
x= 1  y= 5  S=  : pval = 0.795398 
x= 1  y= 6  S=  : pval = search space expansion 2 
search space expansion 3 
search space expansion 4 
search space expansion 5 

Sample DAGs using BiDAG::sampleBN:
maximum parent set size is 5 
core space defined, score table are being computed 
score tables computed, orderMCMC is running 

Save results to:  ./inst/simulations/ldags/MCMCchains/asia_pcskel_ldag_order_ess1_epf2_reg1_N100_r02.rds
Runtime
Time difference of 9.975806 secs
Type: EXEC 

Init search space:Order=0; remaining edges:56
x= 1  y= 2  S=  : pval = 0.04341173 
x= 1  y= 3  S=  : pval = 0.4571958 
x= 1  y= 4  S=  : pval = 0.2015822 
x= 1  y= 5  S=  : pval = 0.7803387 
x= 1  y= 6  S=  : pval = 0.03080837 
x= 1  y= 7  S=  : pval = 0.1796083 
x= 1  y= 8  S=  : pval = 0.06484731 
x= 2  y= 1  S=  : pval = 0.04341173 
x= 2  y= 3  S=  : pval = 0.5254341 
x= 2  y= 4  S=  : pval = 0.2289932 
x= 2  y= 5  S=  : pval = 0.578995 
x= 2  y= 6  S=  : pval = 1.307555e-140 
x= 2  y= 7  S=  : pval = 1.167758e-107 
x= 2  y= 8  S=  : pval = 9.259011e-16 
x= 3  y= 4  S=  : pval = 2.820859e-87 
x= 3  y= 5  S=  : pval = 1.134051e-222 
x= 3  y= 6  S=  : pval = 1.029125e-70 
x= 3  y= 7  S=  : pval = 6.24735e-35 
x= 3  y= 8  S=  : pval = 1.241668e-125 
x= 4  y= 3  S=  : pval = 2.820859e-87 
x= 4  y= 5  S=  : pval = 2.269349e-10 
x= 4  y= 6  S=  : pval = 0 
x= 4  y= 7  S=  : pval = 0 
x= 4  y= 8  S=  : pval = 1.027615e-80 
x= 5  y= 3  S=  : pval = 1.134051e-222 
x= 5  y= 4  S=  : pval = 2.269349e-10 
x= 5  y= 6  S=  : pval = 8.699142e-08 
x= 5  y= 7  S=  : pval = 2.186146e-05 
x= 5  y= 8  S=  : pval = 0 
x= 6  y= 1  S=  : pval = 0.03080837 
x= 6  y= 2  S=  : pval = 1.307555e-140 
x= 6  y= 3  S=  : pval = 1.029125e-70 
x= 6  y= 4  S=  : pval = 0 
x= 6  y= 5  S=  : pval = 8.699142e-08 
x= 6  y= 7  S=  : pval = 0 
x= 6  y= 8  S=  : pval = 1.126796e-93 
x= 7  y= 2  S=  : pval = 1.167758e-107 
x= 7  y= 3  S=  : pval = 6.24735e-35 
x= 7  y= 4  S=  : pval = 0 
x= 7  y= 5  S=  : pval = 2.186146e-05 
x= 7  y= 6  S=  : pval = 0 
x= 7  y= 8  S=  : pval = 3.441857e-48 
x= 8  y= 2  S=  : pval = 9.259011e-16 
x= 8  y= 3  S=  : pval = 1.241668e-125 
x= 8  y= 4  S=  : pval = 1.027615e-80 
x= 8  y= 5  S=  : pval = 0 
x= 8  y= 6  S=  : pval = 1.126796e-93 
x= 8  y= 7  S=  : pval = 3.441857e-48 
Order=1; remaining edges:40
x= 1  y= 2  S= 6 : pval = 0.5071516 
x= 1  y= 6  S= 2 : pval = 0.3786657 
x= 2  y= 6  S= 1 : pval = 1.615505e-138 
x= 2  y= 6  S= 7 : pval = 1.019615e-33 
x= 2  y= 6  S= 8 : pval = 3.937322e-125 
x= 2  y= 7  S= 1 : pval = 6.02884e-106 
x= 2  y= 7  S= 6 : pval = 0.7954364 
x= 2  y= 8  S= 1 : pval = 6.672062e-15 
x= 2  y= 8  S= 6 : pval = 0.899501 
x= 3  y= 4  S= 5 : pval = 3.863473e-78 
x= 3  y= 4  S= 6 : pval = 2.785554e-17 
x= 3  y= 4  S= 7 : pval = 6.445735e-53 
x= 3  y= 4  S= 8 : pval = 3.518451e-58 
x= 3  y= 5  S= 4 : pval = 2.494616e-213 
x= 3  y= 5  S= 6 : pval = 5.463363e-216 
x= 3  y= 5  S= 7 : pval = 2.648e-217 
x= 3  y= 5  S= 8 : pval = 6.349224e-100 
x= 3  y= 6  S= 4 : pval = 0.9129396 
x= 3  y= 7  S= 4 : pval = 0.8923489 
x= 3  y= 8  S= 4 : pval = 1.863134e-96 
x= 3  y= 8  S= 5 : pval = 0.005206996 
x= 3  y= 8  S= 6 : pval = 1.424528e-96 
x= 3  y= 8  S= 7 : pval = 1.875477e-111 
x= 4  y= 3  S= 5 : pval = 3.863473e-78 
x= 4  y= 3  S= 6 : pval = 2.785554e-17 
x= 4  y= 3  S= 7 : pval = 6.445735e-53 
x= 4  y= 3  S= 8 : pval = 3.518451e-58 
x= 4  y= 5  S= 3 : pval = 0.1016459 
x= 4  y= 6  S= 3 : pval = 0 
x= 4  y= 6  S= 5 : pval = 0 
x= 4  y= 6  S= 7 : pval = 3.604563e-244 
x= 4  y= 6  S= 8 : pval = 0 
x= 4  y= 7  S= 3 : pval = 0 
x= 4  y= 7  S= 5 : pval = 0 
x= 4  y= 7  S= 6 : pval = 0.8707988 
x= 4  y= 8  S= 3 : pval = 1.231764e-51 
x= 4  y= 8  S= 5 : pval = 1.059682e-99 
x= 4  y= 8  S= 6 : pval = 0.6553498 
x= 5  y= 3  S= 4 : pval = 2.494616e-213 
x= 5  y= 3  S= 6 : pval = 5.463363e-216 
x= 5  y= 3  S= 7 : pval = 2.648e-217 
x= 5  y= 3  S= 8 : pval = 6.349224e-100 
x= 5  y= 6  S= 3 : pval = 0.07265111 
x= 5  y= 7  S= 3 : pval = 0.7139484 
x= 5  y= 8  S= 3 : pval = 0 
x= 5  y= 8  S= 4 : pval = 0 
x= 5  y= 8  S= 6 : pval = 0 
x= 5  y= 8  S= 7 : pval = 0 
x= 6  y= 2  S= 1 : pval = 1.615505e-138 
x= 6  y= 2  S= 3 : pval = 2.356691e-154 
x= 6  y= 2  S= 4 : pval = 1.903294e-247 
x= 6  y= 2  S= 5 : pval = 5.327683e-141 
x= 6  y= 2  S= 7 : pval = 1.019615e-33 
x= 6  y= 2  S= 8 : pval = 3.937322e-125 
x= 6  y= 4  S= 1 : pval = 0 
x= 6  y= 4  S= 2 : pval = 0 
x= 6  y= 4  S= 3 : pval = 0 
x= 6  y= 4  S= 5 : pval = 0 
x= 6  y= 4  S= 7 : pval = 3.604563e-244 
x= 6  y= 4  S= 8 : pval = 0 
x= 6  y= 7  S= 1 : pval = 0 
x= 6  y= 7  S= 2 : pval = 0 
x= 6  y= 7  S= 3 : pval = 0 
x= 6  y= 7  S= 4 : pval = 1.91275e-126 
x= 6  y= 7  S= 5 : pval = 0 
x= 6  y= 7  S= 8 : pval = 0 
x= 6  y= 8  S= 1 : pval = 7.164955e-93 
x= 6  y= 8  S= 2 : pval = 2.761775e-78 
x= 6  y= 8  S= 3 : pval = 1.11394e-64 
x= 6  y= 8  S= 4 : pval = 7.751406e-14 
x= 6  y= 8  S= 5 : pval = 6.660442e-130 
x= 6  y= 8  S= 7 : pval = 2.107092e-46 
x= 7  y= 6  S= 2 : pval = 0 
x= 7  y= 6  S= 3 : pval = 0 
x= 7  y= 6  S= 4 : pval = 1.91275e-126 
x= 7  y= 6  S= 5 : pval = 0 
x= 7  y= 6  S= 8 : pval = 0 
x= 7  y= 8  S= 2 : pval = 1.15996e-36 
x= 7  y= 8  S= 3 : pval = 3.189798e-34 
x= 7  y= 8  S= 4 : pval = 0.007477882 
x= 7  y= 8  S= 5 : pval = 1.300924e-73 
x= 7  y= 8  S= 6 : pval = 0.4582941 
x= 8  y= 3  S= 2 : pval = 1.921179e-124 
x= 8  y= 3  S= 4 : pval = 1.863134e-96 
x= 8  y= 3  S= 5 : pval = 0.005206996 
x= 8  y= 3  S= 6 : pval = 1.424528e-96 
x= 8  y= 3  S= 7 : pval = 1.875477e-111 
x= 8  y= 5  S= 2 : pval = 0 
x= 8  y= 5  S= 3 : pval = 0 
x= 8  y= 5  S= 4 : pval = 0 
x= 8  y= 5  S= 6 : pval = 0 
x= 8  y= 5  S= 7 : pval = 0 
x= 8  y= 6  S= 2 : pval = 2.761775e-78 
x= 8  y= 6  S= 3 : pval = 1.11394e-64 
x= 8  y= 6  S= 4 : pval = 7.751406e-14 
x= 8  y= 6  S= 5 : pval = 6.660442e-130 
x= 8  y= 6  S= 7 : pval = 2.107092e-46 
Order=2; remaining edges:16
x= 3  y= 4  S= 5 8 : pval = 2.016455e-76 
x= 3  y= 5  S= 4 8 : pval = 5.576593e-118 
x= 3  y= 8  S= 4 5 : pval = 0.01129059 
x= 6  y= 2  S= 4 7 : pval = 2.782355e-119 
x= 6  y= 2  S= 4 8 : pval = 1.323241e-231 
x= 6  y= 2  S= 7 8 : pval = 1.546043e-28 
x= 6  y= 4  S= 2 7 :search space expansion
Savsearch space expansion 6 

Sample DAGs using BiDAG::sampleBN:
maximum parent set size is 5 
core space defined, score table are being computed 
score tables computed, orderMCMC is running 

Save results to:  ./inst/simulations/ldags/MCMCchains/asia_pcskel_ldag_order_ess1_epf2_reg1_N1000_r02.rds
Runtime
Time difference of 13.27999 secs
Type: EXEC 

Init search space:Order=0; remaining edges:56
x= 1  y= 2  S=  : pval = 0.5944762 
x= 1  y= 3  S=  : pval = 0.3578354 
x= 1  y= 4  S=  : pval = 0.1652195 
x= 1  y= 5  S=  : pval = 0.639263 
x= 1  y= 6  S=  : pval = 0.1353986 
x= 1  y= 7  S=  : pval = 0.8052599 
x= 1  y= 8  S=  : pval = 0.9852533 
x= 2  y= 3  S=  : pval = 0.2495834 
x= 2  y= 4  S=  : pval = 0.2413498 
x= 2  y= 5  S=  : pval = 0.5997087 
x= 2  y= 6  S=  : pval = 3.659828e-13 
x= 2  y= 7  S=  : pval = 5.504392e-11 
x= 2  y= 8  S=  : pval = 0.001683227 
x= 3  y= 4  S=  : pval = 1.721415e-13 
x= 3  y= 5  S=  : pval = 3.514573e-25 
x= 3  y= 6  S=  : pval = 4.191208e-13 
x= 3  y= 7  S=  : pval = 9.47222e-09 
x= 3  y= 8  S=  : pval = 1.828218e-18 
x= 4  y= 3  S=  : pval = 1.721415e-13 
x= 4  y= 5  S=  : pval = 0.5347601 
x= 4  y= 6  S=  : pval = 6.783519e-95 
x= 4  y= 7  S=  : pval = 1.775647e-71 
x= 4  y= 8  S=  : pval = 4.848291e-09 
x= 5  y= 3  S=  : pval = 3.514573e-25 
x= 5  y= 6  S=  : pval = 0.4359807 
x= 5  y= 7  S=  : pval = 0.2882466 
x= 5  y= 8  S=  : pval = 2.917963e-106 
x= 6  y= 2  S=  : pval = 3.659828e-13 
x= 6  y= 3  S=  : pval = 4.191208e-13 
x= 6  y= 4  S=  : pval = 6.783519e-95 
x= 6  y= 7  S=  : pval = 3.276283e-84 
x= 6  y= 8  S=  : pval = 3.104086e-11 
x= 7  y= 2  S=  : pval = 5.504392e-11 
x= 7  y= 3  S=  : pval = 9.47222e-09 
x= 7  y= 4  S=  : pval = 1.775647e-71 
x= 7  y= 6  S=  : pval = 3.276283e-84 
x= 7  y= 8  S=  : pval = 5.360686e-09 
x= 8  y= 2  S=  : pval = 0.001683227 
x= 8  y= 3  S=  : pval = 1.828218e-18 
x= 8  y= 4  S=  : pval = 4.848291e-09 
x= 8  y= 5  S=  : pval = 2.917963e-106 
x= 8  y= 6  S=  : pval = 3.104086e-11 
x= 8  y= 7  S=  : pval = 5.360686e-09 
Order=1; remaining edges:30
x= 2  y= 6  S= 7 : pval = 0.007340981 
x= 2  y= 6  S= 8 : pval = 2.888503e-10 
x= 2  y= 7  S= 6 : pval = 1 
x= 2  y= 8  S= 6 : pval = 0.6129584 
x= 3  y= 4  S= 5 : pval = 5.301631e-13 
x= 3  y= 4  S= 6 : pval = 0.1723347 
x= 3  y= 5  S= 4 : pval = 1.509839e-24 
x= 3  y= 5  S= 6 : pval = 1.960972e-24 
x= 3  y= 5  S= 7 : pval = 1.635004e-25 
x= 3  y= 5  S= 8 : pval = 6.134797e-09 
x= 3  y= 6  S= 4 : pval = 0.4130139 
x= 3  y= 7  S= 4 : pval = 0.5627397 
x= 3  y= 8  S= 4 : pval = 4.248974e-15 
x= 3  y= 8  S= 5 : pval = 0.02708397 
x= 3  y= 8  S= 6 : pval = 5.229927e-14 
x= 3  y= 8  S= 7 : pval = 6.016962esearch space expansion 4 

Sample DAGs using BiDAG::sampleBN:
maximum parent set size is 4 
core space defined, score table are being computed 
score tables computed, orderMCMC is running 

Save results to:  ./inst/simulations/ldags/MCMCchains/asia_pcskel_ldag_order_ess1_epf2_reg1_N100_r03.rds
Runtime
Time difference of 8.257056 secs
Type: EXEC 

Init search space:Order=0; remaining edges:56
x= 1  y= 2  S=  : pval = 1.209965e-05 
x= 1  y= 3  S=  : pval = 0.8422228 
x= 1  y= 4  S=  : pval = 0.9319254 
x= 1  y= 5  S=  : pval = 0.7646768 
x= 1  y= 6  S=  : pval = 0.02113567 
x= 1  y= 7  S=  : pval = 0.1048652 
x= 1  y= 8  S=  : pval = 0.2106202 
x= 2  y= 1  S=  : pval = 1.209965e-05 
x= 2  y= 3  S=  : pval = 0.3316879 
x= 2  y= 4  S=  : pval = 0.6194854 
x= 2  y= 5  S=  : pval = 0.08817375 
x= 2  y= 6  S=  : pval = 1.106202e-106 
x= 2  y= 7  S=  : pval = 4.89176e-83 
x= 2  y= 8  S=  : pval = 8.452284e-13 
x= 3  y= 4  S=  : pval = 1.13666e-90 
x= 3  y= 5  S=  : pval = 1.872166e-221 
x= 3  y= 6  S=  : pval = 1.584876e-79 
x= 3  y= 7  S=  : pval = 1.144334e-35 
x= 3  y= 8  S=  : pval = 1.915846e-131 
x= 4  y= 3  S=  : pval = 1.13666e-90 
x= 4  y= 5  S=  : pval = 1.966911e-11 
x= 4  y= 6  S=  : pval = 0 
x= 4  y= 7  S=  : pval = 0 
x= 4  y= 8  S=  : pval = 1.943677e-83 
x= 5  y= 3  S=  : pval = 1.872166e-221 
x= 5  y= 4  S=  : pval = 1.966911e-11 
x= 5  y= 6  S=  : pval = 7.712054e-12 
x= 5  y= 7  S=  : pval = 4.178622e-09 
x= 5  y= 8  S=  : pval = 0 
x= 6  y= 1  S=  : pval = 0.02113567 
x= 6  y= 2  S=  : pval = 1.106202e-106 
x= 6  y= 3  S=  : pval = 1.584876e-79 
x= 6  y= 4  S=  : pval = 0 
x= 6  y= 5  S=  : pval = 7.712054e-12 
x= 6  y= 7  S=  : pval = 0 
x= 6  y= 8  S=  : pval = 5.647306e-95 
x= 7  y= 2  S=  : pval = 4.89176e-83 
x= 7  y= 3  S=  : pval = 1.144334e-35 
x= 7  y= 4  S=  : pval = 0 
x= 7  y= 5  S=  : pval = 4.178622e-09 
x= 7  y= 6  S=  : pval = 0 
x= 7  y= 8  S=  : pval = 4.56681e-58 
x= 8  y= 2  S=  : pval = 8.452284e-13 
x= 8  y= 3  S=  : pval = 1.915846e-131 
x= 8  y= 4  S=  : pval = 1.943677e-83 
x= 8  y= 5  S=  : pval = 0 
x= 8  y= 6  S=  : pval = 5.647306e-95 
x= 8  y= 7  S=  : pval = 4.56681e-58 
Order=1; remaining edges:40
x= 1  y= 2  S= 6 : pval = 0.000986485 
x= 1  y= 6  S= 2 : pval = 0.9946117 
x= 2  y= 1  S= 6 : pval = 0.000986485 
x= 2  y= 1  S= 7 : pval = 0.0002339696 
x= 2  y= 1  S= 8 : pval = 7.796373e-05 
x= 2  y= 6  S= 1 : pval = 4.324354e-104 
x= 2  y= 6  S= 7 : pval = 2.563459e-24 
x= 2  y= 6  S= 8 : pval = 3.872324e-94 
x= 2  y= 7  S= 1 : pval = 3.993307e-81 
x= 2  y= 7  search space expansion 4 

Sample DAGs using BiDAG::sampleBN:
maximum parent set size is 4 
core space defined, score table are being computed 
score tables computed, orderMCMC is running 

Save results to:  ./inst/simulations/ldags/MCMCchains/asia_pcskel_tree_order_ess1_epf2_reg1_N1000_r03.rds
Runtime
Time difference of 8.419189 secs
Type: EXEC 

Init search space:Order=0; remaining edges:56
x= 1  y= 2  S=  : pval = 0.003695438 
x= 1  y= 3  S=  : pval = 0.2510997 
x= 1  y= 4  S=  : pval = 0.7243174 
x= 1  y= 5  S=  : pval = 0.2441636 
x= 1  y= 6  S=  : pval = 0.02295398 
x= 1  y= 7  S=  : pval = 0.04967468 

Save results to:  ./inst/simulations/ldags/MCMCchains/asia_pcskel_ldag_order_ess1_epf2_reg1_N1000_r03.rds
Runtime
Time difference of 10.49722 secs
Type: EXEC 

Init search space:Order=0; remaining edges:56
x= 1  y= 2  S=  : pval = 0.6878202 
x= 1  y= 3  S=  : pval = 0.1685179 
x= 1  y= 4  S=  : pval = 0.602171 
x= 1  y= 5  S=  : pval = 0.6316329 
x= 1  y= 6  S=  : pval = 0.6841804 
x= 1  y= 7  S=  : pval = 0.8943658 
x= 1  y= 8  S=  : pval = 0.7291917 
x= 2  y= 3  S=  : pval = 0.01964149 
x= 2  y= 4  S=  : pval = 0.3271963 
x= 2  y= 5  S=  : pval = 0.1889508 
x= 2  y= 6  S=  : pval = 2.62692e-11 
x= 2  y= 7  S=  : pval = 2.682196e-09 
x= 2  y= 8  S=  : pval = 0.3297197 
x= 3  y= 2  S=  : pval = 0.01964149 
x= 3  y= 4  S=  : pval = 1.250762e-10 
x= 3  y= 5  S=  : pval = 1.586312e-18 
x= 3  y= 6  S=  : pval = 4.730475e-07 
x= 3  y= 7  S=  : pval = 0.0001309927 
x= 3  y= 8  S=  : pval = 4.682379e-13 
x= 4  y= 3  S=  : pval = 1.250762e-10 
x= 4  y= 5  S=  : pval = 0.08044021 
x= 4  y= 6  S=  : pval = 1.057229e-87 
x= 4  y= 7  S=  : pval = 8.229412e-61 
x= 4  y= 8  S=  : pval = 1.448355e-09 
x= 5  y= 3  S=  : pval = 1.586312e-18 
x= 5  y= 6  S=  : pval = 0.2359246 
x= 5  y= 7  S=  : pval = 0.03893924 
x= 5  y= 8  S=  : pval = 1.78347e-121 
x= 6  y= 2  S=  : pval = 2.62692e-11 
x= 6  y= 3  S=  : pval = 4.730475e-07 
x= 6  y= 4  S=  : pval = 1.057229e-87 
x= 6  y= 7  S=  : pval = 7.674391e-71 
x= 6  y= 8  S=  : pval = 1.742295e-09 
x= 7  y= 2  S=  : pval = 2.682196e-09 
x= 7  y= 3  S=  : pval = 0.0001309927 
x= 7  y= 4  S=  : pval = 8.229412e-61 
x= 7  y= 5  S=  : pval = 0.03893924 
x= 7  y= 6  S=  : pval = 7.674391e-71 
x= 7  y= 8  S=  : pval = 6.756989e-07 
x= 8  y= 3  S=  : pval = 4.682379e-13 
x= 8  y= 4  S=  : pval = 1.448355e-09 
x= 8  y= 5  S=  : pval = 1.78347e-121 
x= 8  y= 6  S=  : pval = 1.742295e-09 
x= 8  y= 7  S=  : pval = 6.756989e-07 
Order=1; remaining edges:32
x= 2  y= 3  S= 6 : pval = 2.915821e-05 
x= 2  y= 3  S= 7 : pval = 0.002960376 
x= 2  y= 6  S= 3 : pval = 9.941513e-14 
x= 2  y= 6  S= 7 : pval = 0.009583269 
x= 2  y= 7  S= 3 : pval = 9.24592e-10 
x= 2  y= 7  S= 6 : pval = 0.8778601 
x= 3  y= 2  S= 4 : pval = 0.0874996 
x= 3  y= 4  S= 2 : pval = 1.372837e-09 
x= 3  y= 4  S= 5 : pval = 2.861606e-09 
x= 3  y= 4  S= 6 : pval = 2.915821e-05 
x= 3  y= 4  S= 7 : pval = 1.173606e-07 
x= 3  y= 4  S= 8 : pval = 3.62468e-07 
x= 3  y= 5  S= 2 : pval = 1.306514e-17 
x= 3  y= 5  S= 4 : pval = 4.904579e-17 
x= 3  y= 5  S= 6 : pval = 1.038372e-17 
x= 3  y= 5  S= 7 : pval = 8.3643e-17 
x= 3  y= 5  S= 8 : pval = 2.155532e-07 
x= 3  y= 6  S= 2 : pval = 1.372837e-09 
x= 3  y= 6  S= 4 : pval = 0.0874996 
x= 3  y= 7  S= 2 : pval = 2.99967e-05 
x= 3  y= 7  S= 4 : pval = 0.07579423 
x= 3  y= 8  S= 2 : pval = 1.739297e-12 
x= 3  y= 8  S= 4 : pval = 1.518961e-09 
x= 3  y= 8  S= 5 : pval = 0.05270348 
x= 4  y= 3  S= 6 : pval = 2.915821e-05 
x= 4  y= 3  S= 7 : pval = 1.173606e-07 
x= 4  y= 3  S= 8 : pval = 3.62468e-07 
x= 4  y= 6  S= 3 : pval = 7.452724e-82 
x= 4  y= 6  S= 7 : pval = 1.359379e-27 
x= 4  y= 6  S= 8 : pval = 1.059321e-78 
x= 4  y= 7  S= 3 : pval = 1.937141e-57 
x= 4  y= 7  S= 6 : pval = 0.8778601 
x= 4  y= 8  S= 3 : pval = 3.958508e-06 
x= 4  y= 8  S= 6 : pval = 0.4526216 
x= 5  y= 3  S= 7 : pval = 8.3643e-17 
x= 5  y= 3  S= 8 : pval = 2.155532e-07 
x= 5  y= 7  S= 3 : pvsearch space expansion 2 
search space expansion 3 

Sample DAGs using BiDAG::sampleBN:
maximum parent set size is 4 
core space defined, score table are being computed 
score tables computed, orderMCMC is running 

Save results to:  ./inst/simulations/ldags/MCMCchains/asia_pcskel_tree_order_ess1_epf2_reg1_N100_r04.rds
Runtime
Time difference of 6.776774 secs
Type: EXEC 

Init search space:Order=0; remaining edges:56
x= 1  y= 2  S=  : pval = 0.8045626 
x= 1  y= 3  S=  : pval = 0.07702402 
x= 1  y= 4  S=  : pval = 0.725706 
x= 1  y= 5  S=  : pval = 0.7019685 
x= 1  y= 6  S=  : pval = 0.725706 
x= 1  y= 7  S=  : pval = 0.5391494 
x= 1  y= 8  S=  : pval = 0.5082823 
x= 2  y= 3  S=  : pval = 0.31054 
x= 2  y= 4  S=  : pval = 0.003695438 
x= 2  y= 5  S=  : pval = 0.2799015 
x= 2  y= 6  S=  : pval = 0.003695438 
x= 2  y= 7  S=  : pval = 0.01608487 
x= 2  y= 8  S=  : pval = 0.2239492 
x= 3  y= 4  S=  : pval = 0.1501769 
x= 3  y= 5  S=  : pval = 0.008319721 
x= 3  y= 6  S=  : pval = 0.1501769 
x= 3  y= 7  S=  : pval = 0.60949 
x= 3  y= 8  S=  : pval = 0.08494377 
x= 4  y= 2  S=  : pval = 0.003695438 
x= 4  y= 5  S=  : pval = 0.1251787 
x= 4  y= 6  S=  : pval = 9.507911e-06 
x= 4  y= 7  S=  : pval = 0.0005407402 
x= 4  y= 8  S=  : pval = 0.08429288 
x= 5  y= 3  S=  : pval = 0.008319721 
x= 5  y= 6  S=  : pval = 0.1251787 
x= 5  y= 7  S=  : pval = 0.2489824 
x= 5  y= 8  S=  : pval = 2.62776e-13 
x= 6  y= 2  S=  : pval = 0.003695438 
x= 6  y= 4  S=  : pval = 9.507911e-06 
x= 6  y= 7  S=  : pval = 0.0005407402 
x= 6  y= 8  S=  : pval = 0.08429288 
x= 7  y= 2  S=  : pval = 0.01608487 
x= 7  y= 4  S=  : pval = 0.0005407402 
x= 7  y= 6  S=  : pval = 0.0005407402 
x= 7  y= 8  S=  : pval = 0.4534114 
x
Save results to:  ./inst/simulations/ldags/MCMCchains/asia_pcskel_ldag_order_ess1_epf2_reg1_N1000_r04.rds
Runtime
Time difference of 7.408559 secs
Type: EXEC 

Init search space:Order=0; remaining edges:56
x= 1  y= 2  S=  : pval = 0.8045626 
x= 1  y= 3  S=  : pval = 0.07702402 
x= 1  y= 4  S=  : pval = 0.725706 
x= 1  y= 5  S=  : pval = 0.7019685 
x= 1  y= 6  S=  : pval = 0.725706 
x= 1  y= 7  S=  : pval = 0.5391494 
x= 1  y= 8  S=  : pval = 0.5082823 
x= 2  y= 3  S=  : pval = 0.31054 
x= 2  y= 4  S=  : pval = 0.003695438 
x= 2  y= 5  S=  : pval = 0.2799015 
x= 2  y= 6  S=  : pval = 0.003695438 
x= 2  y= 7  S=  : pval = 0.01608487 
x= 2  y= 8  S=  : pval = 0.2239492 
x= 3  y= 4  S=  : pval = 0.1501769 
x= 3  y= 5  S=  : pval = 0.008319721 
xsearch space expansion 3 

Sample DAGs using BiDAG::sampleBN:
maximum parent set size is 4 
core space defined, score table are being computed 
score tables computed, orderMCMC is running 

Save results to:  ./inst/simulations/ldags/MCMCchains/asia_pcskel_none_order_ess1_epf2_reg1_N100_r05.rds
Runtime
Time difference of 6.304902 secs
Type: EXEC 

Init search space:Order=0; remaining edges:56
x= 1  y= 2  S=  : pval = 0.7215446 
x= 1  y= 3  S=  : pval = 0.04421618 
x= 1  y= 4  S=  : pval = 0.3682006 
x= 1  y= 5  S=  : pval = 0.8625891 
x= 1  y= 6  S=  : pval = 0.3311628 
x= 1  y= 7  S=  : pval = 0.2298942 
x= 1  y= 8  S=  : pval = 0.9718377 
x= 2  y= 3  S=  : pval = 0.319138 
x= 2  y= 4  S=  : pval = 0.3073199 
x= 2  y= 5  S=  : pval = 0.00649681 
x= 2  y= 6  S=  : pval = 1.236559e-12 
x= 2  y= 7  S=  : pval = 4.045836e-10 
x= 2  y= 8  S=  : pval = 0.00319172 
x= 3  y= 1  S=  : pval = 0.04421618 
x= 3  y= 4  S=  : pval = 1.328218e-09 
x= 3  y= 5  S=  : pval = 9.927259e-28 
x= 3  y= 6  S=  : pval = 2.089543e-09 
x= 3  y= 7  S=  : pval = 0.0001016013 
x= 3  y= 8  S=  : pval = 1.654059e-21 
x= 4  y= 3  S=  : pval = 1.328218e-09 
x= 4  y= 5  S=  : pval = 0.04770193 
x= 4  y= 6  S=  : pval = 1.721986e-84 
x= 4  y= 7  S=  : pval = 2.590216e-60 
x= 4  y= 8  S=  : pval = 5.892315e-08 
x= 5  y= 2  S=  : pval = 0.00649681 
x= 5  y= 3  S=  : pval = 9.927259e-28 
x= 5  y= 4  S=  : pval = 0.04770193 
x= 5  y= 6  S=  : pval = 0.004482614 
x= 5  y= 7  S=  : pval = 0.01334193 
x= 5  y= 8  S=  : pval = 5.539438e-118 
x=
Sample DAGs using BiDAG::sampleBN:
maximum parent set size is 4 
core space defined, score table are being computed 
score tables computed, orderMCMC is running 

Save results to:  ./inst/simulations/ldags/MCMCchains/asia_pcskel_tree_order_ess1_epf2_reg1_N100_r05.rds
Runtime
Time difference of 7.324609 secs
Type: EXEC 

Init search space:Order=0; remaining edges:56
x= 1  y= 2  S=  : pval = 0.03105969 
x= 1  y= 3  S=  : pval = 0.131118 
x= 1  y= 4  S=  : pval = 0.725706 
x= 1  y= 5  S=  : pval = 0.9544128 
x= 1  y= 6  S=  : pval = 0.0770916 
x= 1  y= 7  S=  : pval = 0.1456054 
x= 1  y= 8  S=  : pval = 0.9316308 
x= 2  y= 1  S=  : pval = 0.03105969 
x= 2  y= 3  S=  : pval = 0.7280969 
x= 2  y= 4  S=  : pval = 0.6666071 
x= 2  y= 5  S=  : pval = 0.6016239 
x= 2  y= 6  S=  : pval = 1.586479e-05 
x= 2  y= 7  S=  : pval = 0.000123981 
x= 2  y= 8  S=  : pval = 0.4860872 
x= 3  y= 4  S=  : pval = 0.02275314 
x= 3  y= 5  S=  : pval = 0.009751842 
x= 3  y= 6  S=  : pval = 0.2285516 
x= 3  y= 7  S=  : pval = 0.2549677 
x= 3  y= 8  S=  : pval = 0.01867447 
x= 4  y= 3  S=  : pval = 0.02275314 
x= 4  y= 5  S=  : pval = 0.03380708 
x= 4  y= 6  S=  : pval = 1.586479e-05 
x= 4  y= 7  S=  : pval = 0.000123981 
x= 4  y= 8  S=  : pval = 0.03132759 
x= 5  y= 3  S=  : pval = 0.009751842 
x= 5  y= 4  S=  : pval = 0.03380708 
x= 5  y= 6  S=  : pval = 0.342034 
x= 5  y= 7  S=  : pval = 0.4226394 
x= 5  y= 8  S=  : pval = 5.165722e-15 
x= 6  y= 2  S=  : pval = 1.586479e-05 
x= 6  y= 4  S=  : pval = 1.586479e-05 
x= 6  y= 7  S=  : pval = 1.595606e-08 
x= 6  y= 8  S=  : pval = 0.05720358 
x= 7  y= 2  S=  : pval = 0.000123981 
x= 7  y= 4  S=  : pval = 0.000123981 
x= 7  y= 6  S=  : pval = 1.595606e-08 
x= 7  y= 8  S=  : pval = 0.1214245 
x= 8  y= 3  S=  : pval = 0.01867447 
x= 8  y= 4  S=  : pval = 0.03132759 
x= 8  y= 5  S=  : pval = 5.165722e-15 
Order=1; remaining edges:24
x= 2  y= 1  S= 6 : pval = 0.4521123 
x= 2  y= 6  S= 1 : pval = 0.0004162068 
x= 2  y= 6  S= 7 : pval = 0.1423082 
x= 2  y= 7  S= 1 : pval = 0.001691684 
x= 2  y= 7  S= 6 : pval = 1 
x= 3  y= 4  S= 5 : pval = 0.1647159 
x= 3  y= 5  S= 4 : pval = 0.07810169 
x= 3  y= 8  S= 4 : pval = 0.1312441 
x= 4  y= 5  S= 3 : pval = 0.2317437 
x= 4  y= 6  S= 3 : pval = 0.0001784416 
x= 4  y= 6  S= 5 : pval = 0.0001268305 
x= 4  y= 6  S= 7 : pval = 0.1423082 
x= 4  y= 7  S= 3 : pval = 0.001204481 
x= 4  y= 7  S= 5 : pval = 0.0008561058 
x= 4  y= 7  S= 6 : pval = 1 
x= 4  y= 8  S= 3 : pval = 0.2055052 
x= 5  y= 8  S= 3 : pval = 4.714764e-13 
x= 5  y= 8  S= 4 : pval = 3.200272e-13 
x= 6  y= 7  S= 2 : pval = 0.0001839104 
x= 6  y= 7  S= 4 : pval = 0.0001839104 
x= 7  y= 6  S= 2 : pval = 0.0001839104 
x= 7  y= 6  S= 4 : pval = 0.0001839104 
x= 8  y= 5  S= 3 : pval = 4.714764e-13 
x= 8  y= 5  S= 4 : pval = 3.200272e-13 
Order=2; remaining edges:4

Expand search space using BiDAG::iterativeMCMC:maximum parent set size is 1 
core space defined, score table are being computed 
score tables completed, iterative MCMC is running 
search space expansion 2 
search space expansion 3 

Sample DAGs using BiDAG::sampleBN:
maximum parent set size is 3 
core space defined, score table are being computed 
score tables computed, orderMCMC is running 

Save results to:  ./inst/simulations/ldags/MCMCchains/asia_pcskel_none_order_ess1_epf2_reg1_N100_r06.rds
Runtime
Time difference of 7.32107 secs
Type: EXEC 

Init search space:Order=0; remaining edges:56
x= 1  y= 2  S=  : pval = 0.6036586 
x= 1  y= 3  S=  : pval = 0.1663451 
x= 1  y= 4  S=  : pval = 0.2704657 
x= 1  y= 5  S=  : pval = 0.9648624 
x= 1  y= 6  S=  : pval = 0.3492596 
x= 1  y= 7  S=  : pval = 0.5233905 
x= 1  y= 8  S=  : pval = 0.3154146 
x= 2  y= 3  S=  : pval = 0.6082082 
x= 2  y= 4  S=  : pval = 0.4212106 
x= 2  y= 5  S=  : pval = 0.4413696 
x= 2  y= 6  S=  : pval = 7.711115e-11 
x= 2  y= 7  S=  : pval = 2.201762e-08 
x= 2  y= 8  S=  : pval = 0.01450427 
x= 3  y= 4  S=  : pval = 1.098287e-11 
x= 3  y= 5  S=  : pval = 3.252034e-24 
x= 3  y= 6  S=  : pval = 1.561561e-10 
x= 3  y= 7  S=  : pval = 0.001403835 
x= 3  y= 8  S=  : pval = 3.930491e-15 
x= 4  y= 3  S=  : pval = 1.098287e-11 
x= 4  y= 5  S=  : pval = 0.03641961 
x= 4  y= 6  S=  : pval = 7.307119e-73 
x= 4  y= 7  S=  : pval = 3.786675e-46 
x= 4  y= 8  S=  : pval = 7.842743e-09 
x= 5  y= 3  S=  : pval = 3.252034e-24 
x= 5  y= 4  S=  : pval = 0.03641961 
x= 5  y= 6  S=  : pval = 0.09425586 
x= 5  y= 7  S=  : pval = 0.2113106 
x= 5  y= 8  S=  : pval = 5.29509e-110 
x= 6  y= 2  S=  : pval = 7.711115e-11 
x= 6  y= 3  S=  : pval = 1.561561e-10 
x= 6  y= 4  S=  : pval = 7.307119e-73 
x= 6  y= 7  S=  : pval = 2.116922e-54 
x= 6  y= 8  S=  : pval = 2.884791e-10 
x= 7  y= 2  S=  : pval = 2.201762e-08 
x= 7  y= 3  S=  : pval = 0.001403835 
x= 7  y= 4  S=  : pval = 3.786675e-46 
x= 7  y= 6  S=  : pval = 2.116922e-54 
x= 7  y= 8  S=  : pval = 1.13579e-05 
x= 8  y= 2  S=  : pval = 0.01450427 
x= 8  y= 3  S=  : pval = 3.930491e-15 
x= 8  y= 4  S=  : pval = 7.842743e-09 
x= 8  y= 5  S=  : pval = 5.29509e-110 
x= 8  y= 6  S=  : pval = 2.884791e-10 
x= 8  y= 7  S=  : pval = 1.13579e-05 
Order=1; remaining edges:32
x= 2  y= 6  S= 7 : pval = 0.003493011 
x= 2  y= 6  S= 8 : pval = 1.242033e-08 
x= 2  y= 7  S= 6 : pval = 0.8640731 
x= 2  y= 8  S= 6 : pval = 0.973443 
x= 3  y= 4  S= 5 : pval = 8.307309e-10 
x= 3  y= 4  S= 6 : pval = 0.06115129 
x= 3  y= 5  S= 4 : pval = 3.635381e-22 
x= 3  y= 5  S= 6 : pval = 1.501615e-22 
x= 3  y= 5  S= 7 : pval = 3.751711e-23 
x= 3  y= 5  S= 8 : pval = 1.418691e-10 
x= 3  y= 6  S= 4 : pval = 0.8210906 
x= 3  y= 7  S= 4 : pval = 0.7029407 
x= 3  y= 8  S= 4 : pval = 1.224879e-11 
x= 3  y= 8  S= 5 : pval = 0.133522 
x= 4  y= 5  S= 3 : pval = 0.9753152 
x= 4  y= 6  S= 3 : pval = 1.062495e-62 
x= 4  y= 6  S= 5 : pval = 5.14365e-71 
x= 4  y= 6  S= 7 : pval = 2.106962e-27 
x= 4  y= 6  S= 8 : pval = 2.766942e-64 
x= 4  y= 7  S= 3 : pval = 7.844852e-43 
x= 4  y= 7  S= 5 : pval = 6.089916e-45 
x= 4  y= 7  S= 6 : pval = 0.8640731 
x= 4  y= 8  S= 3 : pval = 1.817901e-05 
x= 4  y= 8  S= 5 : pval = 6.406608e-11 
x= 4  y= 8  S= 6 : pval = 0.973443 
x= 5  y= 3  S= 4 : pval = 3.635381e-22 
x= 5  y= 3  S= 8 : pval = 1.418691e-10 
x= 5  y= 8  S= 3 : pval = 5.032764e-96 
x= 5  y= 8  S= 4 : pval = 1.627064e-111 
x= 6  y= 2  S= 3 : pval = 4.484198e-11 
x= 6  y= 2  S= 4 : pval = 1.06358e-18 
x= 6  y= 2  S= 7 : pval = 0.003493011 
x= 6  y= 2  S= 8 : pval = 1.242033e-08 
x= 6  y= 4  S= 2 : pval = 2.743236e-80 
x= 6  y= 4  S= 3 : pval = 1.062495e-62 
x= 6  y= 4  S= 7 : pval = 2.106962e-27 
x= 6  y= 4  S= 8 : pval = 2.766942e-64 
x= 6  y= 7  S= 2 : pval = 2.247767e-46 
x= 6  y= 7  S= 3 : pval = 3.622733e-51 
x= 6  y= 7  S= 4 : pval = 5.256722e-09 
x= 6  y= 7  S= 8 : pval = 4.505879e-49 
x= 6  y= 8  S= 2 : pval = 4.508982e-08 
x= 6  y= 8  S= 3 : pval = 2.91518e-07 
x= 6  y= 8  S= 4 : pval = 0.03894505 
x= 6  y= 8  S= 7 : pval = 2.541988e-05 
x= 7  y= 6  S= 2 : pval = 2.247767e-46 
x= 7  y= 6  S= 3 : pval = 3.622733e-51 
x= 7  y= 6  S= 4 : pval = 5.256722e-09 
x= 7  y= 6  S= 8 : pval = 4.505879e-49 
x= 7  y= 8  S= 2 : pval = 0.0004304692 
x= 7  y= 8  S= 3 : pval = 0.0005439887 
x= 7  y= 8  S= 4 : pval = 0.3530275 
x= 8  y= 5  S= 2 : pval = 4.53466e-110 
x= 8  y= 5  S= 3 : pval = 5.032764e-96 
x= 8  y= 5  S= 4 : pval = 1.627064e-111 
x= 8  y= 5  S= 6 : pval = 3.845178e-113 
x= 8  y= 5  S= 7 : pval = 7.566575e-111 
x= 8  y= 6  S= 2 : pval = 4.508982e-08 
x= 8  y= 6  S= 3 : pval = 2.91518e-07 
x= 8  y= 6  S= 4 : pval = 0.03894505 
x= 8  y= 6  S= 5 : pval = 6.057336e-14 
x= 8  y= 6  S= 7 : pval = 2.541988e-05 
Order=2; remaining edges:12
x= 6  y= 2  S= 4 7 : pval = 4.71851e-09 
x= 6  y= 2  S= 4 8 : pval = 1.068885e-15 
x= 6  y= 2  S= 7 8 : pval = 0.05695755 
x= 6  y= 4  S= 2 7 : pval = 9.6522e-33 
x= 6  y= 4  S= 2 8 : pval = 1.017739e-70 
x= 6  y= 4  S= 7 8 : pval = 3.523625e-22 
x= 6  y= 7  S= 2 4 : pval = 1 
x= 6  y= 8  S= 2 4 : pval = 1 
Order=3; remaining edges:6

Expand search space using BiDAG::iterativeMCMC:maximum parent set size is 2
Sample DAGs using BiDAG::sampleBN:
maximum parent setscore tables completed, iterative MCMC is running 
search space expansion 2 
search space expansion 3 
search space expansion 4 

Sample DAGs using BiDAG::sampleBN:
maximum parent set size is 4 
core space defined, score table are being computed 
score tables computed, orderMCMC is running 

Save results to:  ./inst/simulations/ldags/MCMCchains/asia_pcskel_tree_order_ess1_epf2_reg1_N1000_r06.rds
Runtime
Time difference of 8.363633 secs
Type: EXEC 

Init search space:Order=0; remaining edges:56
x= 1  y= 2  S=  : pval = 0.8869734 
x= 1  y= 3  S=  : pval = 0.1921122 
x= 1  y= 4  S=  : pval = 0.7024853 
x= 1  y= 5  S=  : pval = 0.2581389 
x= 1  y= 6  S=  : pval = 0.6822188 
x= 1  y= 7  S=  : pval = 0.03775018 
x= 1  y= 8  S=  : pval = 0.2581389 
x= 2  y= 3  S=  : pval = 0.2873807 
x= 2  y= 4  S=  : pval = 0.7024853 
x= 2  y= 5  S=  : pval = 0.2581389 
x= 2  y= 6  S=  : pval = 0.02295398 
x= 2  y= 7  S=  : pval = 0.03775018 
x= 2  y= 8  S=  : pval = 0.2174016 
x= 3  y= 4  S=  : pval = 0.004041694 
x= 3  y= 5  S=  : pval = 0.03401374 
x= 3  y= 6  S=  : pval = 0.002037454 
x= 3  y= 7  S=  : pval = 0.03890483 
x= 3  y= 8  S=  : pval = 0.08724847 
x= 4  y= 3  S=  : pval = 0.004041694 
x= 4  y= 5  S=  : pval = 0.5773667 
x= 4  y= 6  S=  : pval = 2.297199e-11 
x= 4  y= 7  S=  : pval = 4.425071e-09 
x= 4  y= 8  S=  : pval = 0.1749038 
x= 5  y= 3  S=  : pval = 0.03401374 
x= 5  y= 6  S=  : pval = 0.8594265 
x= 5  y= 7  S=  : pval = 0.3067924 
x= 5  y= 8  S=  : pval = 1.032022e-19 
x= 6  y= 2  S=  : pval = 0.02295398 
x= 6  y= 3  S=  : pval = 0.002037454 
x= 6  y= 4  S=  : pval = 2.297199e-11 
x= 6  y= 7  S=  : pval = 1.988898e-10 
x= 6  y= 8  S=  : pval = 0.09298724 
x= 7  y= 1  S=  : pval = 0.03775018 
x= 7  y= 2  S=  : pval = 0.03775018 
x= 7  y= 3  S=  : pval = 0.03890483 
x= 7  y= 4  S=  : pval = 4.425071e-09 
x= 7  y= 6  S=  : pval = 1.988898e-10 
x= 7  y= 8  S=  : pval = 0.824475 
x= 8  y= 5  S=  : pval = 1.032022e-19 
Order=1; remaining edges:22
x= 2  y= 6  S= 7 : pval = 0.6518958 
x= 2  y= 7  S= 6 : pval = 1 
x= 3  y= 4  S= 5 : pval = 0.01870678 
x= 3  y= 4  S= 6 : pval = 1 
x= 3  y= 5  S= 4 : pval = 0.1232695 
x= 3  y= 6  S= 4 : pval = 0.5351286 
x= 3  y= 7  S= 4 : pval = 0.9591655 
x= 4  y= 6  S= 3 : pval = 1.225613e-08 
x= 4  y= 6  S= 7 : pval = 0.005880239 
x= 4  y= 7  S= 3 : pval = 2.705638e-07 
x= 4  y= 7  S= 6 : pval = 1 
x= 5  y= 8  S= 3 : pval = 4.84706e-18 
x= 6  y= 4  S= 2 : pval = 1.038203e-11 
x= 6  y= 4  S= 3 : pval = 1.225613e-08 
x= 6  y= 4  S= 7 : pval = 0.005880239 
x= 6  y= 7  S= 2 : pval = 1.404997e-08 
x= 6  y= 7  S= 3 : pval = 1.357317e-08 
x= 6  y= 7  S= 4 : pval = 0.04854852 
x= 7  y= 1  S= 2 : pval = 0.1065591 
x= 7  y= 6  S= 1 : pval = 5.355971e-10 
x= 7  y= 6  S= 2 : pval = 1.404997e-08 
x= 7  y= 6  S= 3 : pval = 1.357317e-08 
x= 7  y= 6  S= 4 : pval = 0.04854852 
Order=2; remaining edges:6

Expand search space using BiDAG::iterativeMCMC:maximum parent set size is 2 
core space defined, score table are being computed 
score tables completed, iterative MCMC is running 
search space expansion 2 

Sample DAGs using BiDAG::sampleBN:
maximum parent set size is 4 
core space defined, score table are being computed 
score tables computed, orderMCMC is running 

Save results to:  ./inst/simulations/ldags/MCMCchains/asia_pcskel_tree_order_ess1_epf2_reg1_N100_r07.rds
Runtime
Time difference of 5.414553 secs
Type: EXEC 

Init search space:Order=0; remaining edges:56
x= 1  y= 2  S=  : pval = 0.7283075 
x= 1  y= 3  S=  : pval = 0.7452668 
x= 1  y= 4  S=  : pval = 0.8077593 
x= 1  y= 5  S=  : pval = 0.8519653 
x= 1  y= 6  S=  : pval = 0.7033556 
x= 1  y= 7  S=  : pval = 0.3807042 
x= 1  y= 8  S=  : pval = 0.3595772 
x= 2  y= 3  S=  : pval = 0.3925839 
x= 2  y= 4  S=  : pval = 0.953758 
x= 2  y= 5  S=  : pval = 0.2962779 
x= 2  y= 6  S=  : pval = 8.581923e-110 
x= 2  y= 7  S=  : pval = 6.587502e-86 
x= 2  y= 8  S=  : pval = 1.127692e-09 
x= 3  y= 4  S=  : pval = 1.60346e-92 
x= 3  y= 5  S=  : pval = 9.284524e-209 
x= 3  y= 6  S=  : pval = 6.645679e-80 
x= 3  y= 7  S=  : pval = 4.461036e-49 
x= 3  y= 8  S=  : pval = 2.16055e-149 
x= 4  y= 3  S=  : pval = 1.60346e-92 
x= 4  y= 5  S=  : pval = 1.337494e-09 
x= 4  y= 6  S=  : pval = 0 
x= 4  y= 7  S=  : pval = 0 
x= 4  y= 8  S=  : pval = 6.810214e-92 
x= 5  y= 3  S=  : pval = 9.284524e-209 
x= 5  y= 4  S=  : pval = 1.337494e-09 
x= 5  y= 6  S=  : pval = 1.628757e-07 
x= 5  y= 7  S=  : pval = 3.194711e-06 
x= 5  y= 8  S=  : pval = 0 
x= 6  y= 2  S=  : pval = 8.581923e-110 
x= 6  y= 3  S=  : pval = 6.645679e-80 
x= 6  y= 4  S=  : pval = 0 
x= 6  y= 5  S=  : pval = 1.628757e-07 
x= 6  y= 7  S=  : pval = 0 
x= 6  y= 8  S=  : pval = 7.574277e-100 
x= 7  y= 2  S=  : pval = 6.587502e-86 
x= 7  y= 3  S=  : pval = 4.461036e-49 
x= 7  y= 4  S=  : pval = 0 
x= 7  y= 5  S=  : pval = 3.194711e-06 
x= 7  y= 6  S=  : pval = 0 
x= 7  y= 8  S=  : pval = 3.037481e-59 
x= 8  y= 2  S=  : pval = 1.127692e-09 
x= 8  y= 3  S=  : pval = 2.16055e-149 
x= 8  y= 4  S=  : pval = 6.810214e-92 
x= 8  y= 5  S=  : pval = 0 
x= 8  y= 6  S=  : pval = 7.574277e-100 
x= 8  y= 7  S=  : pval = 3.037481e-59 
Order=1; remaining edges:36
x= 2  y= 6  S= 7 : pval = 1.441738e-24 
x= 2  y= 6  S= 8 : pval = 4.852826e-101 
x= 2  y= 7  S= 6 : pval = 0.9770476 
x= 2  y= 8  S= 6 : pval = 0.1785664 
x= 3  y= 4  S= 5 : pval = 3.731047e-83 
x= 3  y= 4  S= 6 : pval = 1.928716e-13 
x= 3  y= 4  S= 7 : pval = 7.482466e-45 
x= 3  y= 4  S= 8 : pval = 3.670095e-58 
x= 3  y= 5  S= 4 : pval = 3.260629e-199 
x= 3  y= 5  S= 6 : pval = 3.099447e-201 
x= 3  y= 5  S= 7 : pval = 1.78898e-202 
x= 3  y= 5  S= 8 : pval = 2.626205e-72 
x= 3  y= 6  S= 4 : pval = 0.7419212 
x= 3  y= 7  S= 4 : pval = 0.150572 
x= 3  y= 8  S= 4 : pval = 6.303992e-115 
x= 3  y= 8  S= 5 : pval = 5.161742e-13 
x= 3  y= 8  S= 6 : pval = 8.918332e-116 
x= 3  y= 8  S= 7 : pval = 1.221169e-127 
x= 4  y= 3  S= 5 : pval = 3.731047e-83 
x= 4  y= 3  S= 6 : pval = 1.928716e-13 
x= 4  y= 3  S= 7 : pval = 7.482466e-45 
x= 4  y= 3  S= 8 : pval = 3.670095e-58 
x= 4  y= 5  S= 3 : pval = 0.9465222 
x= 4  y= 6  S= 3 : pval = 0 
x= 4  y= 6  S= 5 : pval = 0 
x= 4  y= 6  S= 7 : pval = 5.049252e-247 
x= 4  y= 6  S= 8 : pval = 0 
x= 4  y= 7  S= 3 : pval = 0 
x= 4  y= 7  S= 5 : pval = 0 
x= 4  y= 7  S= 6 : pval = 0.988924 
x= 4  y= 8  S= 3 : pval = 1.553375e-57 
x= 4  y= 8  S= 5 : pval = 1.493675e-123 
x= 4  y= 8  S= 6 : pval = 0.1817186 
x= 5  y= 3  S= 4 : pval = 3.260629e-199 
x= 5  y= 3  S= 6 : pval = 3.099447e-201 
x= 5  y= 3  S= 7 : pval = 1.78898e-202 
x= 5  y= 3  S= 8 : pval = 2.626205e-72 
x= 5  y= 6  S= 3 : pval = 0.9541406 
x= 5  y= 7  S= 3 : pval = 0.968496 
x= 5  y= 8  S= 3 : pval = 0 
x= 5  y= 8  S= 4 : pval = 0 
x= 5  y= 8  S= 6 : pval = 0 
x= 5  y= 8  S= 7 : pval = 0 
x= 6  y= 2  S= 3 : pval = 8.398305e-120 
x= 6  y= 2  S= 4 : pval = 3.062171e-209 
x= 6  y= 2  S= 5 : pval = 3.222799e-110 
x= 6  y= 2  S= 7 : pval = 1.441738e-24 
x= 6  y= 2  S= 8 : pval = 4.852826e-101 
x= 6  y= 4  S= 2 : pval = 0 
x= 6  y= 4  S= 3 : pval = 0 
x= 6  y= 4  S= 5 : pval = 0 
x= 6  y= 4  S= 7 : pval = 5.049252e-247 
x= 6  y= 4  S= 8 : pval = 0 
x= 6  y= 7  S= 2 : pval = 0 
x= 6  y= 7  S= 3 : pval = 0 
x= 6  y= 7  S= 4 : pval = 1.473613e-105 
x= 6  y= 7  S= 5 : pval = 0 
x= 6  y= 7  S= 8 : pval = 0 
x= 6  y= 8  S= 2 : pval = 4.08159e-91 
x= 6  y= 8  S= 3 : pval = 2.549391e-66 
x= 6  y= 8  S= 4 : pval = 2.1081e-09 
x= 6  y= 8  S= 5 : pval = 3.066826e-145 
x= 6  y= 8  S= 7 : pval = 2.76136e-42 
x= 7  y= 6  S= 2 : pval = 0 
x= 7  y= 6  S= 3 : pval = 0 
x= 7  y= 6  S= 4 : pval = 1.473613e-105 
x= 7  y= 6  S= 5 : pval = 0 
x= 7  y= 6  S= 8 : pval = 0 
x= 7  y= 8  S= 2 : pval = 6.158196e-51 
x= 7  y= 8  S= 3 : pval = 1.072912e-37 
x= 7  y= 8  S= 4 : pval = 0.0004275549 
x= 7  y= 8  S= 5 : pval = 9.18679e-91 
x= 7  y= 8  S= 6 : pval = 0.08487083 
x= 8  y= 3  S= 2 : pval = 1.409567e-148 
x= 8  y= 3  S= 4 : pval = 6.303992e-115 
x= 8  y= 3  S= 5 : pval = 5.161742e-13 
x= 8  y= 3  S= 6 : pval = 8.918332e-116 
x= 8  y= 3  S= 7 : pval = 1.221169e-127 
x= 8  y= 5  S= 2 : pval = 0 
x= 8  y= 5  S= 3 : pval = 0 
x= 8  y= 5  S= 4 : pval = 0 
x= 8  y= 5  S= 6 : pval = 0 
x= 8  y= 5  S= 7 : pval = 0 
x= 8  y= 6  S= 2 : pval = 4.08159e-91 
x= 8  y= 6  S= 3 : pval = 2.549391e-66 
x= 8  y= 6  S= 4 : pval = 2.1081e-09 
x= 8  y= 6  S= 5 : pval = 3.066826e-145 
x= 8  y= 6  S= 7 : pval = 2.76136e-42 
Order=2; remaining edges:16
x= 3  y= 4  S= 5 8 : pval = 5.112062e-71 
x= 3  y= 5  S= 4 8 : pval = 4.367332e-85 
x= 3  y= 8  S= 4 5 : pval = 0.02724168 
x= 6  y= 2  S= 4 7 : pval = 4.981747e-102 
x= 6  y= 2  S= 4 8 : pval = 6.698451e-198 
x= 6  y= 2  S= 7 8 : pval = 1.647435e-22 
x= 6  y= 4  S= 2 7 : pval = 4.940656e-324 
x= 6  y= 4  S= 2 8 : pval = 0 
x= 6  y= 4  S= 7 8 : pval = 3.764626e-209 
x= 6  y= 7  S= 2 4 : pval = 1 
x= 6  y= 8  S= 2 4 : pval = 1 
x= 8  y= 3  S= 5 6 : pval = 0.08568528 
x= 8  y= 5  S= 3 6 : pval = 0 
Order=3; remaining edges:10

Expand search space using BiDAG::iterativeMCMC:maximum parent set size is 2 
core space defined, score table are being computed 
score tables completed, iterative MCMC is running 
search space expansion 2 

Sample DAGs using BiDAG::sampleBN:
maximum parent set size is 4 
core space defined, score table are being computed 
score tables computed, orderMCMC is running 

Save results to:  ./inst/simulations/ldags/MCMCchains/asia_pcskel_tree_order_ess1_epf2_reg1_N10000_r07.rds
Runtime
Time difference of 6.203513 secs
Type: EXEC 

Init search space:Order=0; remaining edges:56
x= 1  y= 2  S=  : pval = 0.1289988 
x= 1  y= 3  S=  : pval = 0.9220264 
x= 1  y= 4  S=  : pval = 0.2417823 
x= 1  y= 5  S=  : pval = 0.7778486 
x= 1  y= 6  S=  : pval = 0.8159881 
x= 1  y= 7  S=  : pval = 0.2736723 
x= 1  y= 8  S=  : pval = 0.7441046 
x= 2  y= 3  S=  : pval = 0.6382121 
x= 2  y= 4  S=  : pval = 0.5833613 
x= 2  y= 5  S=  : pval = 0.4119927 
x= 2  y= 6  S=  : pval = 1.583558e-15 
x= 2  y= 7  S=  : pval = 6.463442e-12 
x= 2  y= 8  S=  : pval = 0.03615791 
x= 3  y= 4  S=  : pval = 1.263904e-13 
x= 3  y= 5  S=  : pval = 1.060005e-25 
x= 3  y= 6  S=  : pval = 2.837292e-11 
x= 3  y= 7  S=  : pval = 1.819839e-05 
x= 3  y= 8  S=  : pval = 5.664727e-13 
x= 4  y= 3  S=  : pval = 1.263904e-13 
x= 4  y= 5  S=  : pval = 0.06340434 
x= 4  y= 6  S=  : pval = 9.127999e-78 
x= 4  y= 7  S=  : pval = 2.987758e-50 
x= 4  y= 8  S=  : pval = 9.021953e-10 
x= 5  y= 3  S=  : pval = 1.060005e-25 
x= 5  y= 6  S=  : pval = 0.02953459 
x= 5  y= 7  S=  : pval = 0.01597799 
x= 5  y= 8  S=  : pval = 3.604989e-102 
x= 6  y= 2  S=  : pval = 1.583558e-15 
x= 6  y= 3  S=  : pval = 2.837292e-11 
x= 6  y= 4  S=  : pval = 9.127999e-78 
x= 6  y= 5  S=  : pval = 0.02953459 
x= 6  y= 7  S=  : pval = 1.035333e-61 
x= 6  y= 8  S=  : pval = 2.640331e-11 
x= 7  y= 2  S=  : pval = 6.463442e-12 
x= 7  y= 3  S=  : pval = 1.819839e-05 
x= 7  y= 4  S=  : pval = 2.987758e-50 
x= 7  y= 5  S=  : pval = 0.01597799 
x= 7  y= 6  S=  : pval = 1.035333e-61 
x= 7  y= 8  S=  : pval = 2.696425e-06 
x= 8  y= 2  S=  : pval = 0.03615791 
x= 8  y= 3  S=  : pval = 5.664727e-13 
x= 8  y= 4  S=  : pval = 9.021953e-10 
x= 8  y= 5  S=  : pval = 3.604989e-102 
x= 8  y= 6  S=  : pval = 2.640331e-11 
x= 8  y= 7  S=  : pval = 2.696425e-06 
Order=1; remaining edges:34
x= 2  y= 6  S= 7 : pval = 0.0002314293 
x= 2  y= 6  S= 8 : pval = 1.00971e-13 
x= 2  y= 7  S= 6 : pval = 0.8181772 
x= 2  y= 8  S= 6 : pval = 0.7002382 
x= 3  y= 4  S= 5 : pval = 2.57907e-12 
x= 3  y= 4  S= 6 : pval = 0.00469523 
x= 3  y= 4  S= 7 : pval = 5.696677e-10 
x= 3  y= 4  S= 8 : pval = 6.274851e-10 
x= 3  y= 5  S= 4 : pval = 3.033348e-24 
x= 3  y= 5  S= 6 : pval = 1.470447e-23 
x= 3  y= 5  S= 7 : pval = 3.451258e-24 
x= 3  y= 5  S= 8 : pval = 2.016852e-13 
x= 3  y= 6  S= 4 : pval = 0.9503763 
x= 3  y= 7  S= 4 : pval = 0.04893883 
x= 3  y= 7  S= 5 : pval = 0.0002520869 
x= 3  y= 7  S= 6 : pval = 0.1206875 
x= 3  y= 8  S= 4 : pval = 2.738426e-09 
x= 3  y= 8  S= 5 : pval = 0.7483631 
x= 4  y= 3  S= 6 : pval = 0.00469523 
x= 4  y= 3  S= 7 : pval = 5.696677e-10 
x= 4  y= 3  S= 8 : pval = 6.274851e-10 
x= 4  y= 6  S= 3 : pval = 8.418744e-67 
x= 4  y= 6  S= 7 : pval = 3.188408e-28 
x= 4  y= 6  S= 8 : pval = 2.96954e-68 
x= 4  y= 7  S= 3 : pval = 2.674065e-46 
x= 4  y= 7  S= 6 : pval = 0.8347066 
x= 4  y= 8  S= 3 : pval = 3.73122e-06 
x= 4  y= 8  S= 6 : pval = 0.9847957 
x= 5  y= 3  S= 6 : pval = 1.470447e-23 
x= 5  y= 3  S= 7 : pval = 3.451258e-24 
x= 5  y= 3  S= 8 : pval = 2.016852e-13 
x= 5  y= 6  S= 3 : pval = 0.9803403 
x= 5  y= 7  S= 3 : pval = 0.1348185 
x= 5  y= 8  S= 3 : pval = 1.395087e-89 
x= 5  y= 8  S= 6 : pval = 3.062723e-103 
x= 5  y= 8  S= 7 : pval = 2.996417e-100 
x= 6  y= 2  S= 3 : pval = 1.513843e-16 
x= 6  y= 2  S= 4 : pval = 8.078962e-25 
x= 6  y= 2  S= 5 : pval = 2.23988e-14 
x= 6  y= 2  S= 7 : pval = 0.0002314293 
x= 6  y= 2  S= 8 : pval = 1.00971e-13 
x= 6  y= 4  S= 2 : pval = 1.077355e-86 
x= 6  y= 4  S= 3 : pval = 8.418744e-67 
x= 6  y= 4  S= 5 : pval = 1.147625e-75 
x= 6  y= 4  S= 7 : pval = 3.188408e-28 
x= 6  y= 4  S= 8 : pval = 2.96954e-68 
x= 6  y= 7  S= 2 : pval = 3.110703e-50 
x= 6  y= 7  S= 3 : pval = 2.53897e-57 
x= 6  y= 7  S= 4 : pval = 3.213739e-12 
x= 6  y= 7  S= 5 : pval = 8.951943e-60 
x= 6  y= 7  S= 8 : pval = 9.550938e-56 
x= 6  y= 8  S= 2 : pval = 1.416655e-09 
x= 6  y= 8  S= 3 : pval = 3.861694e-07 
x= 6  y= 8  S= 4 : pval = 0.03124304 
x= 6  y= 8  S= 5 : pval = 7.101917e-13 
x= 6  y= 8  S= 7 : pval = 9.969501e-06 
x= 7  y= 6  S= 2 : pval = 3.110703e-50 
x= 7  y= 6  S= 3 : pval = 2.53897e-57 
x= 7  y= 6  S= 4 : pval = 3.213739e-12 
x= 7  y= 6  S= 5 : pval = 8.951943e-60 
x= 7  y= 6  S= 8 : pval = 9.550938e-56 
x= 7  y= 8  S= 2 : pval = 0.0001058735 
x= 7  y= 8  S= 3 : pval = 0.0004406407 
x= 7  y= 8  S= 4 : pval = 0.3171189 
x= 8  y= 5  S= 2 : pval = 4.81974e-101 
x= 8  y= 5  S= 3 : pval = 1.395087e-89 
x= 8  y= 5  S= 4 : pval = 7.666121e-103 
x= 8  y= 5  S= 6 : pval = 3.062723e-103 
x= 8  y= 5  S= 7 : pval = 2.996417e-100 
x= 8  y= 6  S= 2 : pval = 1.416655e-09 
x= 8  y= 6  S= 3 : pval = 3.861694e-07 
x= 8  y= 6  S= 4 : pval = 0.03124304 
x= 8  y= 6  S= 5 : pval = 7.101917e-13 
x= 8  y= 6  S= 7 : pval = 9.969501e-06 
Order=2; remaining edges:14
x= 6  y= 2  S= 4 7 : pval = 7.544609e-12 
x= 6  y= 2  S= 4 8 : pval = 1.37074e-21 
x= 6  y= 2  S= 7 8 : pval = 0.002179451 
x= 6  y= 4  S= 2 7 : pval = 2.942261e-35 
x= 6  y= 4  S= 2 8 : pval = 1.358033e-75 
x= 6  y= 4  S= 7 8 : pval = 1.282388e-22 
x= 6  y= 7  S= 2 4 : pval = 1 
x= 6  y= 8  S= 2 4 : pval = 1 
Order=3; remaining edges:10

Expand search space using BiDAG::iterativeMCMC:maximum parent set size is 2 
core space defined, score table are being computed 
score tables completed, iterative MCMC is running 
search space expansion 2 

Sample DAGs using BiDAG::sampleBN:
maximum parent set size is 4 
core space defined, score table are being computed 
score tables computed, orderMCMC is running 

Save results to:  ./inst/simulations/ldags/MCMCchains/asia_pcskel_ldag_order_ess1_epf2_reg1_N1000_r08.rds
Runtime
Time difference of 5.864907 secs
Type: EXEC 

Init search space:Order=0; remaining edges:56
x= 1  y= 2  S=  : pval = 0.8869734 
x= 1  y= 3  S=  : pval = 0.2725369 
x= 1  y= 4  S=  : pval = 0.6121609 
x= 1  y= 5  S=  : pval = 0.2873807 
x= 1  y= 6  S=  : pval = 0.5966821 
x= 1  y= 7  S=  : pval = 0.5537592 
x= 1  y= 8  S=  : pval = 0.2799015 
x= 2  y= 3  S=  : pval = 0.2045803 
x= 2  y= 4  S=  : pval = 0.6121609 
x= 2  y= 5  S=  : pval = 0.2873807 
x= 2  y= 6  S=  : pval = 0.04164969 
x= 2  y= 7  S=  : pval = 0.05379743 
x= 2  y= 8  S=  : pval = 0.1983029 
x= 3  y= 4  S=  : pval = 0.003096368 
x= 3  y= 5  S=  : pval = 0.0005788622 
x= 3  y= 6  S=  : pval = 0.01540762 
x= 3  y= 7  S=  : pval = 0.0722153 
x= 3  y= 8  S=  : pval = 0.001384164 
x= 4  y= 3  S=  : pval = 0.003096368 
x= 4  y= 5  S=  : pval = 0.6031232 
x= 4  y= 6  S=  : pval = 3.806217e-16 
x= 4  y= 7  S=  : pval = 9.882423e-14 
x= 4  y= 8  S=  : pval = 0.0918841 
x= 5  y= 3  S=  : pval = 0.0005788622 
x= 5  y= 6  S=  : pval = 0.8059143 
x= 5  y= 7  S=  : pval = 0.9473146 
x= 5  y= 8  S=  : pval = 3.806669e-13 
x= 6  y= 2  S=  : pval = 0.04164969 
x= 6  y= 3  S=  : pval = 0.01540762 
x= 6  y= 4  S=  : pval = 3.806217e-16 
x= 6  y= 7  S=  : pval = 3.735033e-15 
x= 6  y= 8  S=  : pval = 0.04905785 
x= 7  y= 4  S=  : pval = 9.882423e-14 
x= 7  y= 6  S=  : pval = 3.735033e-15 
x= 7  y= 8  S=  : pval = 0.1046288 
x= 8  y= 3  S=  : pval = 0.001384164 
x= 8  y= 5  S=  : pval = 3.806669e-13 
x= 8  y= 6  S=  : pval = 0.04905785 
Order=1; remaining edges:20
x= 3  y= 4  S= 5 : pval = 0.002162697 
x= 3  y= 4  S= 6 : pval = 0.1177528 
x= 3  y= 5  S= 4 : pval = 0.0004606475 
x= 3  y= 5  S= 6 : pval = 0.001277583 
x= 3  y= 5  S= 8 : pval = 0.1725384 
x= 3  y= 6  S= 4 : pval = 0.4971346 
x= 3  y= 8  S= 4 : pval = 0.005908868 
x= 3  y= 8  S= 5 : pval = 0.3870708 
x= 4  y= 6  S= 3 : pval = 3.687262e-14 
x= 4  y= 6  S= 7 : pval = 0.004203236 
x= 4  y= 7  S= 3 : pval = 2.731339e-12 
x= 4  y= 7  S= 6 : pval = 1 
x= 5  y= 8  S= 3 : pval = 2.270179e-10 
x= 6  y= 2  S= 3 : pval = 0.03306851 
x= 6  y= 2  S= 4 : pval = 0.004204359 
x= 6  y= 2  S= 7 : pval = 0.8063764 
x= 6  y= 4  S= 2 : pval = 1.319671e-16 
x= 6  y= 4  S= 3 : pval = 3.687262e-14 
x= 6  y= 4  S= 7 : pval = 0.004203236 
x= 6  y= 4  S= 8 : pval = 1.109275e-14 
x= 6  y= 7  S= 2 : pval = 2.400468e-13 
x= 6  y= 7  S= 3 : pval = 1.559212e-13 
x= 6  y= 7  S= 4 : pval = 0.03986356 
x= 6  y= 7  S= 8 : pval = 1.351935e-13 
x= 6  y= 8  S= 2 : pval = 0.2241937 
x= 7  y= 6  S= 4 : pval = 0.03986356 
x= 8  y= 5  S= 3 : pval = 2.270179e-10 
x= 8  y= 5  S= 6 : pval = 3.002087e-13 
Order=2; remaining edges:6

Expand search space using BiDAG::iterativeMCMC:maximum parent set size is 2 
core space defined, score table are being computed 
score tables completed, iterative MCMC is running 
search space expansion 2 
search space expansion 3 
search space expansion 4 

Sample DAGs using BiDAG::sampleBN:
maximum parent set size is 4 
core space defined, score table are being computed 
score tables computed, orderMCMC is running 

Save results to:  ./inst/simulations/ldags/MCMCchains/asia_pcskel_ldag_order_ess1_epf2_reg1_N100_r09.rds
Runtime
Time difference of 8.589791 secs
Type: EXEC 

Init search space:Order=0; remaining edges:56
x= 1  y= 2  S=  : pval = 0.000240961 
x= 1  y= 3  S=  : pval = 0.7616907 
x= 1  y= 4  S=  : pval = 0.7506282 
x= 1  y= 5  S=  : pval = 0.1736982 
x= 1  y= 6  S=  : pval = 0.06822311 
x= 1  y= 7  S=  : pval = 0.02302578 
x= 1  y= 8  S=  : pval = 0.1210999 
x= 2  y= 1  S=  : pval = 0.000240961 
x= 2  y= 3  S=  : pval = 0.02543343 
x= 2  y= 4  S=  : pval = 0.642066 
x= 2  y= 5  S=  : pval = 0.01014564 
x= 2  y= 6  S=  : pval = 6.62921e-130 
x= 2  y= 7  S=  : pval = 9.23866e-97 
x= 2  y= 8  S=  : pval = 3.39626e-10 
x= 3  y= 2  S=  : pval = 0.02543343 
x= 3  y= 4  S=  : pval = 1.16929e-95 
x= 3  y= 5  S=  : pval = 3.935252e-196 
x= 3  y= 6  S=  : pval = 7.449138e-86 
x= 3  y= 7  S=  : pval = 5.917913e-43 
x= 3  y= 8  S=  : pval = 2.015261e-125 
x= 4  y= 3  S=  : pval = 1.16929e-95 
x= 4  y= 5  S=  : pval = 2.759158e-08 
x= 4  y= 6  S=  : pval = 0 
x= 4  y= 7  S=  : pval = 0 
x= 4  y= 8  S=  : pval = 7.048688e-79 
x= 5  y= 2  S=  : pval = 0.01014564 
x= 5  y= 3  S=  : pval = 3.935252e-196 
x= 5  y= 4  S=  : pval = 2.759158e-08 
x= 5  y= 6  S=  : pval = 1.374128e-09 
x= 5  y= 7  S=  : pval = 4.583409e-06 
x= 5  y= 8  S=  : pval = 0 
x= 6  y= 2  S=  : pval = 6.62921e-130 
x= 6  y= 3  S=  : pval = 7.449138e-86 
x= 6  y= 4  S=  : pval = 0 
x= 6  y= 5  S=  : pval = 1.374128e-09 
x= 6  y= 7  S=  : pval = 0 
x= 6  y= 8  S=  : pval = 1.281971e-87 
x= 7  y= 1  S=  : pval = 0.02302578 
x= 7  y= 2  S=  : pval = 9.23866e-97 
x= 7  y= 3  S=  : pval = 5.917913e-43 
x= 7  y= 4  S=  : pval = 0 
x= 7  y= 5  S=  : pval = 4.583409e-06 
x= 7  y= 6  S=  : pval = 0 
x= 7  y= 8  S=  : pval = 5.075489e-45 
x= 8  y= 2  S=  : pval = 3.39626e-10 
x= 8  y= 3  S=  : pval = 2.015261e-125 
x= 8  y= 4  S=  : pval = 7.048688e-79 
x= 8  y= 5  S=  : pval = 0 
x= 8  y= 6  S=  : pval = 1.281971e-87 
x= 8  y= 7  S=  : pval = 5.075489e-45 
Order=1; remaining edges:44
x= 1  y= 2  S= 7 : pval = 0.002393939 
x= 1  y= 7  S= 2 : pval = 0.1529756 
x= 2  y= 1  S= 3 : pval = 0.0005800299 
x= 2  y= 1  S= 5 : pval = 0.0009554042 
x= 2  y= 1  S= 6 : pval = 0.006160146 
x= 2  y= 1  S= 7 : pval = 0.002393939 
x= 2  y= 1  S= 8 : pval = 0.000457661 
x= 2  y= 3  S= 1 : pval = 0.04040191 
x= 2  y= 3  S= 5 : pval = 0.2103239 
x= 2  y= 5  S= 1 : pval = 0.02967855 
x= 2  y= 5  S= 3 : pval = 0.09379781 
x= 2  y= 6  S= 1 : pval = 1.051892e-127 
x= 2  y= 6  S= 3 : pval = 8.683509e-138 
x= 2  y= 6  S= 5 : pval = 5.341219e-127 
x= 2  y= 6  S= 7 : pval = 7.959229e-34 
x= 2  y= 6  S= 8 : pval = 1.603582e-120 
x= 2  y= 7  S= 1 : pval = 4.906715e-95 
x= 2  y= 7  S= 3 : pval = 3.222111e-95 
x= 2  y= 7  S= 5 : pval = 2.297664e-94 
x= 2  y= 7  S= 6 : pval = 0.9553634 
x= 2  y= 8  S= 1 : pval = 1.060069e-09 
x= 2  y= 8  S= 3 : pval = 1.12363e-08 
x= 2  y= 8  S= 5 : pval = 1.519635e-10 
x= 2  y= 8  S= 6 : pval = 0.217521 
x= 3  y= 4  S= 2 : pval = 2.621696e-94 
x= 3  y= 4  S= 5 : pval = 8.725407e-88 
x= 3  y= 4  S= 6 : pval = 1.252902e-11 
x= 3  y= 4  S= 7 : pval = 6.169032e-54 
x= 3  y= 4  S= 8 : pval = 3.558804e-65 
x= 3  y= 5  S= 2 : pval = 3.768796e-194 
x= 3  y= 5  S= 4 : pval = 4.222675e-188 
x= 3  y= 5  S= 6 : pval = 6.891334e-187 
x= 3  y= 5  S= 7 : pval = 1.227629e-190 
x= 3  y= 5  S= 8 : pval = 7.668245e-81 
x= 3  y= 6  S= 2 : pval = 7.908449e-94 
x= 3  y= 6  S= 4 : pval = 0.07554918 
x= 3  y= 7  S= 2 : pval = 1.362495e-41 
x= 3  y= 7  S= 4 : pval = 0.2073126 
x= 3  y= 8  S= 2 : pval = 2.47379e-123 
x= 3  y= 8  S= 4 : pval = 7.036719e-95 
x= 3  y= 8  S= 5 : pval = 3.132999e-10 
x= 3  y= 8  S= 6 : pval = 1.422044e-94 
x= 3  y= 8  S= 7 : pval = 6.748547e-110 
x= 4  y= 3  S= 5 : pval = 8.725407e-88 
x= 4  y= 3  S= 6 : pval = 1.252902e-11 
x= 4  y= 3  S= 7 : pval = 6.169032e-54 
x= 4  y= 3  S= 8 : pval = 3.558804e-65 
x= 4  y= 5  S= 3 : pval = 0.5667847 
x= 4  y= 6  S= 3 : pval = 0 
x= 4  y= 6  S= 5 : pval = 0 
x= 4  y= 6  S= 7 : pval = 5.289998e-249 
x= 4  y= 6  S= 8 : pval = 0 
x= 4  y= 7  S= 3 : pval = 0 
x= 4  y= 7  S= 5 : pval = 0 
x= 4  y= 7  S= 6 : pval = 0.9136565 
x= 4  y= 8  S= 3 : pval = 1.94484e-48 
x= 4  y= 8  S= 5 : pval = 2.044189e-100 
x= 4  y= 8  S= 6 : pval = 0.2599672 
x= 5  y= 3  S= 2 : pval = 3.768796e-194 
x= 5  y= 3  S= 4 : pval = 4.222675e-188 
x= 5  y= 3  S= 6 : pval = 6.891334e-187 
x= 5  y= 3  S= 7 : pval = 1.227629e-190 
x= 5  y= 3  S= 8 : pval = 7.668245e-81 
x= 5  y= 6  S= 2 : pval = 2.832969e-07 
x= 5  y= 6  S= 3 : pval = 0.5000569 
x= 5  y= 7  S= 2 : pval = 0.0002606605 
x= 5  y= 7  S= 3 : pval = 0.2287011 
x= 5  y= 8  S= 2 : pval = 0 
x= 5  y= 8  S= 3 : pval = 0 
x= 5  y= 8  S= 4 : pval = 0 
x= 5  y= 8  S= 6 : pval = 0 
x= 5  y= 8  S= 7 : pval = 0 
x= 6  y= 2  S= 3 : pval = 8.683509e-138 
x= 6  y= 2  S= 4 : pval = 1.793614e-237 
x= 6  y= 2  S= 5 : pval = 5.341219e-127 
x= 6  y= 2  S= 7 : pval = 7.959229e-34 
x= 6  y= 2  S= 8 : pval = 1.603582e-120 
x= 6  y= 4  S= 2 : pval = 0 
x= 6  y= 4  S= 3 : pval = 0 
x= 6  y= 4  S= 5 : pval = 0 
x= 6  y= 4  S= 7 : pval = 5.289998e-249 
x= 6  y= 4  S= 8 : pval = 0 
x= 6  y= 7  S= 2 : pval = 0 
x= 6  y= 7  S= 3 : pval = 0 
x= 6  y= 7  S= 4 : pval = 5.30825e-117 
x= 6  y= 7  S= 5 : pval = 0 
x= 6  y= 7  S= 8 : pval = 0 
x= 6  y= 8  S= 2 : pval = 2.539526e-78 
x= 6  y= 8  S= 3 : pval = 7.54093e-57 
x= 6  y= 8  S= 4 : pval = 4.987889e-10 
x= 6  y= 8  S= 5 : pval = 3.458806e-112 
x= 6  y= 8  S= 7 : pval = 1.554774e-43 
x= 7  y= 6  S= 1 : pval = 0 
x= 7  y= 6  S= 2 : pval = 0 
x= 7  y= 6  S= 3 : pval = 0 
x= 7  y= 6  S= 4 : pval = 5.30825e-117 
x= 7  y= 6  S= 5 : pval = 0 
x= 7  y= 6  S= 8 : pval = 0 
x= 7  y= 8  S= 1 : pval = 1.777967e-44 
x= 7  y= 8  S= 2 : pval = 1.322774e-36 
x= 7  y= 8  S= 3 : pval = 1.007821e-29 
x= 7  y= 8  S= 4 : pval = 0.1068597 
x= 8  y= 3  S= 2 : pval = 2.47379e-123 
x= 8  y= 3  S= 4 : pval = 7.036719e-95 
x= 8  y= 3  S= 5 : pval = 3.132999e-10 
x= 8  y= 3  S= 6 : pval = 1.422044e-94 
x= 8  y= 3  S= 7 : pval = 6.748547e-110 
x= 8  y= 5  S= 2 : pval = 0 
x= 8  y= 5  S= 3 : pval = 0 
x= 8  y= 5  S= 4 : pval = 0 
x= 8  y= 5  S= 6 : pval = 0 
x= 8  y= 5  S= 7 : pval = 0 
x= 8  y= 6  S= 2 : pval = 2.539526e-78 
x= 8  y= 6  S= 3 : pval = 7.54093e-57 
x= 8  y= 6  S= 4 : pval = 4.987889e-10 
x= 8  y= 6  S= 5 : pval = 3.458806e-112 
x= 8  y= 6  S= 7 : pval = 1.554774e-43 
Order=2; remaining edges:18
x= 3  y= 4  S= 5 8 : pval = 2.080072e-76 
x= 3  y= 5  S= 4 8 : pval = 5.377928e-92 
x= 3  y= 8  S= 4 5 : pval = 0.778995 
x= 6  y= 2  S= 4 7 : pval = 9.406745e-119 
x= 6  y= 2  S= 4 8 : pval = 1.886823e-225 
x= 6  y= 2  S= 7 8 : pval = 1.809291e-31 
x= 6  y= 4  S= 2 7 : pval = 0 
x= 6  y= 4  S= 2 8 : pval = 0 
x= 6  y= 4  S= 7 8 : pval = 1.88635e-212 
x= 6  y= 7  S= 2 4 : pval = 1 
x= 6  y= 8  S= 2 4 : pval = 1 
x= 8  y= 5  S= 3 6 : pval = 0 
Order=3; remaining edges:12

Expand search space using BiDAG::iterativeMCMC:maximum parent set size is 2 
core space defined, score table are being computed 
score tables completed, iterative MCMC is running 
search space expansion 2 

Sample DAGs using BiDAG::sampleBN:
maximum parent set size is 4 
core space defined, score table are being computed 
score tables computed, orderMCMC is running 

Save results to:  ./inst/simulations/ldags/MCMCchains/asia_pcskel_tree_order_ess1_epf2_reg1_N10000_r09.rds
Runtime
Time difference of 5.709124 secs
Type: EXEC 

Init search space:Order=0; remaining edges:56
x= 1  y= 2  S=  : pval = 0.6680922 
x= 1  y= 3  S=  : pval = 0.785582 
x= 1  y= 4  S=  : pval = 0.1585295 
x= 1  y= 5  S=  : pval = 0.06795553 
x= 1  y= 6  S=  : pval = 0.2034177 
x= 1  y= 7  S=  : pval = 0.1626935 
x= 1  y= 8  S=  : pval = 0.7546764 
x= 2  y= 3  S=  : pval = 0.7079292 
x= 2  y= 4  S=  : pval = 0.3959152 
x= 2  y= 5  S=  : pval = 0.4942736 
x= 2  y= 6  S=  : pval = 1.558615e-10 
x= 2  y= 7  S=  : pval = 1.003311e-08 
x= 2  y= 8  S=  : pval = 0.1230496 
x= 3  y= 4  S=  : pval = 5.152304e-11 
x= 3  y= 5  S=  : pval = 3.614447e-29 
x= 3  y= 6  S=  : pval = 5.957983e-10 
x= 3  y= 7  S=  : pval = 0.0004587864 
x= 3  y= 8  S=  : pval = 1.75364e-19 
x= 4  y= 3  S=  : pval = 5.152304e-11 
x= 4  y= 5  S=  : pval = 0.02231838 
x= 4  y= 6  S=  : pval = 4.290221e-79 
x= 4  y= 7  S=  : pval = 9.89717e-50 
x= 4  y= 8  S=  : pval = 6.766383e-12 
x= 5  y= 3  S=  : pval = 3.614447e-29 
x= 5  y= 4  S=  : pval = 0.02231838 
x= 5  y= 6  S=  : pval = 0.01667545 
x= 5  y= 7  S=  : pval = 0.6482636 
x= 5  y= 8  S=  : pval = 4.363697e-108 
x= 6  y= 2  S=  : pval = 1.558615e-10 
x= 6  y= 3  S=  : pval = 5.957983e-10 
x= 6  y= 4  S=  : pval = 4.290221e-79 
x= 6  y= 5  S=  : pval = 0.01667545 
x= 6  y= 7  S=  : pval = 1.256779e-58 
x= 6  y= 8  S=  : pval = 2.955916e-12 
x= 7  y= 2  S=  : pval = 1.003311e-08 
x= 7  y= 3  S=  : pval = 0.0004587864 
x= 7  y= 4  S=  : pval = 9.89717e-50 
x= 7  y= 6  S=  : pval = 1.256779e-58 
x= 7  y= 8  S=  : pval = 0.0001618325 
x= 8  y= 3  S=  : pval = 1.75364e-19 
x= 8  y= 4  S=  : pval = 6.766383e-12 
x= 8  y= 5  S=  : pval = 4.363697e-108 
x= 8  y= 6  S=  : pval = 2.955916e-12 
x= 8  y= 7  S=  : pval = 0.0001618325 
Order=1; remaining edges:32
x= 2  y= 6  S= 7 : pval = 0.01151488 
x= 2  y= 7  S= 6 : pval = 0.6672632 
x= 3  y= 4  S= 5 : pval = 1.4649e-09 
x= 3  y= 4  S= 6 : pval = 0.08105919 
x= 3  y= 5  S= 4 : pval = 1.729784e-27 
x= 3  y= 5  S= 6 : pval = 6.114431e-28 
x= 3  y= 5  S= 7 : pval = 1.431752e-28 
x= 3  y= 5  S= 8 : pval = 2.26034e-11 
x= 3  y= 6  S= 4 : pval = 0.8861185 
x= 3  y= 7  S= 4 : pval = 0.6658493 
x= 3  y= 8  S= 4 : pval = 1.724308e-14 
x= 3  y= 8  S= 5 : pval = 0.08867505 
x= 4  y= 5  S= 3 : pval = 0.248421 
x= 4  y= 6  S= 3 : pval = 1.898754e-69 
x= 4  y= 6  S= 5 : pval = 1.367061e-76 
x= 4  y= 6  S= 7 : pval = 3.667277e-30 
x= 4  y= 6  S= 8 : pval = 9.524487e-68 
x= 4  y= 7  S= 3 : pval = 5.697242e-46 
x= 4  y= 7  S= 5 : pval = 2.406264e-49 
x= 4  y= 7  S= 6 : pval = 0.6672632 
x= 4  y= 8  S= 3 : pval = 5.099651e-07 
x= 4  y= 8  S= 5 : pval = 2.117275e-12 
x= 4  y= 8  S= 6 : pval = 0.5570732 
x= 5  y= 3  S= 4 : pval = 1.729784e-27 
x= 5  y= 3  S= 6 : pval = 6.114431e-28 
x= 5  y= 3  S= 8 : pval = 2.26034e-11 
x= 5  y= 6  S= 3 : pval = 0.06806644 
x= 5  y= 8  S= 3 : pval = 5.345117e-90 
x= 5  y= 8  S= 4 : pval = 4.315263e-108 
x= 5  y= 8  S= 6 : pval = 9.996951e-108 
x= 6  y= 2  S= 3 : pval = 1.112372e-10 
x= 6  y= 2  S= 4 : pval = 1.103539e-18 
x= 6  y= 2  S= 5 : pval = 1.599284e-09 
x= 6  y= 2  S= 7 : pval = 0.01151488 
x= 6  y= 2  S= 8 : pval = 2.340311e-09 
x= 6  y= 4  S= 2 : pval = 8.758358e-87 
x= 6  y= 4  S= 3 : pval = 1.898754e-69 
x= 6  y= 4  S= 5 : pval = 1.367061e-76 
x= 6  y= 4  S= 7 : pval = 3.667277e-30 
x= 6  y= 4  S= 8 : pval = 9.524487e-68 
x= 6  y= 7  S= 2 : pval = 2.297539e-50 
x= 6  y= 7  S= 3 : pval = 5.850562e-55 
x= 6  y= 7  S= 4 : pval = 9.219598e-10 
x= 6  y= 7  S= 5 : pval = 2.104608e-58 
x= 6  y= 7  S= 8 : pval = 8.699371e-55 
x= 6  y= 8  S= 2 : pval = 4.823877e-11 
x= 6  y= 8  S= 3 : pval = 1.15969e-07 
x= 6  y= 8  S= 4 : pval = 0.2473597 
x= 7  y= 6  S= 2 : pval = 2.297539e-50 
x= 7  y= 6  S= 3 : pval = 5.850562e-55 
x= 7  y= 6  S= 4 : pval = 9.219598e-10 
x= 7  y= 6  S= 8 : pval = 8.699371e-55 
x= 7  y= 8  S= 2 : pval = 0.002203417 
x= 7  y= 8  S= 3 : pval = 0.00253979 
x= 7  y= 8  S= 4 : pval = 0.5705443 
x= 8  y= 5  S= 3 : pval = 5.345117e-90 
x= 8  y= 5  S= 4 : pval = 4.315263e-108 
x= 8  y= 5  S= 6 : pval = 9.996951e-108 
x= 8  y= 5  S= 7 : pval = 1.47753e-109 
Order=2; remaining edges:10
x= 6  y= 2  S= 4 7 : pval = 2.578645e-08 
x= 6  y= 4  S= 2 7 : pval = 3.234818e-35 
x= 6  y= 7  S= 2 4 : pval = 1 

Expand search space using BiDAG::iterativeMCMC:maximum parent set size is 2 
core space defined, score table are being computed 
score tables completed, iterative MCMC is running 
search space expansion 2 
search space expansion 3 
search space expansion 4 

Sample DAGs using BiDAG::sampleBN:
maximum parent set size is 5 
core space defined, score table are being computed 
score tables computed, orderMCMC is running 

Save results to:  ./inst/simulations/ldags/MCMCchains/asia_pcskel_tree_order_ess1_epf2_reg1_N1000_r10.rds
Runtime
Time difference of 8.300843 secs
Type: DONE 
01119021 
x= 5  y= 8  S= 3 : pval = 3.108556e-11 
x= 6  y= 4  S= 2 : pval = 8.50359e-13 
x= 6  y= 4  S= 3 : pval = 1.351832e-12 
x= 6  y= 4  S= 7 : pval = 3.030936e-07 
x= 6  y= 4  S= 8 : pval = 5.14049e-13 
x= 6  y= 7  S= 2 : pval = 1.557867e-06 
x= 6  y= 7  S= 3 : pval = 1.006776e-07 
x= 6  y= 7  S= 4 : pval = 1 
x= 6  y= 8  S= 2 : pval = 0.2310136 
x= 7  y= 3  S= 2 : pval = 0.1517985 
x= 8  y= 5  S= 4 : pval = 7.837329e-11 
x= 8  y= 5  S= 6 : pval = 7.837329e-11 
Order=2; remaining edges:6

Expand search space using BiDAG::iterativeMCMC:maximum parent set size is 2 
core space defined, score table are being computed 
score tables completed, iterative MCMC is running 
search space expansion 2 
search space expansion 3 

Sample DAGs using BiDAG::sampleBN:
maximum parent set size is 4 
core space defined, score table are being computed 
score tables computed, orderMCMC is running 

Save results to:  ./inst/simulations/ldags/MCMCchains/asia_pcskel_none_order_ess1_epf2_reg1_N100_r10.rds
Runtime
Time difference of 6.284292 secs
Type: EXEC 

Init search space:Order=0; remaining edges:56
x= 1  y= 2  S=  : pval = 0.001246824 
x= 1  y= 3  S=  : pval = 0.6787546 
x= 1  y= 4  S=  : pval = 0.3088319 
x= 1  y= 5  S=  : pval = 0.4376146 
x= 1  y= 6  S=  : pval = 0.0112423 
x= 1  y= 7  S=  : pval = 0.1299165 
x= 1  y= 8  S=  : pval = 0.4638338 
x= 2  y= 1  S=  : pval = 0.001246824 
x= 2  y= 3  S=  : pval = 0.7315733 
x= 2  y= 4  S=  : pval = 0.5299967 
x= 2  y= 5  S=  : pval = 0.253342 
x= 2  y= 6  S=  : pval = 4.720583e-124 
x= 2  y= 7  S=  : pval = 3.254802e-91 
x= 2  y= 8  S=  : pval = 9.143895e-12 
x= 3  y= 4  S=  : pval = 8.182212e-107 
x= 3  y= 5  S=  : pval = 9.859613e-197 
x= 3  y= 6  S=  : pval = 7.245683e-84 
x= 3  y= 7  S=  : pval = 8.430342e-39 
x= 3  y= 8  S=  : pval = 5.658906e-126 
x= 4  y= 3  S=  : pval = 8.182212e-107 
x= 4  y= 5  S=  : pval = 1.222773e-06 
x= 4  y= 6  S=  : pval = 0 
x= 4  y= 7  S=  : pval = 0 
x= 4  y= 8  S=  : pval = 7.915426e-86 
x= 5  y= 3  S=  : pval = 9.859613e-197 
x= 5  y= 4  S=  : pval = 1.222773e-06 
x= 5  y= 6  S=  : pval = 8.17548e-05 
x= 5  y= 7  S=  : pval = 0.01760633 
x= 5  y= 8  S=  : pval = 0 
x= 6  y= 1  S=  : pval = 0.0112423 
x= 6  y= 2  S=  : pval = 4.720583e-124 
x= 6  y= 3  S=  : pval = 7.245683e-84 
x= 6  y= 4  S=  : pval = 0 
x= 6  y= 5  S=  : pval = 8.17548e-05 
x= 6  y= 7  S=  : pval = 0 
x= 6  y= 8  S=  : pval = 1.714583e-96 
x= 7  y= 2  S=  : pval = 3.254802e-91 
x= 7  y= 3  S=  : pval = 8.430342e-39 
x= 7  y= 4  S=  : pval = 0 
x= 7  y= 5  S=  : pval = 0.01760633 
x= 7  y= 6  S=  : pval = 0 
x= 7  y= 8  S=  : pval = 5.987527e-50 
x= 8  y= 2  S=  : pval = 9.143895e-12 
x= 8  y= 3  S=  : pval = 5.658906e-126 
x= 8  y= 4  S=  : pval = 7.915426e-86 
x= 8  y= 5  S=  : pval = 0 
x= 8  y= 6  S=  : pval = 1.714583e-96 
x= 8  y= 7  S=  : pval = 5.987527e-50 
Order=1; remaining edges:40
x= 1  y= 2  S= 6 : pval = 0.06964883 
x= 1  y= 6  S= 2 : pval = 0.5128482 
x= 2  y= 6  S= 1 : pval = 1.790094e-121 
x= 2  y= 6  S= 7 : pval = 1.694668e-33 
x= 2  y= 6  S= 8 : pval = 5.748627e-113 
x= 2  y= 7  S= 1 : pval = 2.061009e-89 
x= 2  y= 7  S= 6 : pval = 0.9997066 
x= 2  y= 8  S= 1 : pval = 7.54982e-11 
x= 2  y= 8  S= 6 : pval = 0.3266003 
x= 3  y= 4  S= 5 : pval = 1.431725e-100 
x= 3  y= 4  S= 6 : pval = 1.225256e-23 
x= 3  y= 4  S= 7 : pval = 1.144254e-68 
x= 3  y= 4  S= 8 : pval = 2.319548e-73 
x= 3  y= 5  S= 4 : pval = 2.349398e-190 
x= 3  y= 5  S= 6 : pval = 2.135581e-192 
x= 3  y= 5  S= 7 : pval = 1.968289e-194 
x= 3  y= 5  S= 8 : pval = 5.783293e-82 
x= 3  y= 6  S= 4 : pval = 0.959563 
x= 3  y= 7  S= 4 : pval = 0.7023111 
x= 3  y= 8  S= 4 : pval = 1.744107e-92 
x= 3  y= 8  S= 5 : pval = 2.650013e-11 
x= 3  y= 8  S= 6 : pval = 1.080685e-94 
x= 3  y= 8  S= 7 : pval = 1.879705e-111 
x= 4  y= 3  S= 5 : pval = 1.431725e-100 
x= 4  y= 3  S= 6 : pval = 1.225256e-23 
x= 4  y= 3  S= 7 : pval = 1.144254e-68 
x= 4  y= 3  S= 8 : pval = 2.319548e-73 
x= 4  y= 5  S= 3 : pval = 0.49054 
x= 4  y= 6  S= 3 : pval = 0 
x= 4  y= 6  S= 5 : pval = 0 
x= 4  y= 6  S= 7 : pval = 4.1318e-258 
x= 4  y= 6  S= 8 : pval = 0 
x= 4  y= 7  S= 3 : pval = 0 
x= 4  y= 7  S= 5 : pval = 0 
x= 4  y= 7  S= 6 : pval = 0.9948014 
x= 4  y= 8  S= 3 : pval = 2.007955e-52 
x= 4  y= 8  S= 5 : pval = 1.684618e-110 
x= 4  y= 8  S= 6 : pval = 0.354554 
x= 5  y= 3  S= 4 : pval = 2.349398e-190 
x= 5  y= 3  S= 6 : pval = 2.135581e-192 
x= 5  y= 3  S= 7 : pval = 1.968289e-194 
x= 5  y= 3  S= 8 : pval = 5.783293e-82 
x= 5  y= 6  S= 3 : pval = 0.2463618 
x= 5  y= 7  S= 3 : pval = 0.3177427 
x= 5  y= 8  S= 3 : pval = 0 
x= 5  y= 8  S= 4 : pval = 0 
x= 5  y= 8  S= 6 : pval = 0 
x= 5  y= 8  S= 7 : pval = 0 
x= 6  y= 2  S= 1 : pval = 1.790094e-121 
x= 6  y= 2  S= 3 : pval = 2.651021e-144 
x= 6  y= 2  S= 4 : pval = 1.330356e-231 
x= 6  y= 2  S= 5 : pval = 4.418044e-124 
x= 6  y= 2  S= 7 : pval = 1.694668e-33 
x= 6  y= 2  S= 8 : pval = 5.748627e-113 
x= 6  y= 4  S= 1 : pval = 0 
x= 6  y= 4  S= 2 : pval = 0 
x= 6  y= 4  S= 3 : pval = 0 
x= 6  y= 4  S= 5 : pval = 0 
x= 6  y= 4  S= 7 : pval = 4.1318e-258 
x= 6  y= 4  S= 8 : pval = 0 
x= 6  y= 7  S= 1 : pval = 0 
x= 6  y= 7  S= 2 : pval = 0 
x= 6  y= 7  S= 3 : pval = 0 
x= 6  y= 7  S= 4 : pval = 4.169472e-112 
x= 6  y= 7  S= 5 : pval = 0 
x= 6  y= 7  S= 8 : pval = 0 
x= 6  y= 8  S= 1 : pval = 5.578504e-95 
x= 6  y= 8  S= 2 : pval = 1.838226e-85 
x= 6  y= 8  S= 3 : pval = 2.860341e-65 
x= 6  y= 8  S= 4 : pval = 8.151173e-12 
x= 6  y= 8  S= 5 : pval = 9.300123e-135 
x= 6  y= 8  S= 7 : pval = 3.868368e-47 
x= 7  y= 6  S= 2 : pval = 0 
x= 7  y= 6  S= 3 : pval = 0 
x= 7  y= 6  S= 4 : pval = 4.169472e-112 
x= 7  y= 6  S= 5 : pval = 0 
x= 7  y= 6  S= 8 : pval = 0 
x= 7  y= 8  S= 2 : pval = 3.856966e-41 
x= 7  y= 8  S= 3 : pval = 1.241309e-35 
x= 7  y= 8  S= 4 : pval = 0.01761174 
x= 7  y= 8  S= 5 : pval = 5.599049e-77 
x= 7  y= 8  S= 6 : pval = 0.9651601 
x= 8  y= 3  S= 2 : pval = 6.825311e-128 
x= 8  y= 3  S= 4 : pval = 1.744107e-92 
x= 8  y= 3  S= 5 : pval = 2.650013e-11 
x= 8  y= 3  S= 6 : pval = 1.080685e-94 
x= 8  y= 3  S= 7 : pval = 1.879705e-111 
x= 8  y= 5  S= 2 : pval = 0 
x= 8  y= 5  S= 3 : pval = 0 
x= 8  y= 5  S= 4 : pval = 0 
x= 8  y= 5  S= 6 : pval = 0 
x= 8  y= 5  S= 7 : pval = 0 
x= 8  y= 6  S= 2 : pval = 1.838226e-85 
x= 8  y= 6  S= 3 : pval = 2.860341e-65 
x= 8  y= 6  S= 4 : pval = 8.151173e-12 
x= 8  y= 6  S= 5 : pval = 9.300123e-135 
x= 8  y= 6  S= 7 : pval = 3.868368e-47 
Order=2; remaining edges:16
x= 3  y= 4  S= 5 8 : pval = 7.54914e-88 
x= 3  y= 5  S= 4 8 : pval = 2.062395e-96 
x= 3  y= 8  S= 4 5 : pval = 0.9403897 
x= 6  y= 2  S= 4 7 : pval = 8.811133e-118 
x= 6  y= 2  S= 4 8 : pval = 8.276052e-218 
x= 6  y= 2  S= 7 8 : pval = 6.553091e-30 
x= 6  y= 4  S= 2 7 : pval = 0 
x= 6  y= 4  S= 2 8 : pval = 0 
x= 6  y= 4  S= 7 8 : pval = 1.093903e-218 
x= 6  y= 7  S= 2 4 : pval = 1 
x= 6  y= 8  S= 2 4 : pval = 1 
x= 8  y= 5  S= 3 6 : pval = 0 
Order=3; remaining edges:10

Expand search space using BiDAG::iterativeMCMC:maximum parent set size is 2 
core space defined, score table are being computed 
score tables completed, iterative MCMC is running 
search space expansion 2 

Sample DAGs using BiDAG::sampleBN:
maximum parent set size is 4 
core space defined, score table are being computed 
score tables computed, orderMCMC is running 

Save results to:  ./inst/simulations/ldags/MCMCchains/asia_pcskel_none_order_ess1_epf2_reg1_N10000_r10.rds
Runtime
Time difference of 5.657658 secs
Type: DONE 
e expansion 5 

Sample DAGs using BiDAG::sampleBN:
maximum parent set size is 4 
core space defined, score table are being computed 
score tables computed, orderMCMC is running 

Save results to:  ./inst/simulations/ldags/MCMCchains/asia_pcskel_ldag_order_ess1_epf2_reg1_N100_r10.rds
Runtime
Time difference of 10.23254 secs
Type: DONE 
 pval = 5.289998e-249 
x= 4  y= 6  S= 8 : pval = 0 
x= 4  y= 7  S= 3 : pval = 0 
x= 4  y= 7  S= 5 : pval = 0 
x= 4  y= 7  S= 6 : pval = 0.9136565 
x= 4  y= 8  S= 3 : pval = 1.94484e-48 
x= 4  y= 8  S= 5 : pval = 2.044189e-100 
x= 4  y= 8  S= 6 : pval = 0.2599672 
x= 5  y= 3  S= 2 : pval = 3.768796e-194 
x= 5  y= 3  S= 4 : pval = 4.222675e-188 
x= 5  y= 3  S= 6 : pval = 6.891334e-187 
x= 5  y= 3  S= 7 : pval = 1.227629e-190 
x= 5  y= 3  S= 8 : pval = 7.668245e-81 
x= 5  y= 6  S= 2 : pval = 2.832969e-07 
x= 5  y= 6  S= 3 : pval = 0.5000569 
x= 5  y= 7  S= 2 : pval = 0.0002606605 
x= 5  y= 7  S= 3 : pval = 0.2287011 
x= 5  y= 8  S= 2 : pval = 0 
x= 5  y= 8  S= 3 : pval = 0 
x= 5  y= 8  S= 4 : pval = 0 
x= 5  y= 8  S= 6 : pval = 0 
x= 5  y= 8  S= 7 : pval = 0 
x= 6  y= 2  S= 3 : pval = 8.683509e-138 
x= 6  y= 2  S= 4 : pval = 1.793614e-237 
x= 6  y= 2  S= 5 : pval = 5.341219e-127 
x= 6  y= 2  S= 7 : pval = 7.959229e-34 
x= 6  y= 2  S= 8 : pval = 1.603582e-120 
x= 6  y= 4  S= 2 : pval = 0 
x= 6  y= 4  S= 3 : pval = 0 
x= 6  y= 4  S= 5 : pval = 0 
x= 6  y= 4  S= 7 : pval = 5.289998e-249 
x= 6  y= 4  S= 8 : pval = 0 
x= 6  y= 7  S= 2 : pval = 0 
x= 6  y= 7  S= 3 : pval = 0 
x= 6  y= 7  S= 4 : pval = 5.30825e-117 
x= 6  y= 7  S= 5 : pval = 0 
x= 6  y= 7  S= 8 : pval = 0 
x= 6  y= 8  S= 2 : pval = 2.539526e-78 
x= 6  y= 8  S= 3 : pval = 7.54093e-57 
x= 6  y= 8  S= 4 : pval = 4.987889e-10 
x= 6  y= 8  S= 5 : pval = 3.458806e-112 
x= 6  y= 8  S= 7 : pval = 1.554774e-43 
x= 7  y= 6  S= 1 : pval = 0 
x= 7  y= 6  S= 2 : pval = 0 
x= 7  y= 6  S= 3 : pval = 0 
x= 7  y= 6  S= 4 : pval = 5.30825e-117 
x= 7  y= 6  S= 5 : pval = 0 
x= 7  y= 6  S= 8 : pval = 0 
x= 7  y= 8  S= 1 : pval = 1.777967e-44 
x= 7  y= 8  S= 2 : pval = 1.322774e-36 
x= 7  y= 8  S= 3 : pval = 1.007821e-29 
x= 7  y= 8  S= 4 : pval = 0.1068597 
x= 8  y= 3  S= 2 : pval = 2.47379e-123 
x= 8  y= 3  S= 4 : pval = 7.036719e-95 
x= 8  y= 3  S= 5 : pval = 3.132999e-10 
x= 8  y= 3  S= 6 : pval = 1.422044e-94 
x= 8  y= 3  S= 7 : pval = 6.748547e-110 
x= 8  y= 5  S= 2 : pval = 0 
x= 8  y= 5  S= 3 : pval = 0 
x= 8  y= 5  S= 4 : pval = 0 
x= 8  y= 5  S= 6 : pval = 0 
x= 8  y= 5  S= 7 : pval = 0 
x= 8  y= 6  S= 2 : pval = 2.539526e-78 
x= 8  y= 6  S= 3 : pval = 7.54093e-57 
x= 8  y= 6  S= 4 : pval = 4.987889e-10 
x= 8  y= 6  S= 5 : pval = 3.458806e-112 
x= 8  y= 6  S= 7 : pval = 1.554774e-43 
Order=2; remaining edges:18
x= 3  y= 4  S= 5 8 : pval = 2.080072e-76 
x= 3  y= 5  S= 4 8 : pval = 5.377928e-92 
x= 3  y= 8  S= 4 5 : pval = 0.778995 
x= 6  y= 2  S= 4 7 : pval = 9.406745e-119 
x= 6  y= 2  S= 4 8 : pval = 1.886823e-225 
x= 6  y= 2  S= 7 8 : pval = 1.809291e-31 
x= 6  y= 4  S= 2 7 : pval = 0 
x= 6  y= 4  S= 2 8 : pval = 0 
x= 6  y= 4  S= 7 8 : pval = 1.88635e-212 
x= 6  y= 7  S= 2 4 : pval = 1 
x= 6  y= 8  S= 2 4 : pval = 1 
x= 8  y= 5  S= 3 6 : pval = 0 
Order=3; remaining edges:12

Expand search space using BiDAG::iterativeMCMC:maximum parent set size is 2 
core space defined, score table are being computed 
score tables completed, iterative MCMC is running 
search space expansion 2 

Sample DAGs using BiDAG::sampleBN:
maximum parent set size is 4 
core space defined, score table are being computed 
score tables computed, orderMCMC is running 

Save results to:  ./inst/simulations/ldags/MCMCchains/asia_pcskel_ldag_order_ess1_epf2_reg1_N10000_r09.rds
Runtime
Time difference of 6.179997 secs
Type: EXEC 

Init search space:Order=0; remaining edges:56
x= 1  y= 2  S=  : pval = 0.6680922 
x= 1  y= 3  S=  : pval = 0.785582 
x= 1  y= 4  S=  : pval = 0.1585295 
x= 1  y= 5  S=  : pval = 0.06795553 
x= 1  y= 6  S=  : pval = 0.2034177 
x= 1  y= 7  S=  : pval = 0.1626935 
x= 1  y= 8  S=  : pval = 0.7546764 
x= 2  y= 3  S=  : pval = 0.7079292 
x= 2  y= 4  S=  : pval = 0.3959152 
x= 2  y= 5  S=  : pval = 0.4942736 
x= 2  y= 6  S=  : pval = 1.558615e-10 
x= 2  y= 7  S=  : pval = 1.003311e-08 
x= 2  y= 8  S=  : pval = 0.1230496 
x= 3  y= 4  S=  : pval = 5.152304e-11 
x= 3  y= 5  S=  : pval = 3.614447e-29 
x= 3  y= 6  S=  : pval = 5.957983e-10 
x= 3  y= 7  S=  : pval = 0.0004587864 
x= 3  y= 8  S=  : pval = 1.75364e-19 
x= 4  y= 3  S=  : pval = 5.152304e-11 
x= 4  y= 5  S=  : pval = 0.02231838 
x= 4  y= 6  S=  : pval = 4.290221e-79 
x= 4  y= 7  S=  : pval = 9.89717e-50 
x= 4  y= 8  S=  : pval = 6.766383e-12 
x= 5  y= 3  S=  : pval = 3.614447e-29 
x= 5  y= 4  S=  : pval = 0.02231838 
x= 5  y= 6  S=  : pval = 0.01667545 
x= 5  y= 7  S=  : pval = 0.6482636 
x= 5  y= 8  S=  : pval = 4.363697e-108 
x= 6  y= 2  S=  : pval = 1.558615e-10 
x= 6  y= 3  S=  : pval = 5.957983e-10 
x= 6  y= 4  S=  : pval = 4.290221e-79 
x= 6  y= 5  S=  : pval = 0.01667545 
x= 6  y= 7  S=  : pval = 1.256779e-58 
x= 6  y= 8  S=  : pval = 2.955916e-12 
x= 7  y= 2  S=  : pval = 1.003311e-08 
x= 7  y= 3  S=  : pval = 0.0004587864 
x= 7  y= 4  S=  : pval = 9.89717e-50 
x= 7  y= 6  S=  : pval = 1.256779e-58 
x= 7  y= 8  S=  : pval = 0.0001618325 
x= 8  y= 3  S=  : pval = 1.75364e-19 
x= 8  y= 4  S=  : pval = 6.766383e-12 
x= 8  y= 5  S=  : pval = 4.363697e-108 
x= 8  y= 6  S=  : pval = 2.955916e-12 
x= 8  y= 7  S=  : pval = 0.0001618325 
Order=1; remaining edges:32
x= 2  y= 6  S= 7 : pval = 0.01151488 
x= 2  y= 7  S= 6 : pval = 0.6672632 
x= 3  y= 4  S= 5 : pval = 1.4649e-09 
x= 3  y= 4  S= 6 : pval = 0.08105919 
x= 3  y= 5  S= 4 : pval = 1.729784e-27 
x= 3  y= 5  S= 6 : pval = 6.114431e-28 
x= 3  y= 5  S= 7 : pval = 1.431752e-28 
x= 3  y= 5  S= 8 : pval = 2.26034e-11 
x= 3  y= 6  S= 4 : pval = 0.8861185 
x= 3  y= 7  S= 4 : pval = 0.6658493 
x= 3  y= 8  S= 4 : pval = 1.724308e-14 
x= 3  y= 8  S= 5 : pval = 0.08867505 
x= 4  y= 5  S= 3 : pval = 0.248421 
x= 4  y= 6  S= 3 : pval = 1.898754e-69 
x= 4  y= 6  S= 5 : pval = 1.367061e-76 
x= 4  y= 6  S= 7 : pval = 3.667277e-30 
x= 4  y= 6  S= 8 : pval = 9.524487e-68 
x= 4  y= 7  S= 3 : pval = 5.697242e-46 
x= 4  y= 7  S= 5 : pval = 2.406264e-49 
x= 4  y= 7  S= 6 : pval = 0.6672632 
x= 4  y= 8  S= 3 : pval = 5.099651e-07 
x= 4  y= 8  S= 5 : pval = 2.117275e-12 
x= 4  y= 8  S= 6 : pval = 0.5570732 
x= 5  y= 3  S= 4 : pval = 1.729784e-27 
x= 5  y= 3  S= 6 : pval = 6.114431e-28 
x= 5  y= 3  S= 8 : pval = 2.26034e-11 
x= 5  y= 6  S= 3 : pval = 0.06806644 
x= 5  y= 8  S= 3 : pval = 5.345117e-90 
x= 5  y= 8  S= 4 : pval = 4.315263e-108 
x= 5  y= 8  S= 6 : pval = 9.996951e-108 
x= 6  y= 2  S= 3 : pval = 1.112372e-10 
x= 6  y= 2  S= 4 : pval = 1.103539e-18 
x= 6  y= 2  S= 5 : pval = 1.599284e-09 
x= 6  y= 2  S= 7 : pval = 0.01151488 
x= 6  y= 2  S= 8 : pval = 2.340311e-09 
x= 6  y= 4  S= 2 : pval = 8.758358e-87 
x= 6  y= 4  S= 3 : pval = 1.898754e-69 
x= 6  y= 4  S= 5 : pval = 1.367061e-76 
x= 6  y= 4  S= 7 : pval = 3.667277e-30 
x= 6  y= 4  S= 8 : pval = 9.524487e-68 
x= 6  y= 7  S= 2 : pval = 2.297539e-50 
x= 6  y= 7  S= 3 : pval = 5.850562e-55 
x= 6  y= 7  S= 4 : pval = 9.219598e-10 
x= 6  y= 7  S= 5 : pval = 2.104608e-58 
x= 6  y= 7  S= 8 : pval = 8.699371e-55 
x= 6  y= 8  S= 2 : pval = 4.823877e-11 
x= 6  y= 8  S= 3 : pval = 1.15969e-07 
x= 6  y= 8  S= 4 : pval = 0.2473597 
x= 7  y= 6  S= 2 : pval = 2.297539e-50 
x= 7  y= 6  S= 3 : pval = 5.850562e-55 
x= 7  y= 6  S= 4 : pval = 9.219598e-10 
x= 7  y= 6  S= 8 : pval = 8.699371e-55 
x= 7search space expansion 2 
search space expansion 3 

Sample DAGs using BiDAG::sampleBN:
maximum parent set size is 4 
core space defined, score table are being computed 
score tables computed, orderMCMC is running 

Save results to:  ./inst/simulations/ldags/MCMCchains/asia_pcskel_tree_order_ess1_epf2_reg1_N100_r10.rds
Runtime
Time difference of 6.95543 secs
Type: EXEC 

Init search space:Order=0; remaining edges:56
x= 1  y= 2  S=  : pval = 0.001246824 
x= 1  y= 3  S=  : pval = 0.6787546 
x= 1  y= 4  S=  : pval = 0.3088319 
x= 1  y= 5  S=  : pval = 0.4376146 
x= 1  y= 6  S=  : pval = 0.0112423 
x= 1  y= 7  S=  : pval = 0.1299165 
x= 1  y= 8search space expansion 4 
search space expansion 5 

Sample DAGs using BiDAG::sampleBN:
maximum parent set size is 5 
core space defined, score table are being computed 
score tables computed, orderMCMC is running 

Save results to:  ./inst/simulations/ldags/MCMCchains/asia_pcskel_ldag_order_ess1_epf2_reg1_N1000_r10.rds
Runtime
Time difference of 10.57842 secs
Type: DONE 
y= 6  S=  : pval = 7.245683e-84 
x= 3  y= 7  S=  : pval = 8.430342e-39 
x= 3  y= 8  S=  : pval = 5.658906e-126 
x= 4  y= 3  S=  : pval = 8.182212e-107 
x= 4  y= 5  S=  : pval = 1.222773e-06 
x= 4  y= 6  S=  : pval = 0 
x= 4  y= 7  S=  : pval = 0 
x= 4  y= 8  S=  : pval = 7.915426e-86 
x= 5  y= 3  S=  : pval = 9.859613e-197 
x= 5  y= 4  S=  : pval = 1.222773e-06 
x= 5  y= 6  S=  : pval = 8.17548e-05 
x= 5  y= 7  S=  : pval = 0.01760633 
x= 5  y= 8  S=  : pval = 0 
x= 6  y= 1  S=  : pval = 0.0112423 
x= 6  y= 2  S=  : pval = 4.720583e-124 
x= 6  y= 3  S=  : pval = 7.245683e-84 
x= 6  y= 4  S=  : pval = 0 
x= 6  y= 5  S=  : pval = 8.17548e-05 
x= 6  y= 7  S=  : pval = 0 
x= 6  y= 8  S=  : pval = 1.714583e-96 
x= 7  y= 2  S=  : pval = 3.254802e-91 
x= 7  y= 3  S=  : pval = 8.430342e-39 
x= 7  y= 4  S=  : pval = 0 
x= 7  y= 5  S=  : pval = 0.01760633 
x= 7  y= 6  S=  : pval = 0 
x= 7  y= 8  S=  : pval = 5.987527e-50 
x= 8  y= 2  S=  : pval = 9.143895e-12 
x= 8  y= 3  S=  : pval = 5.658906e-126 
x= 8  y= 4  S=  : pval = 7.915426e-86 
x= 8  y= 5  S=  : pval = 0 
x= 8  y= 6  S=  : pval = 1.714583e-96 
x= 8  y= 7  S=  : pval = 5.987527e-50 
Order=1; remaining edges:40
x= 1  y= 2  S= 6 : pval = 0.06964883 
x= 1  y= 6  S= 2 : pval = 0.5128482 
x= 2  y= 6  S= 1 : pval = 1.790094e-121 
x= 2  y= 6  S= 7 : pval = 1.694668e-33 
x= 2  y= 6  S= 8 : pval = 5.748627e-113 
x= 2  y= 7  S= 1 : pval = 2.061009e-89 
x= 2  y= 7  S= 6 : pval = 0.9997066 
x= 2  y= 8  S= 1 : pval = 7.54982e-11 
x= 2  y= 8  S= 6 : pval = 0.3266003 
x= 3  y= 4  S= 5 : pval = 1.431725e-100 
x= 3  y= 4  S= 6 : pval = 1.225256e-23 
x= 3  y= 4  S= 7 : pval = 1.144254e-68 
x= 3  y= 4  S= 8 : pval = 2.319548e-73 
x= 3  y= 5  S= 4 : pval = 2.349398e-190 
x= 3  y= 5  S= 6 : pval = 2.135581e-192 
x= 3  y= 5  S= 7 : pval = 1.968289e-194 
x= 3  y= 5  S= 8 : pval = 5.783293e-82 
x= 3  y= 6  S= 4 : pval = 0.959563 
x= 3  y= 7  S= 4 : pval = 0.7023111 
x= 3  y= 8  S= 4 : pval = 1.744107e-92 
x= 3  y= 8  S= 5 : pval = 2.650013e-11 
x= 3  y= 8  S= 6 : pval = 1.080685e-94 
x= 3  y= 8  S= 7 : pval = 1.879705e-111 
x= 4  y= 3  S= 5 : pval = 1.431725e-100 
x= 4  y= 3  S= 6 : pval = 1.225256e-23 
x= 4  y= 3  S= 7 : pval = 1.144254e-68 
x= 4  y= 3  S= 8 : pval = 2.319548e-73 
x= 4  y= 5  S= 3 : pval = 0.49054 
x= 4  y= 6  S= 3 : pval = 0 
x= 4  y= 6  S= 5 : pval = 0 
x= 4  y= 6  S= 7 : pval = 4.1318e-258 
x= 4  y= 6  S= 8 : pval = 0 
x= 4  y= 7  S= 3 : pval = 0 
x= 4  y= 7  S= 5 : pval = 0 
x= 4  y= 7  S= 6 : pval = 0.9948014 
x= 4  y= 8  S= 3 : pval = 2.007955e-52 
x= 4  y= 8  S= 5 : pval = 1.684618e-110 
x= 4  y= 8  S= 6 : pval = 0.354554 
x= 5  y= 3  S= 4 : pval = 2.349398e-190 
x= 5  y= 3  S= 6 : pval = 2.135581e-192 
x= 5  y= 3  S= 7 : pval = 1.968289e-194 
x= 5  y= 3  S= 8 : pval = 5.783293e-82 
x= 5  y= 6  S= 3 : pval = 0.2463618 
x= 5  y= 7  S= 3 : pval = 0.3177427 
x= 5  y= 8  S= 3 : pval = 0 
x= 5  y= 8  S= 4 : pval = 0 
x= 5  y= 8  S= 6 : pval = 0 
x= 5  y= 8  S= 7 : pval = 0 
x= 6  y= 2  S= 1 : pval = 1.790094e-121 
x= 6  y= 2  S= 3 : pval = 2.651021e-144 
x= 6  y= 2  S= 4 : pval = 1.330356e-231 
x= 6  y= 2  S= 5 : pval = 4.418044e-124 
x= 6  y= 2  S= 7 : pval = 1.694668e-33 
x= 6  y= 2  S= 8 : pval = 5.748627e-113 
x= 6  y= 4  S= 1 : pval = 0 
x= 6  y= 4  S= 2 : pval = 0 
x= 6  y= 4  S= 3 : pval = 0 
x= 6  y= 4  S= 5 : pval = 0 
x= 6  y= 4  S= 7 : pval = 4.1318e-258 
x= 6  y= 4  S= 8 : pval = 0 
x= 6  y= 7  S= 1 : pval = 0 
x= 6  y= 7  S= 2 : pval = 0 
x= 6  y= 7  S= 3 : pval = 0 
x= 6  y= 7  S= 4 : pval = 4.169472e-112 
x= 6  y= 7  S= 5 : pval = 0 
x= 6  y= 7  S= 8 : pval = 0 
x= 6  y= 8  S= 1 : pval = 5.578504e-95 
x= 6  y= 8  S= 2 : pval = 1.838226e-85 
x= 6  y= 8  S= 3 : pval = 2.860341e-65 
x= 6  y= 8  S= 4 : pval = 8.151173e-12 
x= 6  y= 8  S= 5 : pval = 9.300123e-135 
x= 6  y= 8  S= 7 : pval = 3.868368e-47 
x= 7  y= 6  S= 2 : pval = 0 
x= 7  y= 6  S= 3 : pval = 0 
x= 7  y= 6  S= 4 : pval = 4.169472e-112 
x= 7  y= 6  S= 5 : pval = 0 
x= 7  y= 6  S= 8 : pval = 0 
x= 7  y= 8  S= 2 : pval = 3.856966e-41 
x= 7  y= 8  S= 3 : pval = 1.241309e-35 
x= 7  y= 8  S= 4 : pval = 0.01761174 
x= 7  y= 8  S= 5 : pval = 5.599049e-77 
x= 7  y= 8  S= 6 : pval = 0.9651601 
x= 8  y= 3  S= 2 : pval = 6.825311e-128 
x= 8  y= 3  S= 4 : pval = 1.744107e-92 
x= 8  y= 3  S= 5 : pval = 2.650013e-11 
x= 8  y= 3  S= 6 : pval = 1.080685e-94 
x= 8  y= 3  S= 7 : pval = 1.879705e-111 
x= 8  y= 5  S= 2 : pval = 0 
x= 8  y= 5  S= 3 : pval = 0 
x= 8  y= 5  S= 4 : pval = 0 
x= 8  y= 5  S= 6 : pval = 0 
x= 8  y= 5  S= 7 : pval = 0 
x= 8  y= 6  S= 2 : pval = 1.838226e-85 
x= 8  y= 6  S= 3 : pval = 2.860341e-65 
x= 8  y= 6  S= 4 : pval = 8.151173e-12 
x= 8  y= 6  S= 5 : pval = 9.300123e-135 
x= 8  y= 6  S= 7 : pval = 3.868368e-47 
Order=2; remaining edges:16
x= 3  y= 4  S= 5 8 : pval = 7.54914e-88 
x= 3  y= 5  S= 4 8 : pval = 2.062395e-96 
x= 3  y= 8  S= 4 5 : pval = 0.9403897 
x= 6  y= 2  S= 4 7 : pval = 8.811133e-118 
x= 6  y= 2  S= 4 8 : pval = 8.276052e-218 
x= 6  y= 2  S= 7 8 : pval = 6.553091e-30 
x= 6  y= 4  S= 2 7 : pval = 0 
x= 6  y= 4  S= 2 8 : pval = 0 
x= 6  y= 4  S= 7 8 : pval = 1.093903e-218 
x= 6  y= 7  S= 2 4 : pval = 1 
x= 6  y= 8  S= 2 4 : pval = 1 
x= 8  y= 5  S= 3 6 : pval = 0 
Order=3; remaining edges:10

Expand search space using BiDAG::iterativeMCMC:maximum parent set size is 2 
core space defined, score table are being computed 
score tables completed, iterative MCMC is running 
search space expansion 2 

Sample DAGs using BiDAG::sampleBN:
maximum parent set size is 4 
core space defined, score table are being computed 
score tables computed, orderMCMC is running 

Save results to:  ./inst/simulations/ldags/MCMCchains/asia_pcskel_tree_order_ess1_epf2_reg1_N10000_r10.rds
Runtime
Time difference of 5.089315 secs
Type: DONE 
 pval = 0 
x= 5  y= 8  S= 6 : pval = 0 
x= 5  y= 8  S= 7 : pval = 0 
x= 6  y= 2  S= 1 : pval = 1.790094e-121 
x= 6  y= 2  S= 3 : pval = 2.651021e-144 
x= 6  y= 2  S= 4 : pval = 1.330356e-231 
x= 6  y= 2  S= 5 : pval = 4.418044e-124 
x= 6  y= 2  S= 7 : pval = 1.694668e-33 
x= 6  y= 2  S= 8 : pval = 5.748627e-113 
x= 6  y= 4  S= 1 : pval = 0 
x= 6  y= 4  S= 2 : pval = 0 
x= 6  y= 4  S= 3 : pval = 0 
x= 6  y= 4  S= 5 : pval = 0 
x= 6  y= 4  S= 7 : pval = 4.1318e-258 
x= 6  y= 4  S= 8 : pval = 0 
x= 6  y= 7  S= 1 : pval = 0 
x= 6  y= 7  S= 2 : pval = 0 
x= 6  y= 7  S= 3 : pval = 0 
x= 6  y= 7  S= 4 : pval = 4.169472e-112 
x= 6  y= 7  S= 5 : pval = 0 
x= 6  y= 7  S= 8 : pval = 0 
x= 6  y= 8  S= 1 : pval = 5.578504e-95 
x= 6  y= 8  S= 2 : pval = 1.838226e-85 
x= 6  y= 8  S= 3 : pval = 2.860341e-65 
x= 6  y= 8  S= 4 : pval = 8.151173e-12 
x= 6  y= 8  S= 5 : pval = 9.300123e-135 
x= 6  y= 8  S= 7 : pval = 3.868368e-47 
x= 7  y= 6  S= 2 : pval = 0 
x= 7  y= 6  S= 3 : pval = 0 
x= 7  y= 6  S= 4 : pval = 4.169472e-112 
x= 7  y= 6  S= 5 : pval = 0 
x= 7  y= 6  S= 8 : pval = 0 
x= 7  y= 8  S= 2 : pval = 3.856966e-41 
x= 7  y= 8  S= 3 : pval = 1.241309e-35 
x= 7  y= 8  S= 4 : pval = 0.01761174 
x= 7  y= 8  S= 5 : pval = 5.599049e-77 
x= 7  y= 8  S= 6 : pval = 0.9651601 
x= 8  y= 3  S= 2 : pval = 6.825311e-128 
x= 8  y= 3  S= 4 : pval = 1.744107e-92 
x= 8  y= 3  S= 5 : pval = 2.650013e-11 
x= 8  y= 3  S= 6 : pval = 1.080685e-94 
x= 8  y= 3  S= 7 : pval = 1.879705e-111 
x= 8  y= 5  S= 2 : pval = 0 
x= 8  y= 5  S= 3 : pval = 0 
x= 8  y= 5  S= 4 : pval = 0 
x= 8  y= 5  S= 6 : pval = 0 
x= 8  y= 5  S= 7 : pval = 0 
x= 8  y= 6  S= 2 : pval = 1.838226e-85 
x= 8  y= 6  S= 3 : pval = 2.860341e-65 
x= 8  y= 6  S= 4 : pval = 8.151173e-12 
x= 8  y= 6  S= 5 : pval = 9.300123e-135 
x= 8  y= 6  S= 7 : pval = 3.868368e-47 
Order=2; remaining edges:16
x= 3  y= 4  S= 5 8 : pval = 7.54914e-88 
x= 3  y= 5  S= 4 8 : pval = 2.062395e-96 
x= 3  y= 8  S= 4 5 : pval = 0.9403897 
x= 6  y= 2  S= 4 7 : pval = 8.811133e-118 
x= 6  y= 2  S= 4 8 : pval = 8.276052e-218 
x= 6  y= 2  S= 7 8 : pval = 6.553091e-30 
x= 6  y= 4  S= 2 7 : pval = 0 
x= 6  y= 4  S= 2 8 : pval = 0 
x= 6  y= 4  S= 7 8 : pval = 1.093903e-218 
x= 6  y= 7  S= 2 4 : pval = 1 
x= 6  y= 8  S= 2 4 : pval = 1 
x= 8  y= 5  S= 3 6 : pval = 0 
Order=3; remaining edges:10

Expand search space using BiDAG::iterativeMCMC:maximum parent set size is 2 
core space defined, score table are being computed 
score tables completed, iterative MCMC is running 
search space expansion 2 

Sample DAGs using BiDAG::sampleBN:
maximum parent set size is 4 
core space defined, score table are being computed 
score tables computed, orderMCMC is running 

Save results to:  ./inst/simulations/ldags/MCMCchains/asia_pcskel_ldag_order_ess1_epf2_reg1_N10000_r10.rds
Runtime
Time difference of 5.58551 secs
Type: DONE 
