starting worker for localhost:11666 
Type: EXEC 
Type: EXEC 
Type: EXEC 
Type: EXEC 
Type: EXEC 
Type: EXEC 
Type: EXEC 
Loading required package: Matrix
Start computing estimates for  alarm_pcskel_none_order_ess1_epf2_N1000_r03.rds 
 Compute estimates for cause node x 1 
 Compute estimates for cause node x 2 
 Compute estimates for cause node x 3 
 Compute estimates for cause node x 4 
 Compute estimates for cause node x 5 
 Compute estimates for cause node x 6 
 Compute estimates for cause node x 7 
 Compute estimates for cause node x 8 
 Compute estimates for cause node x 9 
 Compute estimates for cause node x 10 
 Compute estimates for cause node x 11 
 Compute estimates for cause node x 12 
 Compute estimates for cause node x 13 
 Compute estimates for cause node x 14 
 Compute estimates for cause node x 15 
 Compute estimates for cause node x 16 
 Compute estimates for cause node x 17 
 Compute estimates for cause node x 18 
 Compute estimates for cause node x 19 
 Compute estimates for cause node x 20 
 Compute estimates for cause node x 21 
 Compute estimates for cause node x 22 
 Compute estimates for cause node x 23 
 Compute estimates for cause node x 24 
 Compute estimates for cause node x 25 
 Compute estimates for cause node x 26 
 Compute estimates for cause node x 27 
 Compute estimates for cause node x 28 
 Compute estimates for cause node x 29 
 Compute estimates for cause node x 30 
 Compute estimates for cause node x 31 
 Compute estimates for cause node x 32 
 Compute estimates for cause node x 33 
 Compute estimates for cause node x 34 
 Compute estimates for cause node x 35 
 Compute estimates for cause node x 36 
 Compute estimates for cause node x 37 

Save results to:  ./inst/simulations/results/sim_bn/alarm_pcskel_none_order_ess1_epf2_N1000_r02.rds
Runtime
Time difference of 19.57457 secs
Type: EXEC 
Start computing estimates for  alarm_pcskel_none_order_ess1_epf2_N1000_r10.rds 
 Compute estimates for cause node x 1 
 Compute estimates for cause node x 2 
 Compute estimates for cause node x 3 
 Compute estimates for cause node x 4 
 Compute estimates for cause node x 5 
 Compute estimates for cause node x 6 
 Compute estimates for cause node x 7 
 Compute estimates for cause node x 8 
 Compute estimates for cause node x 9 
 Compute estimates for cause node x 10 
 Compute estimates for cause node x 11 
 Compute estimates for cause node x 12 
 Compute estimates for cause node x 13 
 Compute esti Compute estimates for cause Compute estimates for cause node x 15 
 Compute estimates for cause node x 16 
 Compute estimates for cause node x 17 
 Compute estimates for cause node x 18 
 Compute estimates for cause node x 19 
 Compute estimates for cause node x 20 
 Compute estimates for cause node x 21 
 Compute estimates for cause node x 22 
 Compute estimates for cause node x 23 
 Compute estimates for cause node x 24 
 Compute estimates for cause node x 25 
 Compute estimates for cause node x 26 
 Compute estimates for cause node x 27 
 Compute estimates for cause node x 28 
 Compute estimates for cause node x 29 
 Compute estimates for cause node x 30 
 Compute estimates for cause node x 31 
 Compute estimates for cause node x 32 
 Compute estimates for cause node x 33 
 Compute estimates for cause node x 34 
 Compute estimates for cause node x 35 
 Compute estimates for cause node x 36 
 Compute estimates for cause node x 37 

Save results to:  ./inst/simulations/results/sim_bn/alarm_pcskel_none_order_ess1_epf2_N1000_r07.rds
Runtime
Time difference of 18.91719 secs
Type: EXEC 
Start computing estimates for  alarm_pcskel_none_order_ess1_epf2_N300_r03.rds 
 Compute estimates for cause node x 1 
 Compute estimates for cause node x 2 
 Compute estimates for cause node x 3 
 Compute estimates for cause node x 4 
 Compute estimates for cause node x 5 
 Compute estimates for cause node x 6 
 Compute estimates for cause node x 7 
 Compute estimates for cause node x 8 
 Compute estimates for cause node x 9 
 Compute estimates for cause node x 10 
 Compute estimates for cause node x 11 
 Compute estimates for cause node x 12 
 Compute estimates for cause node x 13 
 Compute estimates for cause node x 14 
 Compute estimates for cause node x 15 
 Compute estimates for cause node x 16 
 Compute estimates for cause node x 17 
 Compute estimates for cause node x 18 
 Compute estimates for cause node x 19 
 Compute estimates for cause node x 20 
 Compute estimates for cause node x 21 
 Compute estimates for cause node x 22 
 Compute estimates for cause node x 23 
 Compute estimates for cause node x 24 
 Compute estimates for cause node x 25 
 Compute estimates for cause node x 26 
 Compute estimates for cause node x 27 
 Compute estimates for cause node x 28 
 Compute estimates for cause node x 29 
 Compute estimates for cause node x 30 
 Compute estimates for cause node x 31 
 Compute estimates for cause node x 32 
 Compute estimates for cause node x 33 
 Compute estimates for cause node x 34 
 Compute estimates for cause node x 35 
 Compute estimates for cause node x 36 
 Compute estimates for cause node x 37 

Save results to:  ./inst/simulations/results/sim_bn/alarm_pcskel_none_order_ess1_epf2_N300_r03.rds
Runtime
Time difference of 24.44291 secs
Type: EXEC 
Type: EXEC 
Type: EXEC 
Type: EXEC 
Start computing estimates for  alarm_pcskel_none_order_ess1_epf2_N300_r10.rds 
 Compute estimates for cause node x 1 
 Compute estimates for cause node x 2 
 Compute estimates for cause node x 3 
 Compute estimates for cause node x 4 
 Compute estimates for cause node x 5 
 Compute estimates for cause node x 6 
 Compute estimates for cause node x 7 
 Compute estimates for cause node x 8 
 Compute estimates for cause node x 9 
 Compute estimates for cause node x 10 
 Compute estimates for cause node x 11 
 Compute estimates for cause node x 12 
 Compute estimates for cause node x 13 
 Compute estimates for cause node x 14 
 Compute estimates for cause node x 15 
 Compute estimates for cause node x 16 
 Compute estimates for cause node x 17 
 Compute estimates for cause node x 18 
 Compute estimates for cause node x 19 
 Compute estimates for cause node x 20 
 Compute estimates for cause node x 21 
 Compute estimates for cause node x 22 
 Compute estimates for cause node x 23 
 Compute estimates for cause node x 24 
 Compute estimates for cause node x 25 
 Compute estimates for cause node x 26 
 Compute estimates for cause node x 27 
 Compute estimates for cause node x 28 
 Compute estimates for cause node x 29 
 Compute estimates for cause node x 30 
 Compute estimates for cause node x 31 
 Compute estimates for cause node x 32 
 Compute estimates for cause node x 33 
 Compute estimates for cause node x 34 
 Compute estimates for cause node x 35 
 Compute estimates for cause node x 36 
 Compute estimates for cause node x 37 

Save results to:  ./inst/simulations/results/sim_bn/alarm_pcskel_none_order_ess1_epf2_N300_r10.rds
Runtime
Time difference of 25.53825 secs
Type: EXEC 
Start computing estimates for  alarm_pcskel_none_order_ess1_epf2_N3000_r03.rds 
 Compute estimates for cause node x 1 
 Compute estimates for cause node x 2 
 Compute estimates for cause node x 3 
 Compute estimates for cause node x 4 
 Compute estimates for cause node x 5 
 Compute estimates for cause node x 6 
 Compute estimates for cause node x 7 
 Compute estimates for cause node x 8 
 Compute estimates for cause node x 9 
 Compute estimates for cause node x 10 
 Compute estimates for cause node x 11 
 Compute estimates for cause node x 12 
 Compute estimates for cause node x 13 
 Compute estimates for cause node x 14 
 Compute estimates for cause node x 15 
 Compute estimates for cause node x 16 
 Compute estimates for cause node x 17 
 Compute estimates for cause node x 18 
 Compute estimates for cause node x 19 
 Compute estimates for cause node x 20 
 Compute estimates for cause node x 21 
 Compute estimates for cause node x 22 
 Co Compute estimates for cause node x 24 
 Compute estimates for cause node x 25 
 Compute estimates for cause node x 26 
 Compute estimates for cause node x 27 
 Compute estimates for cause node x 28 
 Compute estimates for cause node x 29 
 Compute estimates for cause node x 30 
 Compute estimates for cause node x 31 
 Compute estimates for cause node x 32 
 Compute estimates for cause node x 33 
 Compute estimates for cause node x 34 
 Compute estimates for cause node x 35 
 Compute estimates for cause node x 36 
 Compute estimates for cause node x 37 

Save results to:  ./inst/simulations/results/sim_bn/alarm_pcskel_none_order_ess1_epf2_N300_r11.rds
Runtime
Time difference of 27.86759 secs
Type: EXEC 
Start computing estimates for  alarm_pcskel_none_order_ess1_epf2_N3000_r07.rds 
 Compute estimates for cause node x 1 
 Compute estimates for cause node x 2 
 Compute estimates for cause node x 3 
 Compute estimates for cause node x 4 
 Compute estimates for cause node x 5 
 Compute estimates for cause node x 6 
 Compute estimates for cause node x 7 
 Compute estimates for cause node x 8 
 Compute estimates for cause node x 9 
 Compute estimates for cause node x 10 
 Compute estimates for cause node x 11 
 Compute estimates for cause node x 12 
 Compute estimates for cause node x 13 
 Compute estimates for cause node x 14 
 Compute estimates for cause node x 15 
 Compute estimates for cause node x 16 
 Compute estimates for cause node x 17 
 Compute estimates for cause node x 18 
 Compute estimates for cause node x 19 
 Compute estimates for cause node x 20 
 Compute estimates for cause node x 21 
 Compute estimates for cause node x 22 
 Compute estimates for cause node x 23 
 Compute estimates for cause node x 24 
 Compute estimates for cause node x 25 
 Compute estimates for cause node x 26 
 Compute estimates for cause node x 27 
 Compute estimates for cause node x 28 
 Compute estimates for cause node x 29 
 Compute estimates for cause node x 30 
 Compute estimates for cause node x 31 
 Compute estimates for cause node x 32 
 Compute estimates for cause node x 33 
 Compute estimates for cause node x 34 
 Compute estimates for cause node x 35 
 Compute estimates for cause node x 36 
 Compute estimates for cause node x 37 

Save results to:  ./inst/simulations/results/sim_bn/alarm_pcskel_none_order_ess1_epf2_N3000_r07.rds
Runtime
Time difference of 21.51856 secs
Type: EXEC 
Start computing estimates for  alarm_pcskel_none_order_ess1_epflogN_N1000_r03.rds 
 Compute estimates for cause node x 1 
 Compute estimates for cause node x 2 
 Compute estimates for cause node x 3 
 Compute estimates for cause node x 4 
 Compute estimates for cause node x 5 
 Compute estimates for cause node x 6 
 Compute estimates for cause node x 7 
 Compute estimates for cause node x 8 
 Compute estimates for cause node x 9 
 Compute estimates for cause node x 10 
 Compute estimates for cause node x 11 
 Compute estimates for cause node x 12 
 Compute estimates for cause node x 13 
 Compute estimates for cause node x 14 
 Compute estimates for cause node x 15 
 Compute estimates for cause node x 16 
 Compute estimates for cause node x 17 
 Compute estimates for cause node x 18 
 Compute estimates for cause node x 19 
 Compute estimates for cause node x 20 
 Compute estimates for cause node x 21 
 Compute estimates for cause node x 22 
 Compute estimates for cause node x 23 
 Compute estimates for cause node x 24 
 Compute estimates for cause node x 25 
 Compute estimates for cause node x 26 
 Compute estimates for cause node x 27 
 Compute estimates for cause node x 28 
 Compute estimates for cause node x 29 
 Compute estimates for cause node x 30 
 Compute estimates for cause node x 31 
 Compute estimates for cause node x 32 
 Compute estimates for cause node x 33 
 Compute estimates for cause node x 34 
 Compute estimates for cause node x 35 
 Compute estimates for cause node x 36 
 Compute estimates for cause node x 37 

Save results to:  ./inst/simulations/results/sim_bn/alarm_pcskel_none_order_ess1_epflogN_N1000_r03.rds
Runtime
Time difference of 14.92036 secs
Type: EXEC 
Start computing estimates for  alarm_pcskel_none_order_ess1_epflogN_N1000_r10.rds 
 Compute estimates for cause node x 1 
 Compute estimates for cause node x 2 
 Compute estimates for cause node x 3 
 Compute estimates for cause node x 4 
 Compute estimates for cause node x 5 
 Compute estimates for cause node x 6 
 Compute estimates for cause node x 7 
 Compute estimates for cause node x 8 
 Compute estimates for cause node x 9 
 Compute estimates for cause node x 10 
 Compute estimates for cause node x 11 
 Compute estimates for cause node x 12 
 Compute estimates for cause node x 13 
 Compute estimates for cause node x 14 
 Compute estimates for cause node x 15 
 Compute estimates for cause node x 16 
 Compute estimates for cause node x 17 
 Compute estimates for cause node x 18 
 Compute estimates for cause node x 19 
 Compute estimates for cause node x 20 
 Compute estimates for cause node x 21 
 Compute estimates for cause node x 22 
 Compute estimates for cause node x 23 
 Compute estimates for cause node x 24 
 Compute estimates for cause node x 25 
 Compute estimates for cause node x 26 
 Compute estimates for cause node x 27 
 Compute estimates for cause node x 28 
 Compute estimates for cause node x 29 
 Compute estimates for cause node x 30 
 Compute estimates for cause node x 31 
 Compute estimates for cause node x 32 
 Compute estimates for cause node x 33 
 Compute estimates for cause node x 34 
 Compute estimates for cause node x 35 
 Compute estimates for cause node x 36 
 Compute estimates for cause node x 37 

Save results to:  ./inst/simulations/results/sim_bn/alarm_pcskel_none_order_ess1_epflogN_N1000_r10.rds
Runtime
Time difference of 14.17238 secs
Type: EXEC 
Start computing estimates for  alarm_pcskel_none_order_ess1_epflogN_N300_r04.rds 
 Compute estimates for cause node x 1 
 Compute estimates for cause node x 2 
 Compute estimates for cause node x 3 
 Compute estimates for cause node x 4 
 Compute estimates for cause node x 5 
 Compute estimates for cause node x 6 
 Compute estimates for cause node x 7 
 Compute estimates for cause node x 8 
 Compute estimates for cause node x 9 
 Compute estimates for cause node x 10 
 Compute estimates for cause node x 11 
 Compute estimates for cause node x 12 
 Compute estimates for cause node x 13 
 Compute estimates for cause node x 14 
 Compute estimates for cause node x 15 
 Compute estimates for cause node x 16 
 Compute estimates for cause node x 17 
 Compute estimates for cause node x 18 
 Compute estimates for cause node x 19 
 Compute estimates for cause node x 20 
 Compute estimates for cause node x 21 
 Compute estimates for cause node x 22 
 Compute estimates for cause node x 23 
 Compute estimates for cause node x 24 
 Compute estimates for cause node x 25 
 Compute estimates for cause node x 26 
 Compute estimates for cause node x 27 
 Compute estimates for cause node x 28 
 Compute estimates for cause node x 29 
 Compute estimates for cause node x 30 
 Compute estimates for cause node x 31 
 Compute estimates for cause node x 32 
 Compute estimates for cause node x 33 
 Compute estimates for cause node x 34 
 Compute estimates for cause node x 35 
 Compute estimates for cause node x 36 
 Compute estimates for cause node x 37 

Save results to:  ./inst/simulations/results/sim_bn/alarm_pcskel_none_order_ess1_epflogN_N300_r04.rds
Runtime
Time difference of 21.08432 secs
Type: EXEC 
Type: EXEC 
Start computing estimates for  alarm_pcskel_none_order_ess1_epflogN_N300_r09.rds 
 Compute estimates for cause node x 1 
 Compute estimates for cause node x 2 
 Compute estimates for cause node x 3 
 Compute estimates for cause node x 4 
 Compute estimates for cause node x 5 
 Compute estimates for cause node x 6 
 Compute estimates for cause node x 7 
 Compute estimates for cause node x 8 
 Compute estimates for cause node x 9 
 Compute estimates for cause node x 10 
 Compute estimates for cause node x 11 
 Compute estimates for cause node x 12 
 Compute estimates for cause node x 13 
 Compute estimates for cause node x 14 
 Compute estimates for cause node x 15 
 Compute estimates for cause node x 16 
 Compute estimates for cause node x 17 
 Compute estimates for cause node x 18 
 Compute estimates for cause node x 19 
 Compute estimates for cause node x 20 
 Compute estimates for cause node x 21 
 Compute estimates for cause node x 22 
 Compute estimates for cause node x 23 
 Compute estimates for cause node x 24 
 Compute estimates for cause node x 25 
 Compute estimates for cause node x 26 
 Compute estimates for cause node x 27 
 Compute estimates for cause node x 28 
 Compute estimates for cause node x 29 
 Compute estimates for cause node x 30 
 Compute estimates for cause node x 31 
 Compute estimates for cause node x 32 
 Compute estimates for cause node x 33 
 Compute estimates for cause node x 34 
 Compute estimates for cause node x 35 
 Compute estimates for cause node x 36 
 Compute estimates for cause node x 37 

Save results to:  ./inst/simulations/results/sim_bn/alarm_pcskel_none_order_ess1_epflogN_N300_r09.rds
Runtime
Time difference of 23.5084 secs
Type: EXEC 
Start computing estimates for  alarm_pcskel_none_order_ess1_epflogN_N3000_r02.rds 
 Compute estimates for cause node x 1 
 Compute estimates for cause node x 2 
 Compute estimates for cause node x 3 
 Compute estimates for cause node x 4 
 Compute estimates for cause node x 5 
 Compute estimates for cause node x 6 
 Compute estimates for cause node x 7 
 Compute estimates for cause node x 8 
 Compute estimates for cause node x 9 
 Compute estimates for cause node x 10 
 Compute estimates for cause node x 11 
 Compute estimates for cause node x 12 
 Compute estimates for cause node x 13 
 Compute estimates for cause node x 14 
 Compute estimates for cause node x 15 
 Compute estimates for cause node x 16 
 Compute estimates for cause node x 17 
 Compute estimates for cause node x 18 
 Compute estimates for cause node x 19 
 Compute estimates for cause node x 20 
 Compute estimates for cause node x 21 
 Compute estimates for cause node x 22 
 Compute estimates for cause node x 23 
 Compute estimates for cause node x 24 
 Compute estimates for cause node x 25 
 Compute estimates for cause node x 26 
 Compute estimates for cause node x 27 
 Compute estimates for cause node x 28 
 Compute estimates for cause node x 29 
 Compute estimates for cause node x 30 
 Compute estimates for cause node x 31 
 Compute estimates for cause node x 32 
 Compute estimates for cause node x 33 
 Compute estimates for cause node x 34 
 Compute estimates for cause node x 35 
 Compute estimates for cause node x 36 
 Compute estimates for cause node x 37 

Save results to:  ./inst/simulations/results/sim_bn/alarm_pcskel_none_order_ess1_epflogN_N3000_r02.rds
Runtime
Time difference of 9.351485 mins
Type: EXEC 
Type: EXEC 
Type: EXEC 
Type: EXEC 
Start computing estimates for  alarm_pcskel_none_order_ess1_epflogN_N3000_r09.rds 
 Compute estimates for cause node x 1 
 Compute estimates for cause node x 2 
 Compute estimates for cause node x 3 
 Compute estimates for cause node x 4 
 Compute estimates for cause node x 5 
 Compute estimates for cause node x 6 
 Compute estimates for cause node x 7 
 Compute estimates for cause node x 8 
 Compute estimates for cause node x 9 
 Compute estimates for cause node x 10 
 Compute estimates for cause node x 11 
 Compute estimates for cause node x 12 
 Compute estimates for cause node x 13 
 Compute estimates for cause node x 14 
 Compute estimates for cause node x 15 
 Compute estimates for cause node x 16 
 Compute estimates for cause node x 17 
 Compute estimates for cause node x 18 
 Compute estimates for cause node x 19 
 Compute estimates for cause node x 20 
 Compute estimates for cause node x 21 
 Compute estimates for cause node x 22 
 Compute estimates for cause node x 23 
 Compute estimates for cause node x 24 
 Compute estimates for cause node x 25 
 Compute estimates for cause node x 26 
 Compute estimates for cause node x 27 
 Compute estimates for cause node x 28 
 Compute estimates for cause node x 29 
 Compute estimates for cause node x 30 
 Compute estimates for cause node x 31 
 Compute estimates for cause node x 32 
 Compute estimates for cause node x 33 
 Compute estimates for cause node x 34 
 Compute estimates for cause node x 35 
 Compute estimates for cause node x 36 
 Compute estimates for cause node x 37 

Save results to:  ./inst/simulations/results/sim_bn/alarm_pcskel_none_order_ess1_epflogN_N3000_r09.rds
Runtime
Time difference of 16.73006 secs
Type: EXEC 
Type: EXEC 
Type: EXEC 
Type: EXEC 
Start computing estimates for  alarm_pcskel_ptree_order_ess1_epf2_N1000_r09.rds 
 Compute estimates for cause node x 1 
Type: EXEC 
Start computing estimates for  alarm_pcskel_ptree_order_ess1_epf2_N300_r02.rds 
 Compute estimates for cause node x 1 
Type: EXEC 
Start computing estimates for  alarm_pcskel_ptree_order_ess1_epf2_N300_r05.rds 
 Compute estimates for cause node x 1 
Type: EXEC 
Start computing estimates for  alarm_pcskel_ptree_order_ess1_epf2_N300_r11.rds 
 Compute estimates for cause node x 1 
Type: EXEC 
Start computing estimates for  alarm_pcskel_ptree_order_ess1_epf2_N3000_r04.rds 
 Compute estimates for cause node x 1 
Type: EXEC 
Start computing estimates for  alarm_pcskel_ptree_order_ess1_epflogN_N1000_r01.rds 
 Compute estimates for cause node x 1 
Type: EXEC 
Start computing estimates for  alarm_pcskel_ptree_order_ess1_epflogN_N1000_r05.rds 
 Compute estimates for cause node x 1 
Type: EXEC 
Start computing estimates for  alarm_pcskel_ptree_order_ess1_epflogN_N300_r04.rds 
 Compute estimates for cause node x 1 
Type: EXEC 
Start computing estimates for  alarm_pcskel_ptree_order_ess1_epflogN_N3000_r02.rds 
 Compute estimates for cause node x 1 
Type: EXEC 
Start computing estimates for  alarm_pcskel_ptree_order_ess1_epflogN_N3000_r05.rds 
 Compute estimates for cause node x 1 
Type: EXEC 
Start computing estimates for  asia_pcskel_none_order_ess1_epf2_N1000_r01.rds 
 Compute estimates for cause node x 1 
 Compute estimates for cause node x 2 
 Compute estimates for cause node x 3 
 Compute estimates for cause node x 4 
 Compute estimates for cause node x 5 
 Compute estimates for cause node x 6 
 Compute estimates for cause node x 7 
 Compute estimates for cause node x 8 

Save results to:  ./inst/simulations/results/sim_bn/asia_pcskel_none_order_ess1_epf2_N1000_r01.rds
Runtime
Time difference of 0.9994359 secs
Type: EXEC 
Start computing estimates for  asia_pcskel_none_order_ess1_epf2_N300_r01.rds 
 Compute estimates for cause node x 1 
 Compute estimates for cause node x 2 
 Compute estimates for cause node x 3 
 Compute estimates for cause node x 4 
 Compute estimates for cause node x 5 
 Compute estimates for cause node x 6 
 Compute estimates for cause node x 7 
 Compute estimates for cause node x 8 

Save results to:  ./inst/simulations/results/sim_bn/asia_pcskel_none_order_ess1_epf2_N300_r01.rds
Runtime
Time difference of 1.024271 secs
Type: EXEC 
Type: EXEC 
Type: EXEC 
Start computing estimates for  asia_pcskel_none_order_ess1_epf2_N3000_r04.rds 
 Compute estimates for cause node x 1 
 Compute estimates for cause node x 2 
 Compute estimates for cause node x 3 
 Compute estimates for cause node x 4 
 Compute estimates for cause node x 5 
 Compute estimates for cause node x 6 
 Compute estimates for cause node x 7 
 Compute estimates for cause node x 8 

Save results to:  ./inst/simulations/results/sim_bn/asia_pcskel_none_order_ess1_epf2_N3000_r04.rds
Runtime
Time difference of 0.9126358 secs
Type: EXEC 
Start computing estimates for  asia_pcskel_none_order_ess1_epflogN_N1000_r01.rds 
 Compute estimates for cause node x 1 
 Compute estimates for cause node x 2 
 Compute estimates for cause node x 3 
 Compute estimates for cause node x 4 
 Compute estimates for cause node x 5 
 Compute estimates for cause node x 6 
 Compute estimates for cause node x 7 
 Compute estimates for cause node x 8 

Save results to:  ./inst/simulations/results/sim_bn/asia_pcskel_none_order_ess1_epflogN_N1000_r01.rds
Runtime
Time difference of 0.8652871 secs
Type: EXEC 
Type: EXEC 
Type: EXEC 
Start computing estimates for  asia_pcskel_none_order_ess1_epflogN_N300_r01.rds 
 Compute estimates for cause node x 1 
 Compute estimates for cause node x 2 
 Compute estimates for cause node x 3 
 Compute estimates for cause node x 4 
 Compute estimates for cause node x 5 
 Compute estimates for cause node x 6 
 Compute estimates for cause node x 7 
 Compute estimates for cause node x 8 

Save results to:  ./inst/simulations/results/sim_bn/asia_pcskel_none_order_ess1_epflogN_N300_r01.rds
Runtime
Time difference of 0.823549 secs
Type: EXEC 
Start computing estimates for  asia_pcskel_none_order_ess1_epflogN_N300_r10.rds 
 Compute estimates for cause node x 1 
 Compute estimates for cause node x 2 
 Compute estimates for cause node x 3 
 Compute estimates for cause node x 4 
 Compute estimates for cause node x 5 
 Compute estimates for cause node x 6 
 Compute estimates for cause node x 7 
 Compute estimates for cause node x 8 

Save results to:  ./inst/simulations/results/sim_bn/asia_pcskel_none_order_ess1_epflogN_N300_r10.rds
Runtime
Time difference of 0.664525 secs
Type: EXEC 
Start computing estimates for  asia_pcskel_none_order_ess1_epflogN_N3000_r05.rds 
 Compute estimates for cause node x 1 
 Compute estimates for cause node x 2 
 Compute estimates for cause node x 3 
 Compute estimates for cause node x 4 
 Compute estimates for cause node x 5 
 Compute estimates for cause node x 6 
 Compute estimates for cause node x 7 
 Compute estimates for cause node x 8 

Save results to:  ./inst/simulations/results/sim_bn/asia_pcskel_none_order_ess1_epflogN_N3000_r05.rds
Runtime
Time difference of 0.73561 secs
Type: EXEC 
Start computing estimates for  asia_pcskel_none_order_ess1_epflogN_N3000_r10.rds 
 Compute estimates for cause node x 1 
 Compute estimates for cause node x 2 
 Compute estimates for cause node x 3 
 Compute estimates for cause node x 4 
 Compute estimates for cause node x 5 
 Compute estimates for cause node x 6 
 Compute estimates for cause node x 7 
 Compute estimates for cause node x 8 

Save results to:  ./inst/simulations/results/sim_bn/asia_pcskel_none_order_ess1_epflogN_N3000_r10.rds
Runtime
Time difference of 0.517436 secs
Type: EXEC 
Start computing estimates for  asia_pcskel_ptree_order_ess1_epf2_N1000_r10.rds 
 Compute estimates for cause node x 1 
Type: EXEC 
Start computing estimates for  asia_pcskel_ptree_order_ess1_epf2_N300_r06.rds 
 Compute estimates for cause node x 1 
Type: EXEC 
Start computing estimates for  asia_pcskel_ptree_order_ess1_epf2_N3000_r01.rds 
 Compute estimates for cause node x 1 
Type: EXEC 
Start computing estimates for  asia_pcskel_ptree_order_ess1_epf2_N3000_r09.rds 
 Compute estimates for cause node x 1 
Type: EXEC 
Type: EXEC 
Type: EXEC 
Type: EXEC 
Start computing estimates for  asia_pcskel_ptree_order_ess1_epflogN_N1000_r09.rds 
 Compute estimates for cause node x 1 
Type: EXEC 
Start computing estimates for  asia_pcskel_ptree_order_ess1_epflogN_N300_r01.rds 
 Compute estimates for cause node x 1 
Type: EXEC 
Start computing estimates for  asia_pcskel_ptree_order_ess1_epflogN_N300_r10.rds 
 Compute estimates for cause node x 1 
Type: EXEC 
Type: EXEC 
Start computing estimates for  asia_pcskel_ptree_order_ess1_epflogN_N3000_r07.rds 
 Compute estimates for cause node x 1 
Type: EXEC 
Start computing estimates for  asia_pcskel_ptree_order_ess1_epflogN_N3000_r09.rds 
 Compute estimates for cause node x 1 
Type: EXEC 
Start computing estimates for  barley_pcskel_none_order_ess1_epf2_N300_r01.rds 
 Compute estimates for cause node x 1 
 Compute estimates for cause node x 2 
 Compute estimates for cause node x 3 
 Compute estimates for cause node x 4 
 Compute estimates for cause node x 5 
 Compute estimates for cause node x 6 
 Compute estimates for cause node x 7 
 Compute estimates for cause node x 8 
 Compute estimates for cause node x 9 
 Compute estimates for cause node x 10 
 Compute estimates for cause node x 11 
 Compute estimates for cause node x 12 
 Compute estimates for cause node x 13 
 Compute estimates for cause node x 14 
 Compute estimates for cause node x 15 
 Compute estimates for cause node x 16 
 Compute estimates for cause node x 17 
 Compute estimates for cause node x 18 
 Compute estimates for cause node x 19 
 Compute estimates for cause node x 20 
 Compute estimates for cause node x 21 
 Compute estimates for cause node x 22 
 Compute estimates  Compute estimates for cause node x 10 
 Compute estimates for cause node x 11 
 Compute estimates for cause node x 12 
 Compute estimates for cause node x 13 
 Compute estimates for cause node x 14 
 Compute estimates for cause node x 15 
 Compute estimates for cause node x 16 
 Compute estimates for cause node x 17 
 Compute estimates for cause node x 18 
 Compute estimates for cause node x 19 
 Compute estimates for cause node x 20 
 Compute estimates for cause node x 21 
 Compute estimates for cause node x 22 
 Compute estimates for cause node x 23 
 Compute estimates for cause node x 24 
 Compute estimates for cause node x 25 
 Compute estimates for cause node x 26 
 Compute estimates for cause node x 27 
 Compute estimates for cause node x 28 
 Compute estimates for cause node x 29 
 Compute estimates for cause node x 30 
 Compute estimates for cause node x 31 
 Compute estimates for cause node x 32 
 Compute estimates for cause node x 33 
 Compute estimates for cause node x 34 
 Compute estimates for cause node x 35 
 Compute estimates for cause node x 36 
 Compute estimates for cause node x 37 
 Compute estimates for cause node x 38 
 Compute estimateStart computing estimates for  barley_pcskel_none_order_ess1_epflogN_N1000_r02.rds 
 Compute estimates for cause node x 1 
 Compute estimates for cause node x 2 
 Compute estimates for cause node x 3 
 Compute estimates for cause node x 4 
 Compute estimates for cause node x 5 
 Compute estimates for cause node x 6 
 Compute estimates for cause node x 7 
 Compute estimates for cause node x 8 
 Compute estimates for cause node x 9 
 Compute estimates for cause node x 10 
 Compute estimates for cause node x 11 
 Compute estimates for cStart computing estimates for  barley_pcskel_none_order_ess1_epflogN_N300_r02.rds 
 Compute estimates for cause node x 1 
 Compute estimates for cause node x 2 
 Compute estimates for cause node x 3 
 Compute estimates for cause node x 4 
 Compute estimates for cause node x 5 
 Compute estimates for cause node x 6 
 Compute estimates for cause node x 7 
 Compute estimates for cause node x 8 
 Compute estimates for cause node x 9 
 Compute estimates for cause node x 10 
 Compute estimates for cause node x 11 
 Compute estimates for cause node x 12 
 Compute estimates for cause node x 13 
 Compute estimates for cause node x 14 
 Compute estimates for cause node x 15 
 Compute estimates for cause node x 16 
 Compute estimates for cause node x 17 
 Compute estimates for cause node x 18 
 Compute estimates for cause node x 19 
 Compute estimates for cause node x 20 
 Compute estimates for cause node x 21 
 Compute estimates for cause node x 22 
 Compute estimates for cause node x 23 
 Compute estimates for cause node x 24 
 Compute estimates for cause node x 25 
 Compute estimates for cause node x 26 
 Compute estimates for cause node x 27 
 Compute estimates for cause node x 28 
 Compute estimates for cause node x 29 
 Compute estimates for cause node x 30 
 Compute estimates for cause node x 31 
 Compute estimates for c Compute estimate Compute estimates for c Compute estimate Compute estimates for c Compute estimates for cause node x 48 

Save results to:  ./inst/simulations/results/sim_bn/barley_pcskel_none_order_ess1_epflogN_N1000_r02.rds
Runtime
Time difference of 1.021252 mins
Type: EXEC 
Type: EXEC 
Start computing estimates for  barley_pcskel_ptree_order_ess1_epf2_N1000_r03.rds 
 Compute estimates for cause node x 1 
Type: EXEC 
Type: EXEC 
Start computing estimates for  barley_pcskel_ptree_order_ess1_epf2_N3000_r01.rds 
 Compute estimates for cause node x 1 
Type: EXEC 
Start computing estimates for  barley_pcskel_ptree_order_ess1_epflogN_N1000_r03.rds 
 Compute estimates for cause node x 1 
Type: EXEC 
Start computing estimates for  insurance_pcskel_none_order_ess1_epf2_N1000_r01.rds 
 Compute estimates for cause node x 1 
 Compute estimates for cause node x 2 
 Compute estimates for cause node x 3 
 Compute estimates for cause node x 4 
 Compute estimates for cause node x 5 
 Compute estimates for cause node x 6 
 Compute estimates for cause node x 7 
 Compute estimates for cause node x 8 
 ComputStart computing estimates for  barley_pcskel_ptree_order_ess1_epflogN_N3000_r01.rds 
 Compute estimates for cause node x 1 
Type: EXEC 
Start computing estimates for  insurance_pcskel_none_order_ess1_epf2_N1000_r06.rds 
 Compute estimates for cause node x 1 
 Compute estimates for cause node x 2 
 Compute estimates for cause node x 3 
 Compute estimates for cause node x 4 
 Compute estimates for cause node x 5 
 Compute estimates for cause node x 6 
 Compute estimates for cause node x 7 
 Compute estimates for cause node x 8 
 Compute estimates for cause node x 9 
 Compute estimates for cause node x 10 
 Compute estimates for cause node x 11 
 Compute estimates for cause node x 12 
 Compute estimates for cause node x 13 
 Compute estimates for cause node x 14 
 Compute estimates for cause node x 15 
 Compute estimates for cause node x 16 
 Compute estimates for cause node x 17 
 Compute estimates for cause node x 18 
 Compute estimates for cause node x 19 
 Compute estimates for cause node x 20 
 Compute estimates for cause node x 21 
 Compute estimates for cause node x 22 
 Compute estimates for cause node x 23 
 Compute estimates for cause node x 24 
 Compute estimates for cause node x 25 
 Compute estimates for cause node x 26 
 Compute estimates for cause node x 27 

Save results to:  ./inst/simulations/results/sim_bn/insurance_pcskel_none_order_ess1_epf2_N1000_r06.rds
Runtime
Time difference of 9.087433 secs
Type: EXEC 
Start computing estimates for  insurance_pcskel_none_order_ess1_epf2_N300_r02.rds 
 Compute estimates for cause node x 1 
 Compute estimates for cause node x 2 
 Compute estimates for cause node x 3 
 Compute estimates for cause node x 4 
 Compute estimates for cause node x 5 
 Compute estimates for cause node x 6 
 Compute estimates for cause node x 7 
 Compute estimates for cause node x 8 
 Compute estimates for cause node x 9 
 Compute estimates for cause node x 10 
 Compute estimates for cause node x 11 
 Compute estimates for cause node x 12 
 Compute estimates for cause node x 13 
 Compute estimates for cause node x 14 
 Compute estimates for cause node x 15 
 Compute estimates for cause node x 16 
 Compute estimates for cause node x 17 
 Compute estimates for cause node x 18 
 Compute estimates for cause node x 19 
 Compute estimates for cause node x 20 
 Compute estimates for cause node x 21 
 Compute estimates for cause node x 22 
 Compute estimates for cause node x 23 
 Compute estimates for cause node x 24 
 Compute estimates for cause node x 25 
 Compute estimates for cause node x 26 
 Compute estimates for cause node x 27 

Save results to:  ./inst/simulations/results/sim_bn/insurance_pcskel_none_order_ess1_epf2_N300_r02.rds
Runtime
Time difference of 8.13671 secs
Type: EXEC 
Start computing estimates for  insurance_pcskel_none_order_ess1_epf2_N300_r05.rds 
 Compute estimates for cause node x 1 
 Compute estimates for cause node x 2 
 Compute estimates for cause node x 3 
 Compute estimates for cause node x 4 
 Compute estimates for cause node x 5 
 Compute estimates for cause node x 6 
 Compute estimates for cause node x 7 
 Compute estimates for cause node x 8 
 Compute estimates for cause node x 9 
 Compute estimates for cause node x 10 
 Compute estimates for cause node x 11 
 Compute estimates for cause node x 12 
 Compute estimates for cause node x 13 
 Compute estimates for cause node x 14 
 Compute estimates for cause node x 15 
 Compute estimates for cause node x 16 
 Compute estimates for cause node x 17 
 Compute estimates for cause node x 18 
 Compute estimates for cause node x 19 
 Compute estimates for cause node x 20 
 Compute estimates for cause node x 21 
 Compute estimates for cause node x 22 
 Compute estimates for cause node x 23 
 Compute estimates for cause node x 24 
 Compute estimates for cause node x 25 
 Compute estimates for cause node x 26 
 Compute estimates for cause node x 27 

Save results to:  ./inst/simulations/results/sim_bn/insurance_pcskel_none_order_ess1_epf2_N300_r05.rds
Runtime
Time difference of 8.311481 secs
Type: EXEC 
Start computing estimates for  insurance_pcskel_none_order_ess1_epf2_N300_r10.rds 
 Compute estimates for cause node x 1 
 Compute estimates for cause node x 2 
 Compute estimates for cause node x 3 
 Compute estimates for cause node x 4 
 Compute estimates for cause node x 5 
 Compute estimates for cause node x 6 
 Compute estimates for cause node x 7 
 Compute estimates for cause node x 8 
 Compute estimates for cause node x 9 
 Compute estimates for cause node x 10 
 Compute estimates for cause node x 11 
 Compute estimates for cause node x 12 
 Compute estimates for cause node x 13 
 Compute estimates for cause node x 14 
 Compute estimates for cause node x 15 
 Compute estimates for cause node x 16 
 Compute estimates for cause node x 17 
 Compute estimates for cause node x 18 
 Compute estimates for cause node x 19 
 ComputStart computing estimates for  insurance_pcskel_none_order_ess1_epf2_N3000_r03.rds 
 Compute estimates for cause node x 1 
 Compute estimates for cause node x 2 
 Compute estimates for cause node x 3 
 Compute estimates for cause node x 4 
 Compute estimates for cause node x 5 
 Compute estimates for cause node x 6 
 Compute estimates for cause node x 7 
 Compute estimates for cause node x 8 
 Compute estimates for cause node x 9 
 Compute estimates for cause node x Start computing estimates for  insurance_pcskel_none_order_ess1_epf2_N3000_r04.rds 
 Compute estimates for cause node x 1 
 Compute estimates for cause node x 2 
 Compute estimates for cause node x 3 
 Compute estimates for cause node x 4 
 Compu Compute estimates for cause node  Comput Compute estimates for cause node Compute Compute estimates for cause nod Compute  Compute estimates for cause no Compute e Compute estimates for cause n Compute estimates for cause node x 10 
 Compute estimates for cause node x 11 
 Compute estimates for cause node x 12 
 Compute estimates for cause node x 13 
 Compute estimates for cause node x 14 
 Compute estimates for cause node x 15 
 Compute estimates for cause node x 16 
 Compute estimates for cause node x 17 
 Compute estimates for cause node x 18 
 Compute estimates for cause node x 19 
 Compute eStart computing estimates for  insurance_pcskel_none_order_ess1_epf2_N30 Compute estimates for cause node x 22 
 Compute est Compute estimates for cause  Compute es Compute estimates for cause node x 3 
 Compute estimates for cause node x 4 
 Compute estimates for cause node x 5 
 Compute estimates for cause node x 6 
 Compute estimates for cause node x 7 
 Compute estimates for cause node x 8 
 Compute estimates for cause node x 9 
 Compute estimates for cause node x Start computing estimates for  insurance_pcske Compute estimates for cause node x 12 
 Compute estimates for cause node x 13 
 Compute estimates for cause node x 14 
 Compute estimates for cause node x 15 
 Compute estimates for cause node x 16 
 Compute estimates for cause node x 17 
 Compute estimates for cause node x 18 
 Compute estimates for cause node x 19 
 Compute estimates for cause node x 20 
 Compute estimates for cause node x 21 
 Compute estimates for cause node x 22 
 Compute estimates for cause node x 23 
 Compute estimates for cause node x 24 
 Compute estimates for cause node x 25 
 Compute estimates for cause node x 26 
 Compute estimates for cause node x 27 

Save results to:  ./inst/sim Compute estimates for cause node x 17 
 Compute estimates for cause node x 18 
 Compute estimates for cause node x 19 
 Compute eStart computing estimates for  insurance_pcskel_none_order_ess1_epflogN_N1000_r04.rds 
 Compute estimates for cause node x 1 
 Compute estimates for cause node x 2 
 Compute estimates for cause node x 3 
 Compute estimates for cause node x 4 
 Compute estimates for cause node x 5 
 Compute estimates for cause node x 6 
 Compute estimates for cause node x 7 
 Compute estimates for cause node x 8 
 Compute estimates for cause node x 9 
 Compute estimates for cause nodeStart co Compute estimates for cause node x 11 
 Compute estimates for cause node x 12 
 Compute estimates for cause node x 13 Co Compute estimates for cause node x 14 
 Compute estimates for cause node x 15 
 Compute estimates for cause node x 16 
 Compute estimates for cause node x 17 
 Compute estimates for cause node x 18 
 Compute estimates for cause node x 19 
 Compute estimates for cause node x 20 
 Compute estimates for cause node x 21 
 Compute estimates for cause node x 22 
 Compute estimates for cause node x 23 
 Compute estimates for cause node x 24 
 Compute estimates for cause node x 25 
 Compute estimates for cause node x 26 
 Compute estimates for cause node x 27 

Save results to:  ./inst/sim Compute estimates for cause node x 17 
 Compute estimates for cause node x 18 
 Compute estimates for cause node x 19 
 Compute estiStart computing estimates for  insurance_pcskel_none_order_ess1_epflogN_N1000_r10.rds 
 Compute estimates for cause node x 1 
 Compute estimates for cause node x 2 
 Compute estimates for cause node x 3 
 Compute estimates for cause node x 4 
 Compute estimates for cause node x 5 
 Compute estimates for cause node x 6 
 Compute estimates for cause node x 7 
 Compute estimates for cause node x 8 
 Compute estimates for cause node x 9 
 Compute estimates for cause node x 10 
 Compute estimates for cause node x 11 
 Compute estimates for cause node x 12 
 Compute estimates for cause node x 13 
 Compute estimates for cause node x 14 
 Compute estimates for cause node x 15 
 Compute estimates for cause node x 16 
 Compute estimates for cause node x 17 
 Compute estimates for cause node x 18 
 Compute estimates for cause node x 19 
 Compute estimates for cause node x 20 
 Compute estimates for cause node x 21 
 Compute estimates for cause node x 22 
 Compute estimates for cause node x 23 
 Compute estimates for cause node x 24 
 Compute estimates for cause node x 25 
 Compute estimates for cause node x 26 
 Compute estimates for cause node x 27 

Save results to:  ./inst/simulations/results/sim_bn/insurance_pcskel_none_order_ess1_epflogN_N1000_r10.rds
Runtime
Time difference of 7.409908 secs
Type: EXEC 
Start computing estimates for  insurance_pcskel_none_order_ess1_epflogN_N300_r03.rds 
 Compute estimates for cause node x 1 
 Compute estimates for cause node x 2 
 Compute estimates for cause node x 3 
 Compute estimates for cause node x 4 
 Compute estimates for cause node x 5 
 Compute estimates for cause node x 6 
 Compute estimates for cause node x 7 
 Compute estimates for cause node x 8 
 Compute estimates for cause node x 9 
 Compute estimates for cause node x 10 
 Compute estimates for cause node x 11 
 Compute estimates for cause node x 12 
 Compute estimates for cause node x 13 Compute estimates for cause node x 2 
 Compute estimates for cause node x 3 
 Compute estimates for cause node x 4 
 Compu Compute estimates for cause node x 17 
 Compute estimates for cause node x 18 
 Compute estimates for cause node x 19 
 Compute estimates for cause node x 20 
 Compute estimates for cause node x 21 
 Compute estimates for cause node x 22 
 Compute estimates for cause node x 23 
 Compute estimates for cause node x 24 
 Compute estimates for cause node x 25 
 Compute estimates for cause node x 26 
 Compute estimates for cause node x 27 

Save results to:  ./inst/sim Compute estimates for cause node x 17 
 Compute estimates for cause node x 18 
 Compute estimates for cause node x 19 
 Compute estimates for caStart computing estimates for  insurance_pcskel_none_order_ess1_epflogN_N300_r08.rds 
 Compute estimates for cause node x 1 
 Compute estimates for cause node x 2 
 Compute estimates for cause node x 3 
 Compute estimates for cause node x 4 
 Compute estimates for cause node x 5 
 Compute estimates for cause node x 6 
 Compute estimates for cause node x 7 
 Compute estimates for cause node x 8 
 Compute estimates for cause node x 9 
 Compute estimates for cause node x 10 
 CompuStart computing estimates for  insurance_pcskel_none_order_ess1_epflogN_N300_r11.rds 
 Compute estimates for cause node x 1 
 Compute estimates for cause node x 2 
 Compute estimates for cause node x 3 
 Compute estimates for cause node x 4 
 Compute estimates for cause node x 5 
 Compute estimates for cause node x 6 
 Compute estimates for cause node x 7 
 Compute estimates for cause node x 8 
 Compute estimates for cause node x 9 
 Compute estimates for cause node x 10 
 Compute estimates for cause node x 11 
 Compute estimates for cause node x 12 
 Compute estimates for cause node x 13 
 Compute estimates for cause node x 14 
 Compute estimates for cause node x 15 
 Compute estimates for cause node x 16 
 Compute estimates for cause node x 17 
 Compute estimates for cause node x 18 
 Compute estimates for cause node x 19 
 Compute estimates for cause node x 20 
 Compute estimates for cause node x 21 
 Compute estimates for cause node x 22 
 Compute estimates for cause node x 23 
 Compute estimates for cause node x 24 
 Compute estimates for cause node x 25 
 Compute estimates for cause node x 26 
 Compute estimates for cause node x 27 

Save results to:  ./inst/simulations/results/sim_bn/insurance_pcskel_none_order_ess1_epflogN_N300_r11.r Compute estimates for cause node x 9 
 Compute estimates fStart computing estimates for  insurance_pcskel_none_order_ess1_epflogN_N3000_r06.rds 
 Compute estimates for cause node x 1 
 Compute estimates for cause node x 2 
 Compute estimates for cause node x 3 
 Compute estimates for cause node x 4 
 Compute estimates  Compute estimates for cause node x 17 
 Compute estimates for cause node x 18 
 Compute estimates for cause node x 19 
 Compute estimates for cause node x 20 
 Compute estimates for cause node x 21 
 Compute estimates for cause node x 22 
 Compute estimates for cause node x 23 
 Compute estimates for cause node x 24 
 Compute estimates for cause node x 25 
 Compute estimate Compute estimates for c Compute estimate Compute estimates for c
Save results to Compute estimates for cause node x 17 
 Compute estimates for cause node x 18 
 Compute estimates for cause node x 19 
 Compute estimates for cauStart computing estimates for  insurance_pcskel_none_order_ess1_epflogN_N3000_r10.rds 
 Compute estimates for cause node x 1 
 Compute estimates for cause node x 2 
 Compute estimates for cause node x 3 
 Compute estimates for cause node x 4 
 Compute estimates for cause node x 5 
 Compute estimates for cause node x 6 
 Compute estimates for cause node x 7 
 Compute estimates for cause node x 8 
 Compute estimates for cause node x 9 
 Compute estimates fStart computing estimates for  insurance_pcskel_none_order_ess1_epflogN_N3000_r11.rds 
 Compute estimates for cause node x 1 
 Compute estimates for cause node x 2 
 Compute estimates for cause node x 3 
 Compute estimates for cause node x 4 
 Compute estimates  Compute estimates for cause node x 17 
 Compute estimates for cause node x 18 
 Compute estimates for cause node x 19 
 Compute estimates for cause node x 20 
 Compute estimates for cause node x 21 
 Compute estimates for cause node x 22 
 Compute estimates for cause node x 23 
 Compute estimates for cause node x 24 
 Compute estimates for cause node x 25 
 Compute estimates for cause node x 26 
 Compute estimate Compute estimates for c
Save results to Compute estimates for cause node x 17 
 Compute estimates for cause node x 18 
 Compute estimates for cause node x 19 
 Compute estimates for cauStart computing estimates for  insurance_pcskel_ptree_order_ess1_epf2_N1000_r04.rds 
 Compute estimates for cause node x 1 
Type: EXEC 
Type: EXEC 
Type: EXEC 
Start computing estimates for  insurance_pcskel_ptree_order_ess1_epf2_N1000_r09.rds 
 Compute estimates for cause node x 1 
Type: EXEC 
Start computing estimates for  insurance_pcskel_ptree_order_ess1_epf2_N300_r02.rds 
 Compute estimates for cause node x 1 
Type: EXEC 
Start computing estimates for  insurance_pcskel_ptree_order_ess1_epf2_N300_r06.rds 
 Compute estimates for cause node x 1 
Type: EXEC 
Start computing estimates for  insurance_pcskel_ptree_order_ess1_epf2_N3000_r05.rds 
 Compute estimates for cause node x 1 
Type: EXEC 
Start computing estimates for  insurance_pcskel_ptree_order_ess1_epf2_N3000_r11.rds 
 Compute estimates for cause node x 1 
Type: EXEC 
Start computing estimates for  insurance_pcskel_ptree_order_ess1_epflogN_N1000_r05.rds 
 Compute estimates for cause node x 1 
Type: EXEC 
Start computing estimates for  insurance_pcskel_ptree_order_ess1_epflogN_N300_r01.rds 
 Compute estimates for cause node x 1 
Type: EXEC 
Start computing estimates for  insurance_pcskel_ptree_order_ess1_epflogN_N300_r05.rds 
 Compute estimates for cause node x 1 
Type: EXEC 
Start computing estimates for  insurance_pcskel_ptree_order_ess1_epflogN_N300_r11.rds 
 Compute estimates for cause node x 1 
Type: EXEC 
Start computing estimates for  insurance_pcskel_ptree_order_ess1_epflogN_N3000_r06.rds 
 Compute estimates for cause node x 1 
Type: EXEC 
Start computing estimates for  insurance_pcskel_ptree_order_ess1_epflogN_N3000_r11.rds 
 Compute estimates for cause node x 1 
Error in unserialize(node$con) : error reading from connection
Calls: local ... doTryCatch -> recvData -> recvData.SOCKnode -> unserialize
Execution halted
C 
Type: EXEC 
Start computing estimates for  insurance_pcskel_ptree_order_ess1_epflogN_N3000_r04.rds 
 Compute estimates for cause node x 1 
Type: EXEC 
Start computing estimates for  insurance_pcskel_ptree_order_ess1_epflogN_N3000_r10.rds 
 Compute estimates for cause node x 1 
Error in unserialize(node$con) : error reading from connection
Calls: local ... doTryCatch -> recvData -> recvData.SOCKnode -> unserialize
Execution halted
imates for cause node x 18 
 Compute estimates for cause node x 19 
 Compute estimates for cause node x 20 
 Compute estimates for cause node x 21 
 Compute estimates for cause node x 22 
 Compute estimates for cause node x 23 
 Compute estimates for cause node x 24 
 Compute estimates for cause node x 25 
 Compute estimates for cause node x 26 
 Compute estimates for cause node x 27 

Save results to:  ./inst/simulations/results/sim_bn/insurance_pcskel_none_order_ess1_epflogN_N300_r01.rds
Runtime
Time difference of 7.625941 secs
Type: EXEC 
Start computing estimates for  insurance_pcskel_none_order_ess1_epflogN_N300_r05.rds 
 Compute estimates for cause node x 1 
 Compute estimates for cause node x 2 
 Compute estimates for cause node x 3 
 Compute estimates for cause node x 4 
 Compute estimates for cause node x 5 
 Compute estimates for cause node x 6 
 Compute estimates for cause node x 7 
 Compute estimates for cause node x 8 
 Compute estimates for cause node x 9 
 Compute estimates for cause node x 10 
 Compute estimates for cause node x 11 
 Compute estimates for cause node x 12 
 Compute estimates for cause node x 13 
 Compute estimates for cause node x 14 
 Compute estimates for cause node x 15 
 Compute estimates for cause node x 16 
 Compute estimates for cause node x 17 
 Compute estimates for cause node x 18 
 Compute estimates for cause node x 19 
 Compute estimates for cause node x 20 
 Compute estimates for cause node x 21 
 Compute estimates for cause node x 22 
 Compute estimates for cause node x 23 
 Compute estimates for cause node x 24 
 Compute estimates for cause node x 25 
 Compute estimates for cause node x 26 
 Compute estimates for cause node x 27 

Save results to:  ./inst/simulations/results/sim_bn/insurance_pcskel_none_order_ess1_epflogN_N300_r05.rds
Runtime
Time difference of 7.151332 secs
Type: EXEC 
Start computing estimates for  insurance_pcskel_none_order_ess1_epflogN_N3000_r01.rds 
 Compute estimates for cause node x 1 
 Compute estimates for cause node x 2 
 Compute estimates for cause node x 3 
 Compute estimates for cause node x 4 
 Compute estimates for cause node x 5 
 Compute estimates for cause node x 6 
 Compute estimates for cause node x 7 
 Compute estimates for cause node x 8 
 Compute estimates for cause node x 9 
 Compute estimates for cause node x 10 
 Compute estimates for cause node x 11 
 Compute estimates for cause node x 12 
 Compute estimates for cause node x 13 
 Compute estimates for cause node x 14 
 Compute estimates for cause node x 15 
 Compute estimates for cause node x 16 
 Compute estimates for cause node x 17 
 Compute estimates for cause node x 18 
 Compute estimates for cause node x 19 
 Compute estimates for cause node x 20 
 Compute estimates for cause node x 21 
 Compute estimates for cause node x 22 
 Compute estimates for cause node x 23 
 Compute estimates for cause node x 24 
 Compute estimates for cause node x 25 
 Compute estimates for cause node x 26 
 Compute estimates for cause node x 27 

Save results to:  ./inst/simulations/results/sim_bn/insurance_pcskel_none_order_ess1_epflogN_N3000_r01.rds
Runtime
Time difference of 8.2914 secs
Type: EXEC 
Type: EXEC 
Start computing estimates for  insurance_pcskel_none_order_ess1_epflogN_N3000_r08.rds 
 Compute estimates for cause node x 1 
 Compute estimates for cause node x 2 
 Compute estimates for cause node x 3 
 Compute estimates for cause node x 4 
 Compute estimates for cause node x 5 
 Compute estimates for cause node x 6 
 Compute estimates for cause node x 7 
 Compute estimates for cause node x 8 
 Compute estimates for cause node x 9 
 Compute estimates for cause node x 10 
 Compute estimates for cause node x 11 
 Compute estimates for cause node x 12 
 Compute estimates for cause node x 13 
 Compute estimates for cause node x 14 
 Compute estimates for cause node x 15 
 Compute estimates for cause node x 16 
 Compute estimates for cause node x 17 
 Compute estimates for cause node x 18 
 Compute estimates for cause node x 19 
 Compute estimates for cause node x 20 
 Compute estimates for cause node x 21 
 Compute estimates for cause node x 22 
 Compute estimates for cause node x 23 
 Compute estimates for cause node x 24 
 Compute estimates for cause node x 25 
 Compute estimates for cause node x 26 
 Compute estimates for cause node x 27 

Save results to:  ./inst/simulations/results/sim_bn/insurance_pcskel_none_order_ess1_epflogN_N3000_r08.rds
Runtime
Time difference of 7.635037 secs
Type: EXEC 
Start computing estimates for  insurance_pcskel_ptree_order_ess1_epf2_N1000_r01.rds 
 Compute estimates for cause node x 1 
Type: EXEC 
Start computing estimates for  insurance_pcskel_ptree_order_ess1_epf2_N1000_r02.rds 
 Compute estimates for cause node x 1 
Type: EXEC 
Start computing estimates for  insurance_pcskel_ptree_order_ess1_epf2_N1000_r03.rds 
 Compute estimates for cause node x 1 
Type: EXEC 
Start computing estimates for  insurance_pcskel_ptree_order_ess1_epf2_N1000_r06.rds 
 Compute estimates for cause node x 1 
Type: EXEC 
Start computing estimates for  insurance_pcskel_ptree_order_ess1_epf2_N300_r01.rds 
 Compute estimates for cause node x 1 
Type: EXEC 
Start computing estimates for  insurance_pcskel_ptree_order_ess1_epf2_N300_r05.rds 
 Compute estimates for cause node x 1 
Type: EXEC 
Type: EXEC 
Start computing estimates for  insurance_pcskel_ptree_order_ess1_epf2_N3000_r03.rds 
 Compute estimates for cause node x 1 
Type: EXEC 
Start computing estimates for  insurance_pcskel_ptree_order_ess1_epf2_N3000_r10.rds 
 Compute estimates for cause node x 1 
Type: EXEC 
Start computing estimates for  insurance_pcskel_ptree_order_ess1_epflogN_N1000_r04.rds 
 Compute estimates for cause node x 1 
Type: EXEC 
Type: EXEC 
Type: EXEC 
Start computing estimates for  insurance_pcskel_ptree_order_ess1_epflogN_N1000_r09.rds 
 Compute estimates for cause node x 1 
Type: EXEC 
Start computing estimates for  insurance_pcskel_ptree_order_ess1_epflogN_N300_r02.rds 
 Compute estimates for cause node x 1 
Type: EXEC 
Start computing estimates for  insurance_pcskel_ptree_order_ess1_epflogN_N300_r06.rds 
 Compute estimates for cause node x 1 
Type: EXEC 
Start computing estimates for  insurance_pcskel_ptree_order_ess1_epflogN_N3000_r01.rds 
 Compute estimates for cause node x 1 
Type: EXEC 
Type: EXEC 
Start computing estimates for  insurance_pcskel_ptree_order_ess1_epflogN_N3000_r08.rds 
 Compute estimates for cause node x 1 
Error in unserialize(node$con) : error reading from connection
Calls: local ... doTryCatch -> recvData -> recvData.SOCKnode -> unserialize
Execution halted
 for cause node x 7 
 Compute estimates for cause node x 8 
 Compute estimates for cause node x 9 
 Compute estimates for cause node x 10 
 Compute estimates for cause node x 11 
 Compute estimates for cause node x 12 
 Compute estimates for cause node x 13 
 Compute estimates for cause node x 14 
 Compute estimates for cause node x 15 
 Compute estimates for cause node x 16 
 Compute estimates for cause node x 17 
 Compute estimates for cause node x 18 
 Compute estimates for cause node x 19 
 Compute estimates for cause node x 20 
 Compute estimates for cause node x 21 
 Compute estimates for cause node x 22 
 Compute estimates for cause node x 23 
 Compute estimates for cause node x 24 
 Compute estimates for cause node x 25 
 Compute estimates for cause node x 26 
 Compute estimates for cause node x 27 

Save results to:  ./inst/simulations/results/sim_bn/insurance_pcskel_none_order_ess1_epflogN_N3000_r09.rds
Runtime
Time difference of 10.34718 secs
Type: EXEC 
Start computing estimates for  insurance_pcskel_ptree_order_ess1_epf2_N1000_r05.rds 
 Compute estimates for cause node x 1 
Type: EXEC 
Start computing estimates for  insurance_pcskel_ptree_order_ess1_epf2_N1000_r11.rds 
 Compute estimates for cause node x 1 
Type: EXEC 
Start computing estimates for  insurance_pcskel_ptree_order_ess1_epf2_N300_r04.rds 
 Compute estimates for cause node x 1 
Type: EXEC 
Start computing estimates for  insurance_pcskel_ptree_order_ess1_epf2_N3000_r01.rds 
 Compute estimates for cause node x 1 
Type: EXEC 
Start computing estimates for  insurance_pcskel_ptree_order_ess1_epf2_N3000_r06.rds 
 Compute estimates for cause node x 1 
Type: EXEC 
Start computing estimates for  insurance_pcskel_ptree_order_ess1_epflogN_N1000_r01.rds 
 Compute estimates for cause node x 1 
Type: EXEC 
Start computing estimates for  insurance_pcskel_ptree_order_ess1_epflogN_N1000_r06.rds 
 Compute estimates for cause node x 1 
Type: EXEC 
Start computing estimates for  insurance_pcskel_ptree_order_ess1_epflogN_N1000_r11.rds 
 Compute estimates for cause node x 1 
Type: EXEC 
Start computing estimates for  insurance_pcskel_ptree_order_ess1_epflogN_N300_r04.rds 
 Compute estimates for cause node x 1 
Type: EXEC 
Start computing estimates for  insurance_pcskel_ptree_order_ess1_epflogN_N300_r10.rds 
 Compute estimates for cause node x 1 
Type: EXEC 
Start computing estimates for  insurance_pcskel_ptree_order_ess1_epflogN_N3000_r05.rds 
 Compute estimates for cause node x 1 
Type: EXEC 
Start computing estimates for  insurance_pcskel_ptree_order_ess1_epflogN_N3000_r09.rds 
 Compute estimates for cause node x 1 
Error in unserialize(node$con) : error reading from connection
Calls: local ... doTryCatch -> recvData -> recvData.SOCKnode -> unserialize
Execution halted
