starting worker for localhost:11121 
Type: EXEC 
Type: EXEC 
Type: EXEC 
Type: EXEC 
Type: EXEC 
Type: EXEC 
Type: EXEC 
Type: EXEC 
Type: EXEC 
Type: EXEC 
Type: EXEC 
Type: EXEC 
Type: EXEC 
Type: EXEC 
Type: EXEC 
Type: EXEC 
Type: EXEC 
Type: EXEC 
Type: EXEC 
Type: EXEC 
Type: EXEC 
Type: EXEC 
Type: EXEC 
Type: EXEC 
Type: EXEC 
Type: EXEC 
Type: EXEC 
Type: EXEC 
Type: EXEC 
Type: EXEC 
Type: EXEC 
Type: EXEC 
Type: EXEC 
Type: EXEC 
Type: EXEC 
Type: EXEC 
Type: EXEC 
Type: EXEC 
Type: EXEC 
Type: EXEC 
Type: EXEC 
Type: EXEC 
Type: EXEC 
Type: EXEC 
Type: EXEC 
Type: EXEC 
Type: EXEC 
Type: EXEC 
Type: EXEC 
Type: EXEC 
Type: EXEC 
Type: EXEC 
Type: EXEC 
Type: EXEC 
Type: EXEC 
Type: EXEC 
Type: EXEC 
Type: EXEC 
Type: EXEC 
Type: EXEC 
Error in unseError in unserialize(node$con) : error reading from connection
Calls: local ... doTryCatch -> recvData -> recvData.SOCKnode -> unserialize
Execution halted
or in unserialize(node$con) : error reading from connection
Calls: local ... doTryCatch -> recvData -> recvData.SOCKnode -> unserialize
Execution halted
e: EXEC 
Type: EXEC 
Type: EXEC 
Type: EXEC 
Type: EXEC 
Type: EXEC 
Type: EXEC 
Error in unserialize(node$con) : error reading from connection
Calls: local ... doTryCatch -> recvData -> recvData.SOCKnode -> unserialize
Execution halted
