starting worker for localhost:11645 
Type: EXEC 
Type: EXEC 
Type: EXEC 
Type: EXEC 
Type: EXEC 
Type: EXEC 
Type: EXEC 
Type: EXEC 
Type: EXEC 
Type: EXEC 
Type: EXEC 
Type: EXEC 
Type: EXEC 
Type: EXEC 
Type: EXEC 
Type: EXEC 
Type: EXEC 
Type: EXEC 
Type: EXEC 
Type: EXEC 
Type: EXEC 
Type: EXEC 
Type: EXEC 
Type: EXEC 
Type: EXEC 
Type: EXEC 
Type: EXEC 
Type: EXEC 
Type: EXEC 
Type: EXEC 
Type: EXEC 
Type: EXEC 
Type: EXEC 
Type: EXEC 
Type: EXEC 
Type: EXEC 
Type: EXEC 
Type: EXEC 
Type: EXEC 
Type: EXEC 
Type: EXEC 
Type: EXEC 
Type: EXEC 
Type: EXEC 
Type: EXEC 
Type: EXEC 
Type: EXEC 
Type: EXEC 
Type: EXEC 
Type: EXEC 
Type: EXEC 
Type: EXEC 
Type: EXEC 
Type: EXEC 
Type: EXEC 
Type: EXEC 
Type: EXEC 
Type: EXEC 
Type: EXEC 
Type: EXEC 
Type: EXEC 
Type: EXEC 
Type: EXEC 
Type: EXEC 
Type: EXEC 
Type: EXEC 
Type: EXEC 
Type: EXEC 
Type: EXEC 
Type: EXEC 
Type: EXEC 
Type: EXEC 
Type: EXEC 
Type: EXEC 
Type: EXEC 
Type: EXEC 
Type: EXEC 
Type: EXEC 
Type: EXEC 
Type: EXEC 
Type: EXEC 
Type: EXEC 
Type: EXEC 
Type: EXEC 
Type: EXEC 
Type: EXEC 
Type: EXEC 
Type: EXEC 
Type: EXEC 
Type: EXEC 
Type: EXEC 
Type: EXEC 
Type: EXEC 
Type: EXEC 
Type: EXEC 
Type: EXEC 
Type: EXEC 
Type: EXEC 
Type: EXEC 
Type: EXEC 
Type: EXEC 
Type: EXEC 
Type: EXEC 
Type: EXEC 
Type: EXEC 
Type: EXEC 
Type: EXEC 
Type: EXEC 
Type: EXEC 
Type: EXEC 
Type: EXEC 
Type: EXEC 
Type: EXEC 
Type: EXEC 
Type: EXEC 
Type: EXEC 
Type: EXEC 
Type: EXEC 
Type: EXEC 
Type: EXEC 
Type: EXEC 
Type: EXEC 
Type: EXEC 
Type: EXEC 
Type: EXEC 
Type: EXEC 
Type: EXEC 
Type: EXEC 
Type: EXEC 
Error in unserialize(node$con) : errError in unserialize(node$con) : error reading from connection
Calls: local ... doTryCatch -> recvData -> recvData.SOCKnode -> unserError in unserialize(node$con) : error reading from connection
Calls: local ... doTryCatch -> recvData -> recvData.SOCKnode -> unserialize
Execution halted
tion halted
