starting worker for localhost:11842 
Type: EXEC 
Type: EXEC 
Type: EXEC 
Type: EXEC 
Type: EXEC 
Type: EXEC 
Type: EXEC 
Type: EXEC 
Type: EXEC 
Loading requiLoading required packStart computiStart computing estimates for  n10_k4_csi0_pcskel_none_order_ess1_epf2_N1000_r04.rds 
 Compute estimates for cause node x 1 
 Compute estimates for cause node x 2 
 Compute estimates for cause node x 3 
 Compute estimates for cause node x 4 
 Compute estimates for cause node x 5 
 Compute estimates for cause node x 6 
 Compute estimates for cause node x 7 
 Compute estimates for cause node x 8 
 Compute estimates for cause node x 9 
 Compute estimates for cause node x 10 

Save results to:  ./inst/simulations/results/n10_k4_csi0_pcskel_none_order_ess1_epf2_N3000_r04.rds
Runtime
Time difference of 2.46041 secs
TStart computStart computing estimates for  n10_k4_csi0_pcskel_ptree_order_ess1_epf2_N1000_r04.rds 
 Compute estimates for cause node x 1 
 Compute estimates for cause node x 2 
 Compute estimates for cause node x 3 
 Compute estimates for cause node x 4 
  Compute estimates for cause node x 5 
 Compute estimates for cause node x 6 
 Compute estimates for cause node x 7  Compute estimates for cause node x 8 
 Compute estimates for cause node x 9 
  Compute estimates for cause node x 10 
Save results to:  ./inst/simulations/results/n10_k4_csi0_pcskel_ptree_order_ess1_epf2_N1000_r04.rds
Runtime
Time difference of 25.2881 secs
ErError in unserialize(node$con) : error reading from connection
Calls: local ... doTryCatch -> recvData -> recvData.SOCKnode -> unserialize
Execution halted
 2 
 Compute estimates for cause node x 3 
 Compute estimates for caus Compute esti Compute estimates for cause node x 5 
 Compute estimates for cause node x 6 
 Compute estimates for cause node x 7 
 Compute estimates for cause node x 8 
 Compute estimates for cause node x 9 
 Compute estimates for cause node x 10 

Save results to:  ./inst/simulations/results/n10_k4_csi0_pcskel_ptree_order_ess1_epf2_N3000_r04.rds
Runtime
Time difference of 34.08189 secs
Error in unserialize(node$con) : error reading from connection
Calls: local ... doTryCatch -> recvData -> recvData.SOCKnode -> unserialize
Execution halted
e x 1 
 Compute estimates for cause node x 2 
 Compute estimates for cause node x 3 
 Compute estimates for cause node x 4 
 Compute estimates for cause node x 5 
 Compute estimates for cause node x 6 
 Compute estimates for cause node x 7 
 Compute estimates for cause node x 8 
 Compute estimates for cause node x 9 
 Compute estimates for cause node x 10 

Save results to:  ./inst/simulations/results/n10_k4_csi0_pcskel_ptree_order_ess1_epf2_N300_r03.rds
Runtime
Time difference of 5.200768 secs
Type: EXEC 
Start computing estimates for  n10_k4_csi0_pcskel_ptree_order_ess1_epf2_N300_r04.rds 
 Compute estimates for cause node x 1 
 Compute estimates for cause node x 2 
 Compute estimates for cause node x 3 
 Compute estimates for cause node x 4 
 Compute estimates for cause node x 5 
 Compute estimates for cause node x 6 
 Compute estimates for cause node x 7 
 Compute estimates for cause node x 8 
 Compute estimates for cause node x 9 
 Compute estimates for cause node x 10 

Save results to:  ./inst/simulations/results/n10_k4_csi0_pcskel_ptree_order_ess1_epf2_N300_r04.rds
Runtime
Time difference of 20.18117 secs
Error in unserialize(node$con) : error reading from connection
Calls: local ... doTryCatch -> recvData -> recvData.SOCKnode -> unserialize
Execution halted
