starting worker for localhost:11109 
Type: EXEC 
Type: EXEC 
Type: EXEC 
Type: EXEC 
Type: EXEC 

Init search space:Order=0; remaining edges:56
x= 1  y= 2  S=  : pval = 0.0009924093 
x= 1  y= 3  S=  : pval = 0.05407387 
x= 1  y= 4  S=  : pval = 0.8453144 
x= 1  y= 5  S=  : pval = 2.751293e-15 
x= 1  y= 6  S=  : pval = 0.4802771 
x= 1  y= 7  S=  : pval = 0.1443896 
x= 1  y= 8  S=  : pval = 0.2882759 
x= 2  y= 1  S=  : pval = 0.0009924093 
x= 2  y= 3  S=  : pval = 0.4526053 
x= 2  y= 4  S=  : pval = 4.554769e-17 
x= 2  y= 5  S=  : pval = 3.872322e-12 
x= 2  y= 6  S=  : pval = 0.00371263 
x= 2  y= 7  S=  : pval = 0.02259201 
x= 2  y= 8  S=  : pval = 7.731002e-31 
x= 3  y= 4  S=  : pval = 0.567806 
x= 3  y= 5  S=  : pval = 9.084079e-14 
x= 3  y= 6  S=  : pval = 0.7374597 
x= 3  y= 7  S=  : pval = 0.003057627 
x= 3  y= 8  S=  : pval = 0.2717883 
x= 4  y= 2  S=  : pvax= 3  y= 7  S=  : px= 4  y= 5  S=  : x= 3  y= 8  S=  : pvx= 4  y= 6  S=  : px= 4  y= 5  S=  : pvax= 4  y= 7  S=  x= 4  y= 6  S=  : pvax= 4  y= 8  S=  : px= 4  y= 7  S=  : pvx= 5  y= 1  S=  :x= 4  y= 8  S=  : pval x= 5  y= 2  S=x= 5  y= 1  S=  : pval = 2x= 5  y= 3  S=x= 5  y= 2  S=  : pval = 1x= 5  y= 6  S=  : pval = 0.03432484 
x= 5  y= 7  S=  x= 5  y= 6  S=  : pvax= 5  y= 8  S= x= 5  y= 7  S=  : pval =x= 6  y= 2  S=x= 5  y= 8  S=  : pval =x= 6  y= 4  S=  x= 6  y= 1  S=  : pval =x= 6  y= 5  S=x= 6  y= 4  S=  : pval =x= 6  y= 7  S=  x= 6  y= 7  S=  : pval =x= 6  y= 8  S=  x= 6  y= 8  S=  : pvalx= 7  y= 2  S=  x= 7  y= 5  S=  : pvalx= 7  y= 3  S=  x= 7  y= 6  S=  : pval x 5.  y= 6  S=  :x= 7  y= 8  S=  : pval = 07  y= 8  S= x= 8  y= 1  S=  : pval = 0.0001105486 
x= 8  y= 2  S=  : pval = 4.115796e-15 
x= 8  y= 3  S=  : pval = 0.003384012 
x= 8  y= 5  S=  : pval = 3.822435e-09 
Order=1; rx= 1  y= 2  S= 5 : x= 1  y= 2  S= 3 : x= 1  y= 5  S= 2 : pvax= 1  y= 2  S= 5 : x= 2  y= 4  S= 1 : x= 1  y= 3  S= 2 : pvx= 2  y= 4  S= 5 : px= 1  y= 3  S= 5 : pvx= 2  y= 4  S= 6 x= 1  y= 5  S= 2 : pval = 2.2200 4  S= 7 x= 1  y= 5  S= 3 : pval = 1.690297e-18 
x= 1  y= 5  S= 6 : pval = 8.16036e-23 
x= 1  y= 5  S= 8 : pval = 2.8500535  S= 4x= 1  y= 6  S= 2 : pval =x= 2  y= 5  Sx= 1  y= 8  S= 2 : pval = 0.3214257 
x= 2  y= 3  S= 1 : pval = 0.031x= 2  y=x= 2  y= 3  S= 5 : pval = 0.95664x= 2 x= 2  y= 5  S= 1 : pval = 1.175035x= 2  yx= 2  y= 5  S= 3 : pval = 3.923x= 2  y= 7x= 2  y= 5  S= 8 :score tables completed, iterative MCMC is running 
search space expansion 2 

Sample DAGs using BiDAG::sampleBN:
maximum parent set size is 3 
core space defined, score table are being computed 
score tables computed, orderMCMC is running 
Error in unserialize(node$con) : error reading from connection
Calls: local ... doTryCatch -> recvData -> recvData.SError in unserialize(nodExecution halted
ding from connection
Calls: local ... doTryCatch -> recvData -> recvData.SOCKnode -> unserialize
Execution halted
erialize
Execution halted
 : pval = 0.05968077 
x= 2  y= 3  S=  : pval = 0.5823453 
x= 2  y= 4  S=  : pval = 2.703697e-05 
x= 2  y= 5  S=  : pval = 0.009910581 
x= 2  y= 6  S=  : pval = 0.6028357 
x= 2  y= 7  S=  : pval = 0.1727855 
x= 2  y= 8  S=  : pval = 0.4906125 
x= 3  y= 1  S=  : pval = 0.02681722 
x= 3  y= 4  S=  : pval = 0.6859013 
x= 3  y= 5  S=  : pval = 0.05319832 
x= 3  y= 6  S=  : pval = 0.1075481 
x= 3  y= 7  S=  : pval = 0.7923251 
x= 3  y= 8  S=  : pval = 0.3350616 
x= 4  y= 1  S=  : pval = 1.637535e-09 
x= 4  y= 2  S=  : pval = 2.703697e-05 
x= 4  y= 5  S=  : pval = 1.557917e-09 
x= 4  y= 6  S=  : pval = 0.8867203 
x= 4  y= 7  S=  : pval = 0.1436666 
x= 4  y= 8  S=  : pval = 0.6449299 
x= 5  y= 2  S=  : pval = 0.009910581 
x= 5  y= 4  S=  : pval = 1.557917e-09 
x= 5  y= 6  S=  : pval = 0.1598792 
x= 5  y= 7  S=  : pval = 0.6501908 
x= 5  y= 8  S=  : pval = 0.1145437 
x= 6  y= 7  S=  : pval = 0.001463978 
x= 6  y= 8  S=  : pval = 0.5347884 
x= 7  y= 6  S=  : pval = 0.001463978 
x= 7  y= 8  S=  : pval = 0.6180943 
Order=1; remaining edges:12
x= 1  y= 3  S= 4 : pval = 0.04875613 
x= 1  y= 4  S= 3 : pval = 7.184567e-09 
x= 2  y= 4  S= 5 : pval = 0.0007090213 
x= 2  y= 5  S= 4 : pval = 0.1704517 
x= 4  y= 1  S= 2 : pval = 2.802166e-08 
x= 4  y= 1  S= 5 : pval = 2.051199e-09 
x= 4  y= 2  S= 1 : pval = 0.0003300117 
x= 4  y= 2  S= 5 : pval = 0.0007090213 
x= 4  y= 5  S= 1 : pval = 1.953947e-09 
x= 4  y= 5  S= 2 : pval = 5.734941e-08 
x= 5  y= 4  S= 2 : pval = 5.734941e-08 
Order=2; remaining edges:10
x= 4  y= 1  S= 2 5 : pval = 4.051726e-08 
x= 4  y= 2  S= 1 5 : pval = 0.005527925 
x= 4  y= 5  S= 1 2 : pval = 8.010431e-08 

ExType: EXEC 

Init search space:Order=0; remaining edges:56
x= 1  y= 2  S=  : pval = 0.1639068 
x= 1  y= 3  S=  : pval = 0.02681722 
x= 1  y=Error in unserialize(node$con) : error reading from connection
Calls: local ... doTryCatch -> recvData -> recvData.SOCKnode -> unserialize
Execution halted
able are being computed 
score tables computed, orderMCMC is running 

Save results to:  ./inst/simulations/results/n8_k2_csi25_pcskel_none_order_ess1_epf2_N300_r02.rds
Runtime
Time difference of 5.55683 secs
Type: EXEC 

Init search space:Order=0; remaining edges:56
x= 1  y= 2  S=  : pval = 0.1639068 
x= 1  y= 3  S=  : pval = 0.02681722 
x= 1  y= 4  S=  : pval = 1.637535e-09 
x= 1  y= 5  S=  : pval = 0.8932078 
x= 1  y= 6  S=  : pval = 0.07827086 
x= 1  y= 7  S=  : pval = 0.4952385 
x= 1  y= 8  S=  : pval = 0.05968077 
x= 2  y= 3  S=  : pval = 0.5823453 
x= 2  y= 4  S=  : pval = 2.703697e-05 
x= 2  y= 5  S=  : pval = 0.009910581 
x= 2  y= 6  S=  : pval = 0.6028357 
x= 2  y= 7  S=  : pval = 0.1727855 
x= 2  y= 8  S=  : pval = 0.4906125 
x= 3  y= 1  S=  : pval = 0.02681722 
x= 3  y= 4  S=  : pval = 0.6859013 
x= 3  y= 5  S=  : pval = 0.05319832 
x= 3  y= 6  S=  : pval = 0.1075481 
x= 3  y= 7  S=  : pval = 0.7923251 
x= 3  y= 8  S=  : pval = 0.3350616 
x= 4  y= 1  S=  : pval = 1.637535e-09 
x= 4  y= 2  S=  : pval = 2.703697e-05 
x= 4  y= 5  S=  : pval = 1.557917e-09 
x= 4  y= 6  S=  : pval = 0.8867203 
x= 4  y= 7  S=  : pval = 0.1436666 
x= 4  y= 8  S=  : pval = 0.6449299 
x= 5  y= 2  S=  : pval = 0.009910581 
x= 5  y= 4  S=  : pval = 1.557917e-09 
x= 5  y= 6  S=  : pval = 0.1598792 
x= 5  y= 7  S=  : pval = 0.6501908 
x= 5  y= 8  S=  : pval = 0.1145437 
x= 6  y= 7  S=  : pval = 0.001463978 
x= 6  y= 8  S=  : pval = 0.5347884 
x= 7  y= 6  S=  : pval = 0.001463978 
x= 7  y= 8  S=  : pval = 0.6180943 
Order=1; remaining edges:12
x= 1  y= 3  S= 4 : pval = 0.04875613 
x= 1  y= 4  S= 3 : pval = 7.184567e-09 
x= 2  y= 4  S= 5 : pval = 0.0007090213 
x= 2  y= 5  S= 4 : pval = 0.1704517 
x= 4  y= 1  S= 2 : pval = 2.802166e-08 
x= 4  y= 1  S= 5 : pval = 2.051199e-09 
x= 4  y= 2  S= 1 : pval = 0.0003300117 
x= 4  y= 2  S= 5 : pval = 0.0007090213 
x= 4  y= 5  S= 1 : pval = 1.953947e-09 
x= 4  y= 5  S= 2 : pval = 5.734941e-08 
x= 5  y= 4  S= 2 : pval = 5.734941e-08 
Order=2; remaining
Save results to:  ./inst/simulations/results/n8_k2_csi25_pcskel_ptree_order_ess1_epf2_N300_r02.rds
Runtime
Time difference of 6.781835 secs
Type: EXEC 

Init search space:Order=0; remaining edges:56
x= 1  y= 2  S=  : pval = 0.477925 
x= 1  y= 3  S=  : pval = 0.00score tables completed, iterative MCMC is running 
search space expansion 2 

Sample DAGs using BiDAG::sampleBN:
maximum parent set size is 3 
core space defined, score table are being computed 
score tables computed, orderMCMC is running 
Type: EXEC 

Init search space:Order=0; remaining edges:56
x= 1  y= 2  S=  : pval = 0.08679218 
x= 1  y= 3  S=  : pval = 0.2781706 
x= 1  y= 4  S=  : pval = 0.0393298 
x= 1  y= 5  S=  : pval = 0.5468008 
x= 1  y= 6  S=  : pval = 3.11473e-05 
x= 1  y= 7  S=  : pval = 2.625838e-05 
x= 1  y= 8  S=  : pval = 0.345913 
x= 2  y= 3  S=  : pval = 0.1490665 
x= 2  y= 4  S=  : pval = 3.950195e-10 
x= 2  y= 5  S=  : pval = 0.00151125 
x= 2  y= 6  S=  : pval = 0.1022695 
x= 2  y= 7  S=  : pval = 3.410244e-09 
x= 2  y= 8  S=  : pval = 0.01154288 
x= 3  y= 4  S=  : pval = 0.5677261 
x= 3  y= 5  S=  : pval = 0.05677681 
x= 3  y= 6  S=  : pval = 5.980923e-05 
x= 3  y= 7  S=  : pval = 0.04364054 
x= 3  y= 8  S=  : pval = 0.1344309 
x= 4  y= 1  S=  : pval = 0.0393298 
x= 4  y= 2  S=  : pval = 3.950195e-10 
x= 4  y= 5  S=  : pval = 1.158881e-15 
x= 4  y= 6  S=  : pval = 1.783402e-05 
x= 4  y= 7  S=  : pval = 0.008315272 
x= 4  y= 8  S=  : pval = 0.06253029 
x= 5  y= 2  S=  : pval = 0.00151125 
x= 5  y= 4  S=  : pval = 1.158881e-15 
x= 5  y= 6  S=  : pval = 0.04505459 
x= 5  y= 7  S=  : pval = 0.2058422 
x= 5  y= 8  S=  : pval = 1.216265e-14 
x= 6  y= 1  S=  : pval = 3.11473e-05 
x= 6  y= 3  S=  : pval = 5.980923e-05 
x= 6  y= 4  S=  : pval = 1.783402e-05 
x= 6  y= 5  S=  : pval = 0.04505459 
x= 6  y= 7  S=  : pval = 0.8577416 
x= 6  y= 8  S=  : pval = 0.1084583 
x= 7  y= 1  S=  : pval = 2.625838e-05 
x= 7  y= 2  S=  : pval = 3.410244e-09 
x= 7  y= 3  S=  : pval = 0.04364054 
x= 7  y= 4  S=  : pval = 0.008315272 
x= 7  y= 8  S=  : pval = 0.5789849 
x= 8  y= 2  S=  : pval = 0.01154288 
x= 8  y= 5  S=  : pval = 1.216265e-14 
Order=1; remaining edges:28
x= 1  y= 4  S= 6 : pval = 0.0003518313 
x= 1  y= 4  S= 7 : pval = 0.02497089 
x= 1  y= 6  S= 4 : pval = 5.031783e-07 
x= 1  y= 6  S= 7 : pval = 3.378713e-05 
x= 1  y= 7  S= 4 : pval = 3.036196e-05 
x= 1  y= 7  S= 6 : pval = 2.872497e-05 
x= 2  y= 4  S= 5 : pval = 1.546566e-07 
x= 2  y= 4  S= 7 : pval = 1.017982e-07 
x= 2  y= 4  S= 8 : pval = 5.23785e-15 
x= 2  y= 5  S= 4 : pval = 0.3179628 
x= 2  y= 7  S= 4 : pval = 8.325699e-07 
x= 2  y= 7  S= 5 : pval = 5.635975e-08 
x= 2  y= 7  S= 8 : pval = 7.016788e-09 
x= 2  y= 8  S= 4 : pval = 6.797777e-08 
x= 2  y= 8  S= 5 : pval = 4.63249e-08 
x= 2  y= 8  S= 7 : pval = 0.01113453 
x= 3  y= 6  S= 7 : pval = 0.000214329 
x= 3  y= 7  S= 6 : pval = 0.08813678 
x= 4  y= 1  S= 2 : pval = 0.2565505 
x= 4  y= 2  S= 1 : pval = 6.80363e-09 
x= 4  y= 2  S= 5 : pval = 1.546566e-07 
x= 4  y= 2  S= 6 : pval = 4.099966e-12 
x= 4  y= 2  S= 7 : pval = 1.017982e-07 
x= 4  y= 5  S= 1 : pval = 9.831949e-15 
x= 4  y= 5  S= 2 : pval = 5.755977e-13 
x= 4  y= 5  S= 6 : pval = 3.299397e-14 
x= 4  y= 5  S= 7 : pval = 1.303817e-14 
x= 4  y= 6  S= 1 : pval = 2.96001e-07 
x= 4  y= 6  S= 2 : pval = 1.300682e-07 
x= 4  y= 6  S= 5 : pval = 0.0002812385 
x= 4  y= 6  S= 7 : pval = 2.301755e-05 
x= 4  y= 7  S= 1 : pval = 0.006416364 
x= 4  y= 7  S= 2 : pval = 0.9863415 
x= 5  y= 4  S= 2 : pval = 5.755977e-13 
x= 5  y= 4  S= 6 : pval = 3.299397e-14 
x= 5  y= 4  S= 8 : pval = 2.463054e-16 
x= 5  y= 6  S= 2 : pval = 0.01892194 
x= 5  y= 6  S= 4 : pval = 0.3750191 
x= 5  y= 8  S= 2 : pval = 1.344505e-19 
x= 5  y= 8  S= 4 : pval = 2.492786e-15 
x= 5  y= 8  S= 6 : pval = 9.756942e-14 
x= 6  y= 1  S= 3 : pval = 1.897217e-06 
x= 6  y= 1  S= 4 : pval = 5.031783e-07 
x= 6  y= 1  S= 5 : pval = 4.995508e-06 
x= 6  y= 3  S= 1 : pval = 3.522928e-06 
x= 6  y= 3  S= 4 : pval = 5.725211e-05 
x= 6  y= 3  S= 5 : pval = 7.458949e-05 
x= 6  y= 4  S= 1 : pval = 2.96001e-07 
x= 6  y= 4  S= 3 : pval = 1.813744e-05 
x= 6  y= 4  S= 5 : pval = 0.0002812385 
x= 7  y= 1  S= 2 : pval = 0.0002856113 
x= 7  y= 1  S= 3 : pval = 3.57896e-05 
x= 7  y= 1  S= 4 : pval = 3.036196e-05 
x= 7  y= 2  S= 1 : pval = 5.09481e-08 
x= 7  y= 2  S= 3 : pval = 4.8284e-09 
x= 7  y= 2  S= 4 : pval = 8.325699e-07 
x= 8  y= 2  S= 5 : pval = 4.63249e-08 
x= 8  y= 5  S= 2 : pval = 1.344505e-19 
Order=2; remaining edges:18
x= 2  y= 4  S= 7 8 : pval = 1.444208e-13 
x= 2  y= 7  S= 4 8 : pval = 1.134164e-07 
x= 2  y= 8  S= 4 7 : pval = 1.042097e-08 
x= 4  y= 2  S= 5 6 : pval = 3.421555e-09 
x= 4  y= 5  S= 2 6 : pval = 3.314741e-11 
x= 4  y= 6  S= 2 5 : pval = 4.247905e-06 
x= 6  y= 1  S= 3 4 : pval = 7.290269e-07 
x= 6  y= 3  S= 1 4 : pval = 6.116053e-05 
x= 6  y= 4  S= 1 3 : pval = 6.096513e-06 

Expand search space using BiDAG::iterativeMCMC:maximum parent set size is 3 
core space defined, score table are being computed 
score tables completed, iterative MCMC is running 
search space expansion 2 
search space expansion 3 
search space expansion 4 
search space expansion 5 

Sample DAGs using BiDAG::sampleBN:
maximum parent set size is 4 
core space defined, score table are being computed 
score tables computed, orderMCMC is running 

Save results to:  ./inst/simulations/results/n8_k2_csi75_pcskel_ptree_order_ess1_epf2_N300_r02.rds
Runtime
Time difference of 12.74278 secs
Type: EXEC 

Init search space:Order=0; remaining edges:56
x= 1  y= 2  S=  : pval = 0.01782203 
x= 1  y= 3  S=  : pval = 0.5503424 
x= 1  y= 4  S=  : pval = 0.253899 
x= 1  y= 5  S=  : pval = 0.8183722 
x= 1  y= 6  S=  : pval = 2.779045e-07 
x= 1  y= 7  S=  : pval = 0.0009637401 
x= 1  y= 8  S=  : pval = 0.1082658 
x= 2  y= 1  S=  : pval = 0.01782203 
x= 2  y= 3  S=  : pval = 0.5040478 
x= 2  y= 4  S=  : pval = 3.344834e-27 
x= 2  y= 5  S=  : pval = 1.612473e-15 
x= 2  y= 6  S=  : pval = 0.001441371 
x= 2  y= 7  S=  : pval = 7.963733e-11 
x= 2  y= 8  S=  : pval = 1.924782e-14 
x= 3  y= 4  S=  : pval = 0.6094046 
x= 3  y= 5  S=  : pval = 0.1584668 
x= 3  y= 6  S=  : pval = 0.00017049 
x= 3  y= 7  S=  : pval = 0.02740445 
x= 3  y= 8  S=  : pval = 0.5531443 
x= 4  y= 2  S=  : pval = 3.344834e-27 
x= 4  y= 5  S=  : pval = 2.459053e-73 
x= 4  y= 6  S=  : pval = 9.013578e-29 
x= 4  y= 7  S=  : pval = 6.171128e-05 
x= 4  y= 8  S=  : pval = 2.851166e-15 
x= 5  y= 2  S=  : pval = 1.612473e-15 
x= 5  y= 4  S=  : pval = 2.459053e-73 
x= 5  y= 6  S=  : pval = 3.676286e-18 
x= 5  y= 7  S=  : pval = 7.411293e-05 
x= 5  y= 8  S=  : pval = 2.459965e-35 
x= 6  y= 1  S=  : pval = 2.779045e-07 
x= 6  y= 2  S=  : pval = 0.001441371 
x= 6  y= 3  S=  : pval = 0.00017049 
x= 6  y= 4  S=  : pval = 9.013578e-29 
x= 6  y= 5  S=  : pval = 3.676286e-18 
x= 6  y= 7  S=  : pval = 0.3581968 
x= 6  y= 8  S=  : pval = 7.534955e-15 
x= 7  y= 1  S=  : pval = 0.0009637401 
x= 7  y= 2  S=  : pval = 7.963733e-11 
x= 7  y= 3  S=  : pval = 0.02740445 
x= 7  y= 4  S=  : pval = 6.171128e-05 
x= 7  y= 5  S=  : pval = 7.411293e-05 
x= 7  y= 8  S=  : pval = 0.004377319 
x= 8  y= 2  S=  : pval = 1.924782e-14 
x= 8  y= 4  S=  : pval = 2.851166e-15 
x= 8  y= 5  S=  : pval = 2.459965e-35 
x= 8  y= 6  S=  : pval = 7.534955e-15 
x= 8  y= 7  S=  : pval = 0.004377319 
Order=1; remaining edges:38
x= 1  y= 2  S= 6 : pval = 0.003949861 
x= 1  y= 2  S= 7 : pval = 0.2056963 
x= 1  y= 6  S= 2 : pval = 1.21175e-07 
x= 1  y= 6  S= 7 : pval = 2.440983e-06 
x= 1  y= 7  S= 2 : pval = 0.01466111 
x= 1  y= 7  S= 6 : pval = 0.005671182 
x= 2  y= 4  S= 1 : pval = 2.503519e-27 
x= 2  y= 4  S= 5 : pval = 2.510602e-12 
x= 2  y= 4  S= 6 : pval = 1.233043e-29 
x= 2  y= 4  S= 7 : pval = 2.658431e-23 
x= 2  y= 4  S= 8 : pval = 9.258464e-32 
x= 2  y= 5  S= 1 : pval = 4.465997e-15 
x= 2  y= 5  S= 4 : pval = 0.8987963 
x= 2  y= 6  S= 1 : pval = 0.0004083669 
x= 2  y= 6  S= 4 : pval = 1.686045e-06 
x= 2  y= 6  S= 5 : pval = 0.1250932 
x= 2  y= 7  S= 1 : pval = 2.259953e-09 
x= 2  y= 7  S= 4 : pval = 3.862963e-07 
x= 2  y= 7  S= 5 : pval = 1.551944e-07 
x= 2  y= 7  S= 6 : pval = 1.741183e-10 
x= 2  y= 7  S= 8 : pval = 3.697796e-09 
x= 2  y= 8  S= 1 : pval = 5.142811e-14 
x= 2  y= 8  S= 4 : pval = 3.805976e-19 
x= 2  y= 8  S= 5 : pval = 2.661991e-24 
x= 2  y= 8  S= 6 : pval = 2.990139e-12 
x= 2  y= 8  S= 7 : pval = 1.046104e-12 
x= 3  y= 6  S= 7 : pval = 0.0005093998 
x= 3  y= 7  S= 6 : pval = 0.05237959 
x= 4  y= 2  S= 5 : pval = 2.510602e-12 
x= 4  y= 2  S= 6 : pval = 1.233043e-29 
x= 4  y= 2  S= 7 : pval = 2.658431e-23 
x= 4  y= 2  S= 8 : pval = 9.258464e-32 
x= 4  y= 5  S= 2 : pval = 3.078444e-58 
x= 4  y= 5  S= 6 : pval = 3.986972e-56 
x= 4  y= 5  S= 7 : pval = 3.119603e-69 
x= 4  y= 5  S= 8 : pval = 1.917647e-59 
x= 4  y= 6  S= 2 : pval = 3.421687e-31 
x= 4  y= 6  S= 5 : pval = 9.023019e-12 
x= 4  y= 6  S= 7 : pval = 2.514336e-29 
x= 4  y= 6  S= 8 : pval = 9.612472e-28 
x= 4  y= 7  S= 2 : pval = 0.1905172 
x= 4  y= 8  S= 2 : pval = 5.810223e-20 
x= 4  y= 8  S= score tables completed, iterative MCMC is running 
search space expansion 2 
search space expansion 3 
search space expansion 4 

Sample DAGs using BiDAG::sampleBN:
maximum parent set size is 4 
core space defined, score table are being computed 
score tables computed, orderMCMC is running 
Error in unserialize(node$con) : error reading from connection
Calls: local ... doTryCatch -> recvData -> recvData.SOCKnode -> unserialize
Execution halted
096e-35 
x= 6  y= 1  S= 2 : pval = 1.21175e-07 
x= 6  y= 1  S= 3 : pval = 7.13344e-07 
x= 6  y= 1  S= 4 : pval = 3.566891e-12 
x= 6  y= 1  S= 5 : pval = 2.119337e-10 
x= 6  y= 1  S= 8 : pval = 1.317001e-12 
x= 6  y= 3  S= 1 : pval = 0.0003287606 
x= 6  y= 3  S= 2 : pval = 5.953061e-07 
x= 6  y= 3  S= 4 : pval = 3.566596e-05 
x= 6  y= 3  S= 5 : pval = 0.001635006 
x= 6  y= 3  S= 8 : pval = 0.0005871838 
x= 6  y= 4  S= 1 : pval = 2.439486e-33 
x= 6  y= 4  S= 2 : pval = 3.421687e-31 
x= 6  y= 4  S= 3 : pval = 5.292754e-29 
x= 6  y= 4  S= 5 : pval = 9.023019e-12 
x= 6  y= 4  S= 8 : pval = 9.612472e-28 
x= 6  y= 8  S= 1 : pval = 5.302522e-20 
x= 6  y= 8  S= 2 : pval = 1.188267e-12 
x= 6  y= 8  S= 3 : pval = 5.129672e-14 
x= 6  y= 8  S= 4 : pval = 5.658781e-14 
x= 6  y= 8  S= 5 : pval = 7.39661e-08 
x= 7  y= 1  S= 2 : pval = 0.01466111 
x= 7  y= 1  S= 3 : pval = 0.0004540783 
x= 7  y= 1  S= 4 : pval = 0.006117518 
x= 7  y= 1  S= 5 : pval = 0.001451448 
x= 7  y= 1  S= 8 : pval = 9.274986e-09 
x= 7  y= 2  S= 1 : pval = 2.259953e-09 
x= 7  y= 2  S= 3 : pval = 9.304776e-11 
x= 7  y= 2  S= 4 : pval = 3.862963e-07 
x= 7  y= 2  S= 5 : pval = 1.551944e-07 
x= 7  y= 2  S= 8 : pval = 3.697796e-09 
x= 7  y= 8  S= 1 : pval = 3.715771e-08 
x= 7  y= 8  S= 2 : pval = 0.09610498 
x= 8  y= 2  S= 4 : pval = 3.805976e-19 
x= 8  y= 2  S= 5 : pval = 2.661991e-24 
x= 8  y= 2  S= 6 : pval = 2.990139e-12 
x= 8  y= 2  S= 7 : pval = 1.046104e-12 
x= 8  y= 5  S= 2 : pval = 5.457935e-45 
x= 8  y= 5  S= 4 : pval = 1.318149e-21 
x= 8  y= 5  S= 6 : pval = 3.8162score tables completed, iterative MCMC is running 
search space expansion 2 
search space expansion 3 

Sample DAGs using BiDAG::sampleBN:
maximum parent set size is 4 
core space defined, score table are being computed 
score tables computed, orderMCMC is running 
Error in unserialize(node$con) : error reading from connection
Calls: local ... doTryCatch -> recvData -> recvData.SOCKnode -> unserialize
Execution halted
: pval = 1.651886e-42 
x= 4  y= 6  S= 2 5 : pval = 7.131962e-16 
x= 6  y= 1  S= 3 4 : pval = 1.749962e-11 
x= 6  y= 1  S= 3 8 : pval = 1.762639e-12 
x= 6  y= 1  S= 4 8 : pval = 1.296411e-14 
x= 6  y= 3  S= 1 4 : pval = 7.819855e-05 
x= 6  y= 3  S= 1 8 : pval = 0.0002892447 
x= 6  y= 3  S= 4 8 : pval = 0.001572192 
x= 6  y= 4  S= 1 3 : pval = 3.568778e-33 
x= 6  y= 4  S= 1 8 : pval = 1.847882e-29 
x= 6  y= 4  S= 3 8 : pval = 1.70603e-26 
x= 6  y= 8  S= 1 3 : pval = 1.929049e-19 
x= 6  y= 8  S= 1 4 : pval = 2.289728e-16 
x= 6  y= 8  S= 3 4 : pval = 7.68857e-12 
x= 8  y= 2  S= 5 6 : pval = 2.924201e-23 
x= 8  y= 5  S= 2 6 : pval = 6.131275e-39 
x= 8  y= 6  S= 2 5 : pval = 2.721076e-07 
Order=3; remaining edges:20
x= 6  y= 1  S= 3 4 8 : pval = 3.630297e-13 
x= 6  y= 3  S= 1 4 8 : pval = 0.004964694 
x= 6  y= 4  S= 1 3 8 : pval = 1.084441e-26 
x= 6  y= 8  S= 1 3 4 : pval = 1.653747e-13 

Expand search space using BiDAG::iterativeMCMC:maximum parent set size is 4 
core space defined, score table are being computed 
score tables completed, iterative MCMC is running 
search space expansion 2 
search space expansion 3 

Sample DAGs using BiDAG::sampleBN:
maximum parent set size is 4 
core space defined, score table are being computed 
score tables computed, orderMCMC is running 

Save results to:  ./inst/simulations/results/n8_k2_csi75_pcskel_none_order_ess1_epf2_N1000_r02.rds
Runtime
Time difference of 7.218613 secs
Error in unserialize(node$con) : error reading from connection
Calls: local ... doTryCatch -> recvData -> recvData.SOCKnode -> unserialize
Execution halted
y= 5  S=  : pval = 0.8793053 
x= 4  y= 6  S=  : pval = 2.672008e-11 
x= 4  y= 7  S=  : pval = 0.08086029 
x= 4  y= 8  S=  : pval = 0.6371403 
x= 5  y= 1  S=  : pval = 2.893277e-74 
x= 5  y= 2  S=  : pval = 8.051586e-107 
x= 5  y= 3  S=  : pval = 2.815344e-29 
x= 5  y= 6  S=  : pval = 0.2106002 
x= 5  y= 7  S=  : pval = 0.0001371288 
x= 5  y= 8  S=  : pval = 1.863573e-15 
x= 6  y= 4  S=  : pval = 2.672008e-11 
x= 6  y= 7  S=  : pval = 8.577729e-21 
x= 6  y= 8  S=  : pval = 0.9743135 
x= 7  y= 2  S=  : pval = 0.002635087 
x= 7  y= 5  S=  : pval = 0.0001371288 
x= 7  y= 6  S=  : pval = 8.577729e-21 
x= 7  y= 8  S=  : pval = 0.645511 
x= 8  y= 1  S=  : pval = 1.483015e-07 
x= 8  y= 2  S=  : pval = 1.685229e-35 
x= 8  y= 3  S=  : pval = 0.000307876 
x= 8  y= 5  S=  : pval = 1.863573e-15 
Order=1; remaining edges:28
x= 1  y= 2  S= 3 : pval = 4.450368e-24 
x= 1  y= 2  S= 5 : pval = 0.776865 
x= 1  y= 3  S= 2 : pval = 0.000296173 
x= 1  y= 3  S= 5 : pval = 0.9686915 
x= 1  y= 5  S= 2 : pval = 2.565584e-45 
x= 1  y= 5  S= 3 : pval = 4.807028e-65 
x= 1  y= 5  S= 8 : pval = 2.200072e-67 
x= 1  y= 8  S= 2 : pval = 0.5738045 
x= 2  y= 3  S= 1 : pval = 1.958454e-11 
x= 2  y= 3  S= 5 : pval = 0.2737811 
x= 2  y= 5  S= 1 : pval = 8.589164e-78 
x= 2  y= 5  S= 3 : pval = 6.878465e-91 
x= 2  y= 5  S= 7 : pval = 1.356647e-103 
x= 2  y= 5  S= 8 : pval = 1.120919e-91 
x= 2  y= 7  S= 1 : pval = 0.009825328 
x= 2  y= 7  S= 3 : pval = 0.004064003 
x= 2  y= 7  S= 5 : pval = 0.6640097 
x= 2  y= 8  S= 1 : pval = 1.501889e-28 
x= 2  y= 8  S= 3 : pval = 9.164857e-32 
x= 2  y= 8  S= 5 : pval = 1.334656e-20 
x= 2  y= 8  S= 7 : pval = 4.298869e-35 
x= 3  y= 5  S= 1 : pval = 2.895728e-20 
x= 3  y= 5  S= 2 : pval = 1.237679e-13 
x= 3  y= 5  S= 8 : pval = 1.447797e-25 
x= 3  y= 8  S= 1 : pval = 0.001630513 
x= 3  y= 8  S= 2 : pval = 0.5156227 
x= 5  y= 1  S= 2 : pval = 2.565584e-45 
x= 5  y= 1  S= 3 : pval = 4.807028e-65 
x= 5  y= 1  S= 7 : pval = 1.033985e-73 
x= 5  y= 1  S= 8 : pval = 2.200072e-67 
x= 5  y= 2  S= 1 : pval = 8.589164e-78 
x= 5  y= 2  S= 3 : pval = 6.878465e-91 
x= 5  y= 2  S= 7 : pval = 1.356647e-103 
x= 5  y= 2  S= 8 : pval = 1.120919e-91 
x= 5  y= 3  S= 1 : pval = 2.895728e-20 
x= 5  y= 3  S= 2 : pval = 1.237679e-13 
x= 5  y= 3  S= 7 : pval = 4.413148e-29 
x= 5  y= 3  S= 8 : pval = 1.447797e-25 
x= 5  y= 7  S= 1 : pval = 0.0001084833 
x= 5  y= 7  S= 2 : pval = 0.04251586 
x= 5  y= 7  S= 3 : pval = 7.686281e-05 
x= 5  y= 7  S= 8 : pval = 0.0001890499 
x= 5  y= 8  S= 1 : pval = 6.255491e-09 
x= 5  y= 8  S= 2 : pval = 0.9519939 
x= 6  y= 4  S= 7 : pval = 1.065694e-12 
x= 6  y= 7  S= 4 : pval = 4.752516e-22 
x= 7  y= 5  S= 2 : pval = 0.04251586 
x= 7  y= 5  S= 6 : pval = 0.000720826 
x= 7  y= 6  S= 2 : pval = 1.295786e-20 
x= 7  y= 6  S= 5 : pval = 1.05339e-19 
x= 8  y= 2  S= 1 : pval = 1.501889e-28 
x= 8  y= 2  S= 3 : pval = 9.164857e-32 
x= 8  y= 2  S= 5 : pval = 1.334656e-20 
Order=2; remaining edges:14
x= 5  y= 1  S= 2 3 : pval = 3.155094e-40 
x= 5  y= 1  S= 2 7 : pval = 1.627496e-44 
x= 5  y= 1  S= 3 7 : pval = 3.090678e-63 
x= 5  y= 2  S= 1 3 : pval = 7.298066e-66 
x= 5  y= 2  S= 1 7 : pval = 3.515022e-74 
x= 5  y= 2  S= 3 7 : pval = 6.661155e-88 
x= 5  y= 3  S= 1 2 : pval = 3.716764e-09 
x= 5  y= 3  S= 1 7 : pval = 4.150624e-19 
x= 5  y= 3  S= 2 7 : pval = 3.714268e-14 
x= 5  y= 7  S= 1 2 : pval = 0.01767341 
x= 5  y= 7  S= 1 3 : pval = 0.0003730947 
x= 5  y= 7  S= 2 3 : pval = 0.003210426 
Order=3; remaining edges:14
x= 5  y= 1  S= 2 3 7 : pval = 2.830242e-37 
x= 5  y= 2  S= 1 3 7 : pval = 1.769568e-61 
x= 5  y= 3  S= 1 2 7 : pval = 3.776011e-08 
x= 5  y= 7  S= 1 2 3 : pval = 0.03016176 

Expand search space using BiDAG::iterativeMCMC:maximum parent set size is 4 
core space defined, score table are being computed 
score tables completed, iterative MCMC is running 
search space expansion 2 
search space expansion 3 
search space expansion 4 

Sample DAGs using BiDAG::sampleBN:
maximum parent set size is 4 
core space defined, score table are being computed 
score tables computed, orderMCMC is running 
Error in unserialize(node$con) : error reading from connection
Calls: local ... doTryCatch -> recvData -> recvData.SOCKnode -> unserialize
Execution halted
