starting worker for localhost:11842 
Type: EXEC 
Type: EXEC 
Type: EXEC 
Type: EXEC 
Type: EXEC 
Type: EXEC 
Type: EXEC 
Type: EXEC 
Type: EXEC 
Type: EXEC 
Type: EXEC 
Type: EXEC 
Error in unserialize(node$con) : error reading from connection
Calls: local ... doTryCatch -> recvData -> recvData.SOCKnode -> unserialize
Execution halted
ialize
ExError in unserialize(node$con) : error reading from connection
Calls: local ... doTryCatch -> recvData -> recvData.SOCKnode -> unserialize
Execution halted
